#
# There is insufficient memory for the Java Runtime Environment to continue.
# Native memory allocation (mmap) failed to map 65536 bytes for Failed to commit metaspace.
# Possible reasons:
#   The system is out of physical RAM or swap space
#   The process is running with CompressedOops enabled, and the Java Heap may be blocking the growth of the native heap
# Possible solutions:
#   Reduce memory load on the system
#   Increase physical memory or swap space
#   Check if swap backing store is full
#   Decrease Java heap size (-Xmx/-Xms)
#   Decrease number of Java threads
#   Decrease Java thread stack sizes (-Xss)
#   Set larger code cache with -XX:ReservedCodeCacheSize=
#   JVM is running with Unscaled Compressed Oops mode in which the Java heap is
#     placed in the first 4GB address space. The Java Heap base address is the
#     maximum limit for the native heap growth. Please use -XX:HeapBaseMinAddress
#     to set the Java Heap base and to place the Java Heap above 4GB virtual address.
# This output file may be truncated or incomplete.
#
#  Out of Memory Error (virtualSpaceNode.cpp:110), pid=15124, tid=12500
#
# JRE version: OpenJDK Runtime Environment (20.0+36) (build 20+36-2344)
# Java VM: OpenJDK 64-Bit Server VM (20+36-2344, mixed mode, emulated-client, sharing, tiered, compressed oops, compressed class ptrs, g1 gc, windows-amd64)
# No core dump will be written. Minidumps are not enabled by default on client versions of Windows
#

---------------  S U M M A R Y ------------

Command Line: -XX:TieredStopAtLevel=1 -Dspring.output.ansi.enabled=always -Dcom.sun.management.jmxremote -Dspring.jmx.enabled=true -Dspring.liveBeansView.mbeanDomain -Dspring.application.admin.enabled=true -Dmanagement.endpoints.jmx.exposure.include=* -javaagent:D:\IntelliJ IDEA 2023.1\lib\idea_rt.jar=55665:D:\IntelliJ IDEA 2023.1\bin -Dfile.encoding=UTF-8 -Dsun.stdout.encoding=UTF-8 -Dsun.stderr.encoding=UTF-8 com.Sk09Team.ConfigServer.ConfigServerApplication

Host: AMD Ryzen 5 3500U with Radeon Vega Mobile Gfx  , 8 cores, 5G,  Windows 10 , 64 bit Build 19041 (10.0.19041.2788)
Time: Wed May 17 04:57:47 2023 Morocco Daylight Time elapsed time: 2.710416 seconds (0d 0h 0m 2s)

---------------  T H R E A D  ---------------

Current thread (0x00000204b519b2a0):  JavaThread "background-preinit" [_thread_in_vm, id=12500, stack(0x0000005bcbc00000,0x0000005bcbd00000)]

Stack: [0x0000005bcbc00000,0x0000005bcbd00000]
Native frames: (J=compiled Java code, j=interpreted, Vv=VM code, C=native code)
V  [jvm.dll+0x6bb95a]
V  [jvm.dll+0x8483aa]
V  [jvm.dll+0x849fa5]
V  [jvm.dll+0x84a6a3]
V  [jvm.dll+0x280b0f]
V  [jvm.dll+0x8442eb]
V  [jvm.dll+0x65fd86]
V  [jvm.dll+0x1eb4e7]
V  [jvm.dll+0x6627a2]
V  [jvm.dll+0x66258e]
V  [jvm.dll+0x66079e]
V  [jvm.dll+0x66ae17]
V  [jvm.dll+0x21b442]
V  [jvm.dll+0x21b975]
V  [jvm.dll+0x21c361]
V  [jvm.dll+0x211780]
V  [jvm.dll+0x59c26c]
V  [jvm.dll+0x7c3483]
V  [jvm.dll+0x7c3564]
V  [jvm.dll+0x46c524]
V  [jvm.dll+0x471a88]
C  [java.dll+0x17ec]

Java frames: (J=compiled Java code, j=interpreted, Vv=VM code)
J 1458  java.lang.ClassLoader.defineClass1(Ljava/lang/ClassLoader;Ljava/lang/String;[BIILjava/security/ProtectionDomain;Ljava/lang/String;)Ljava/lang/Class; java.base@20 (0 bytes) @ 0x00000204a7d7f071 [0x00000204a7d7efa0+0x00000000000000d1]
J 1543 c1 java.lang.ClassLoader.defineClass(Ljava/lang/String;[BIILjava/security/ProtectionDomain;)Ljava/lang/Class; java.base@20 (43 bytes) @ 0x00000204a7da624c [0x00000204a7da6140+0x000000000000010c]
J 1471 c1 jdk.internal.loader.BuiltinClassLoader.defineClass(Ljava/lang/String;Ljdk/internal/loader/Resource;)Ljava/lang/Class; java.base@20 (121 bytes) @ 0x00000204a7d857e4 [0x00000204a7d85300+0x00000000000004e4]
J 1457 c1 jdk.internal.loader.BuiltinClassLoader.findClassOnClassPathOrNull(Ljava/lang/String;)Ljava/lang/Class; java.base@20 (64 bytes) @ 0x00000204a7d7f96c [0x00000204a7d7f6c0+0x00000000000002ac]
J 1157 c1 jdk.internal.loader.BuiltinClassLoader.loadClassOrNull(Ljava/lang/String;Z)Ljava/lang/Class; java.base@20 (143 bytes) @ 0x00000204a7d02604 [0x00000204a7d02240+0x00000000000003c4]
J 1358 c1 jdk.internal.loader.ClassLoaders$AppClassLoader.loadClass(Ljava/lang/String;Z)Ljava/lang/Class; java.base@20 (40 bytes) @ 0x00000204a7d5076c [0x00000204a7d50720+0x000000000000004c]
J 1355 c1 java.lang.ClassLoader.loadClass(Ljava/lang/String;)Ljava/lang/Class; java.base@20 (7 bytes) @ 0x00000204a7d4fcf4 [0x00000204a7d4fca0+0x0000000000000054]
v  ~StubRoutines::call_stub 0x00000204a791100d
j  org.springframework.http.converter.support.AllEncompassingFormHttpMessageConverter.<init>()V+11
j  org.springframework.boot.autoconfigure.BackgroundPreinitializer$MessageConverterInitializer.run()V+4
j  org.springframework.boot.autoconfigure.BackgroundPreinitializer$1.runSafely(Ljava/lang/Runnable;)V+1
j  org.springframework.boot.autoconfigure.BackgroundPreinitializer$1.run()V+33
j  java.lang.Thread.runWith(Ljava/lang/Object;Ljava/lang/Runnable;)V+5 java.base@20
j  java.lang.Thread.run()V+19 java.base@20
v  ~StubRoutines::call_stub 0x00000204a791100d

Compiled method (n/a)    2742 1458     n 0       java.lang.ClassLoader::defineClass1 (native)
 total in heap  [0x00000204a7d7ee10,0x00000204a7d7f440] = 1584
 relocation     [0x00000204a7d7ef58,0x00000204a7d7ef90] = 56
 main code      [0x00000204a7d7efa0,0x00000204a7d7f43e] = 1182
 stub code      [0x00000204a7d7f43e,0x00000204a7d7f440] = 2

[Constant Pool (empty)]

[MachCode]
[Entry Point]
  # {method} {0x00000008004349e0} 'defineClass1' '(Ljava/lang/ClassLoader;Ljava/lang/String;[BIILjava/security/ProtectionDomain;Ljava/lang/String;)Ljava/lang/Class;' in 'java/lang/ClassLoader'
  # parm0:    rdx:rdx   = 'java/lang/ClassLoader'
  # parm1:    r8:r8     = 'java/lang/String'
  # parm2:    r9:r9     = '[B'
  # parm3:    rdi       = int
  # parm4:    rsi       = int
  # parm5:    rcx:rcx   = 'java/security/ProtectionDomain'
  # parm6:    [sp+0xa0]   = 'java/lang/String'  (sp of caller)
  0x00000204a7d7efa0: 448b 5208 | 49bb 0000 | 0000 0800 | 0000 4d03 | d349 3bc2 | 0f84 0600 

  0x00000204a7d7efb8: ;   {runtime_call ic_miss_stub}
  0x00000204a7d7efb8: 0000 e941 | 4ebf ff90 
[Verified Entry Point]
  0x00000204a7d7efc0: 8984 2400 | 80ff ff55 | 488b ec48 | 81ec 9000 | 0000 6690 | 4181 7f20 | 0100 0000 

  0x00000204a7d7efdc: ;   {runtime_call StubRoutines (2)}
  0x00000204a7d7efdc: 7405 e8fd | 96bd ff48 | 837d 1000 | 488d 4510 | 480f 4445 | 1048 8944 | 2440 4889 | 4c24 7048 
  0x00000204a7d7effc: 83f9 0048 | 8d44 2470 | 480f 4444 | 2470 4889 | 4424 3848 | 8974 2430 | 4889 7c24 | 284c 894c 
  0x00000204a7d7f01c: 2458 4983 | f900 488d | 4424 5848 | 0f44 4424 | 5848 8944 | 2420 4c89 | 4424 5049 | 83f8 004c 
  0x00000204a7d7f03c: 8d4c 2450 | 4c0f 444c | 2450 4889 | 5424 4848 | 83fa 004c | 8d44 2448 | 4c0f 4444 

  0x00000204a7d7f058: ;   {oop(a 'java/lang/Class'{0x00000000a0c00298} = 'java/lang/ClassLoader')}
  0x00000204a7d7f058: 2448 49be | 9802 c0a0 | 0000 0000 | 4c89 7424 | 784c 8d74 | 2478 498b | d6c5 f877 

  0x00000204a7d7f074: ;   {internal_word}
  0x00000204a7d7f074: 49ba 71f0 | d7a7 0402 | 0000 4d89 | 97c8 0200 | 0049 89a7 | c002 0000 

  0x00000204a7d7f08c: ;   {external_word}
  0x00000204a7d7f08c: 49ba f109 | e665 f97f | 0000 4180 | 3a00 0f84 | 4e00 0000 | 5241 5041 

  0x00000204a7d7f0a4: ;   {metadata({method} {0x00000008004349e0} 'defineClass1' '(Ljava/lang/ClassLoader;Ljava/lang/String;[BIILjava/security/ProtectionDomain;Ljava/lang/String;)Ljava/lang/Class;' in 'java/lang/ClassLoader')}
  0x00000204a7d7f0a4: 5148 bad8 | 4943 0008 | 0000 0049 | 8bcf 4883 | ec20 40f6 | c40f 0f84 | 1900 0000 | 4883 ec08 
  0x00000204a7d7f0c4: ;   {runtime_call}
  0x00000204a7d7f0c4: 48b8 a006 | 9d65 f97f | 0000 ffd0 | 4883 c408 | e90c 0000 

  0x00000204a7d7f0d8: ;   {runtime_call}
  0x00000204a7d7f0d8: 0048 b8a0 | 069d 65f9 | 7f00 00ff | d048 83c4 | 2041 5941 | 585a 498d | 8fe0 0200 | 0041 c787 
  0x00000204a7d7f0f8: 7403 0000 | 0400 0000 

  0x00000204a7d7f100: ;   {runtime_call}
  0x00000204a7d7f100: 48b8 ac16 | f495 f97f | 0000 ffd0 | c5f8 7741 | c787 7403 | 0000 0500 | 0000 f083 | 4424 c000 
  0x00000204a7d7f120: 493b af78 | 0300 000f | 870e 0000 | 0041 83bf | 7003 0000 | 000f 842b | 0000 00c5 | f877 4889 
  0x00000204a7d7f140: 45f8 498b | cf4c 8be4 | 4883 ec20 | 4883 e4f0 

  0x00000204a7d7f150: ;   {runtime_call}
  0x00000204a7d7f150: 48b8 60fc | 6965 f97f | 0000 ffd0 | 498b e44d | 33e4 488b | 45f8 41c7 | 8774 0300 | 0008 0000 
  0x00000204a7d7f170: 0041 83bf | f003 0000 | 020f 8492 

  0x00000204a7d7f17c: ;   {external_word}
  0x00000204a7d7f17c: 0200 0049 | baf1 09e6 | 65f9 7f00 | 0041 803a | 000f 844c | 0000 0048 

  0x00000204a7d7f194: ;   {metadata({method} {0x00000008004349e0} 'defineClass1' '(Ljava/lang/ClassLoader;Ljava/lang/String;[BIILjava/security/ProtectionDomain;Ljava/lang/String;)Ljava/lang/Class;' in 'java/lang/ClassLoader')}
  0x00000204a7d7f194: 8945 f848 | bad8 4943 | 0008 0000 | 0049 8bcf | 4883 ec20 | 40f6 c40f | 0f84 1900 | 0000 4883 
  0x00000204a7d7f1b4: ;   {runtime_call}
  0x00000204a7d7f1b4: ec08 48b8 | a006 9d65 | f97f 0000 | ffd0 4883 | c408 e90c 

  0x00000204a7d7f1c8: ;   {runtime_call}
  0x00000204a7d7f1c8: 0000 0048 | b8a0 069d | 65f9 7f00 | 00ff d048 | 83c4 2048 | 8b45 f849 | c787 c002 | 0000 0000 
  0x00000204a7d7f1e8: 0000 49c7 | 87c8 0200 | 0000 0000 | 00c5 f877 | 4885 c00f | 84ed 0100 | 00a8 010f | 84e2 0100 
  0x00000204a7d7f208: 0048 8b40 | ff41 807f | 4000 0f84 | ce01 0000 | 4883 f800 | 0f84 c401 | 0000 498b | 4f28 4883 
  0x00000204a7d7f228: f900 0f84 | 1400 0000 | 4883 e908 | 4989 4f28 | 4903 4f38 | 4889 01e9 | a201 0000 | 4881 ecd0 
  0x00000204a7d7f248: 0000 0048 | 8904 2448 | 894c 2408 | 4889 5424 | 1048 8974 | 2418 4889 | 7c24 204c | 8944 2428 
  0x00000204a7d7f268: 4c89 4c24 | 304c 8954 | 2438 4c89 | 5c24 40c5 | fb11 4424 | 50c5 fb11 | 4c24 58c5 | fb11 5424 
  0x00000204a7d7f288: 60c5 fb11 | 5c24 68c5 | fb11 6424 | 70c5 fb11 | 6c24 78c5 | fb11 b424 | 8000 0000 | c5fb 11bc 
  0x00000204a7d7f2a8: 2488 0000 | 00c5 7b11 | 8424 9000 | 0000 c57b | 118c 2498 | 0000 00c5 | 7b11 9424 | a000 0000 
  0x00000204a7d7f2c8: c57b 119c | 24a8 0000 | 00c5 7b11 | a424 b000 | 0000 c57b | 11ac 24b8 | 0000 00c5 | 7b11 b424 
  0x00000204a7d7f2e8: c000 0000 | c57b 11bc | 24c8 0000 | 0049 8bd7 | 488b c848 | 83ec 2040 | f6c4 0f0f | 8419 0000 
  0x00000204a7d7f308: 0048 83ec 

  0x00000204a7d7f30c: ;   {runtime_call}
  0x00000204a7d7f30c: 0848 b800 | 3d5d 65f9 | 7f00 00ff | d048 83c4 | 08e9 0c00 

  0x00000204a7d7f320: ;   {runtime_call}
  0x00000204a7d7f320: 0000 48b8 | 003d 5d65 | f97f 0000 | ffd0 4883 | c420 c57b | 10bc 24c8 | 0000 00c5 | 7b10 b424 
  0x00000204a7d7f340: c000 0000 | c57b 10ac | 24b8 0000 | 00c5 7b10 | a424 b000 | 0000 c57b | 109c 24a8 | 0000 00c5 
  0x00000204a7d7f360: 7b10 9424 | a000 0000 | c57b 108c | 2498 0000 | 00c5 7b10 | 8424 9000 | 0000 c5fb | 10bc 2488 
  0x00000204a7d7f380: 0000 00c5 | fb10 b424 | 8000 0000 | c5fb 106c | 2478 c5fb | 1064 2470 | c5fb 105c | 2468 c5fb 
  0x00000204a7d7f3a0: 1054 2460 | c5fb 104c | 2458 c5fb | 1044 2450 | 4c8b 5c24 | 404c 8b54 | 2438 4c8b | 4c24 304c 
  0x00000204a7d7f3c0: 8b44 2428 | 488b 7c24 | 2048 8b74 | 2418 488b | 5424 1048 | 8b4c 2408 | 488b 0424 | 4881 c4d0 
  0x00000204a7d7f3e0: 0000 00c5 | f877 e903 | 0000 0048 | 8b00 498b | 8f50 0300 | 00c7 8100 | 0100 0000 | 0000 00c9 
  0x00000204a7d7f400: 4983 7f08 | 000f 8501 | 0000 00c3 

  0x00000204a7d7f40c: ;   {runtime_call StubRoutines (1)}
  0x00000204a7d7f40c: e9ef 1ab9 | ffc5 f877 | 4889 45f8 | 4c8b e448 | 83ec 2048 

  0x00000204a7d7f420: ;   {runtime_call}
  0x00000204a7d7f420: 83e4 f048 | b840 3d9d | 65f9 7f00 | 00ff d049 | 8be4 4d33 | e448 8b45 | f8e9 41fd | ffff f4f4 
[/MachCode]


Compiled method (c1)    2752 1543       1       java.lang.ClassLoader::defineClass (43 bytes)
 total in heap  [0x00000204a7da5f90,0x00000204a7da6510] = 1408
 relocation     [0x00000204a7da60d8,0x00000204a7da6140] = 104
 main code      [0x00000204a7da6140,0x00000204a7da62e0] = 416
 stub code      [0x00000204a7da62e0,0x00000204a7da6358] = 120
 metadata       [0x00000204a7da6358,0x00000204a7da6388] = 48
 scopes data    [0x00000204a7da6388,0x00000204a7da6440] = 184
 scopes pcs     [0x00000204a7da6440,0x00000204a7da64e0] = 160
 dependencies   [0x00000204a7da64e0,0x00000204a7da64e8] = 8
 nul chk table  [0x00000204a7da64e8,0x00000204a7da6510] = 40

[Constant Pool (empty)]

[MachCode]
[Entry Point]
  # {method} {0x0000000800434d08} 'defineClass' '(Ljava/lang/String;[BIILjava/security/ProtectionDomain;)Ljava/lang/Class;' in 'java/lang/ClassLoader'
  # this:     rdx:rdx   = 'java/lang/ClassLoader'
  # parm0:    r8:r8     = 'java/lang/String'
  # parm1:    r9:r9     = '[B'
  # parm2:    rdi       = int
  # parm3:    rsi       = int
  # parm4:    rcx:rcx   = 'java/security/ProtectionDomain'
  #           [sp+0xc0]  (sp of caller)
  0x00000204a7da6140: 448b 5208 | 49bb 0000 | 0000 0800 | 0000 4d03 | d34c 3bd0 

  0x00000204a7da6154: ;   {runtime_call ic_miss_stub}
  0x00000204a7da6154: 0f85 a6dc | bcff 660f | 1f44 0000 
[Verified Entry Point]
  0x00000204a7da6160: 8984 2400 | 80ff ff55 | 4881 ecb0 | 0000 0090 | 4181 7f20 | 0100 0000 

  0x00000204a7da6178: ;   {runtime_call StubRoutines (2)}
  0x00000204a7da6178: 7405 e861 | 25bb ff48 | 8954 2478 | 89b4 2494 | 0000 0089 | bc24 9000 | 0000 4c89 | 8c24 8800 
  0x00000204a7da6198: 0000 498b | d84c 8bc3 | 4c8b c948 | 8bca 488b | d148 899c | 2480 0000 | 0066 0f1f 

  0x00000204a7da61b4: ;   {optimized virtual_call}
  0x00000204a7da61b4: 4400 00e8 

  0x00000204a7da61b8: ; ImmutableOopMap {[120]=Oop [128]=Oop [136]=Oop }
                      ;*invokevirtual preDefineClass {reexecute=0 rethrow=0 return_oop=0}
                      ; - java.lang.ClassLoader::defineClass@4 (line 1011)
  0x00000204a7da61b8: e4d7 fdff | 4889 8424 | 9800 0000 

  0x00000204a7da61c4: ; implicit exception: dispatches to 0x00000204a7da628a
  0x00000204a7da61c4: 448b 4010 | 4983 f800 | 0f85 0f00 

  0x00000204a7da61d0: ;   {oop(NULL)}
  0x00000204a7da61d0: 0000 48bb | 0000 0000 | 0000 0000 | e936 0000 | 0045 8b40 | 0c49 83f8 | 000f 850f 

  0x00000204a7da61ec: ;   {oop(NULL)}
  0x00000204a7da61ec: 0000 0048 | bb00 0000 | 0000 0000 | 00e9 1900 | 0000 418b | 5038 483b 

  0x00000204a7da6204: ;   {optimized virtual_call}
  0x00000204a7da6204: 0266 90e8 

  0x00000204a7da6208: ; ImmutableOopMap {[120]=Oop [128]=Oop [136]=Oop [152]=Oop }
                      ;*invokevirtual toExternalForm {reexecute=0 rethrow=0 return_oop=0}
                      ; - java.net.URL::toExternalForm@5 (line 1195)
                      ; - java.net.URL::toString@1 (line 1181)
                      ; - java.lang.ClassLoader::defineClassSourceLocation@22 (line 913)
                      ; - java.lang.ClassLoader::defineClass@12 (line 1012)
  0x00000204a7da6208: 3424 fbff | 488b d848 | 8b84 2498 | 0000 008b | b424 9400 | 0000 8bbc | 2490 0000 | 004c 8b8c 
  0x00000204a7da6228: 2488 0000 | 004c 8b84 | 2480 0000 | 0048 8b54 | 2478 4c8b | da49 8bd3 | 488b c848 

  0x00000204a7da6244: ;   {static_call}
  0x00000204a7da6244: 891c 24e8 

  0x00000204a7da6248: ; ImmutableOopMap {[120]=Oop [152]=Oop }
                      ;*invokestatic defineClass1 {reexecute=0 rethrow=0 return_oop=0}
                      ; - java.lang.ClassLoader::defineClass@27 (line 1013)
  0x00000204a7da6248: 748d fdff | 4c8b c04c | 8b8c 2498 | 0000 0048 | 8b54 2478 | 4889 8424 | a000 0000 

  0x00000204a7da6264: ;   {optimized virtual_call}
  0x00000204a7da6264: 6666 90e8 

  0x00000204a7da6268: ; ImmutableOopMap {[160]=Oop }
                      ;*invokevirtual postDefineClass {reexecute=0 rethrow=0 return_oop=0}
                      ; - java.lang.ClassLoader::defineClass@37 (line 1014)
  0x00000204a7da6268: f4c6 fdff | 488b 8424 | a000 0000 | 4881 c4b0 | 0000 005d 

  0x00000204a7da627c: ;   {poll_return}
  0x00000204a7da627c: 493b a778 | 0300 000f | 8715 0000 

  0x00000204a7da6288: ;   {runtime_call throw_null_pointer_exception Runtime1 stub}
  0x00000204a7da6288: 00c3 e871 

  0x00000204a7da628c: ; ImmutableOopMap {rax=Oop [120]=Oop [128]=Oop [136]=Oop [152]=Oop }
                      ;*invokevirtual getCodeSource {reexecute=0 rethrow=0 return_oop=0}
                      ; - java.lang.ClassLoader::defineClassSourceLocation@1 (line 910)
                      ; - java.lang.ClassLoader::defineClass@12 (line 1012)
                      ;   {runtime_call throw_null_pointer_exception Runtime1 stub}
  0x00000204a7da628c: 6bc8 ffe8 

  0x00000204a7da6290: ; ImmutableOopMap {rax=Oop [120]=Oop [128]=Oop [136]=Oop [152]=Oop }
                      ;*invokevirtual getLocation {reexecute=0 rethrow=0 return_oop=0}
                      ; - java.lang.ClassLoader::defineClassSourceLocation@12 (line 912)
                      ; - java.lang.ClassLoader::defineClass@12 (line 1012)
  0x00000204a7da6290: 6c6b c8ff 

  0x00000204a7da6294: ;   {runtime_call throw_null_pointer_exception Runtime1 stub}
  0x00000204a7da6294: e867 6bc8 

  0x00000204a7da6298: ; ImmutableOopMap {r8=Oop [120]=Oop [128]=Oop [136]=Oop [152]=Oop }
                      ;*invokevirtual toString {reexecute=0 rethrow=0 return_oop=0}
                      ; - java.lang.ClassLoader::defineClassSourceLocation@22 (line 913)
                      ; - java.lang.ClassLoader::defineClass@12 (line 1012)
                      ;   {runtime_call throw_null_pointer_exception Runtime1 stub}
  0x00000204a7da6298: ffe8 626b 

  0x00000204a7da629c: ; ImmutableOopMap {r8=Oop rdx=Oop [120]=Oop [128]=Oop [136]=Oop [152]=Oop }
                      ;*invokevirtual toExternalForm {reexecute=0 rethrow=0 return_oop=0}
                      ; - java.net.URL::toExternalForm@5 (line 1195)
                      ; - java.net.URL::toString@1 (line 1181)
                      ; - java.lang.ClassLoader::defineClassSourceLocation@22 (line 913)
                      ; - java.lang.ClassLoader::defineClass@12 (line 1012)
                      ;   {internal_word}
  0x00000204a7da629c: c8ff 49ba | 7c62 daa7 | 0402 0000 | 4d89 9790 

  0x00000204a7da62ac: ;   {runtime_call SafepointBlob}
  0x00000204a7da62ac: 0300 00e9 | cc4a bdff | 498b 8728 | 0400 0049 | c787 2804 | 0000 0000 | 0000 49c7 | 8730 0400 
  0x00000204a7da62cc: 0000 0000 | 0048 81c4 | b000 0000 

  0x00000204a7da62d8: ;   {runtime_call unwind_exception Runtime1 stub}
  0x00000204a7da62d8: 5de9 225c | c8ff f4f4 
[Stub Code]
  0x00000204a7da62e0: ;   {no_reloc}
  0x00000204a7da62e0: 0f1f 4400 

  0x00000204a7da62e4: ;   {static_stub}
  0x00000204a7da62e4: 0048 bb00 | 0000 0000 

  0x00000204a7da62ec: ;   {runtime_call}
  0x00000204a7da62ec: 0000 00e9 | fbff ffff 
[Exception Handler]
  0x00000204a7da62f4: ;   {runtime_call handle_exception_from_callee Runtime1 stub}
  0x00000204a7da62f4: e807 89c8 

  0x00000204a7da62f8: ;   {external_word}
  0x00000204a7da62f8: ff48 b9b0 | 23c0 65f9 | 7f00 0048 

  0x00000204a7da6304: ;   {runtime_call}
  0x00000204a7da6304: 83e4 f048 | b820 168c | 65f9 7f00 | 00ff d0f4 
[Deopt Handler Code]
  0x00000204a7da6314: ;   {section_word}
  0x00000204a7da6314: 49ba 1463 | daa7 0402 | 0000 4152 

  0x00000204a7da6320: ;   {runtime_call DeoptimizationBlob}
  0x00000204a7da6320: e9fb 3cbd 

  0x00000204a7da6324: ;   {static_stub}
  0x00000204a7da6324: ff48 bb00 | 0000 0000 

  0x00000204a7da632c: ;   {runtime_call}
  0x00000204a7da632c: 0000 00e9 | fbff ffff 

  0x00000204a7da6334: ;   {static_stub}
  0x00000204a7da6334: 48bb 0000 | 0000 0000 

  0x00000204a7da633c: ;   {runtime_call}
  0x00000204a7da633c: 0000 e9fb 

  0x00000204a7da6340: ;   {static_stub}
  0x00000204a7da6340: ffff ff48 | bb00 0000 | 0000 0000 

  0x00000204a7da634c: ;   {runtime_call}
  0x00000204a7da634c: 00e9 fbff | ffff f4f4 | f4f4 f4f4 
[/MachCode]


Compiled method (c1)    2758 1471       1       jdk.internal.loader.BuiltinClassLoader::defineClass (121 bytes)
 total in heap  [0x00000204a7d85090,0x00000204a7d85ee8] = 3672
 relocation     [0x00000204a7d851d8,0x00000204a7d85300] = 296
 main code      [0x00000204a7d85300,0x00000204a7d85948] = 1608
 stub code      [0x00000204a7d85948,0x00000204a7d85a68] = 288
 metadata       [0x00000204a7d85a68,0x00000204a7d85ab0] = 72
 scopes data    [0x00000204a7d85ab0,0x00000204a7d85d08] = 600
 scopes pcs     [0x00000204a7d85d08,0x00000204a7d85ea8] = 416
 dependencies   [0x00000204a7d85ea8,0x00000204a7d85eb0] = 8
 handler table  [0x00000204a7d85eb0,0x00000204a7d85ec8] = 24
 nul chk table  [0x00000204a7d85ec8,0x00000204a7d85ee8] = 32

[Constant Pool (empty)]

[MachCode]
[Entry Point]
  # {method} {0x0000000800069268} 'defineClass' '(Ljava/lang/String;Ljdk/internal/loader/Resource;)Ljava/lang/Class;' in 'jdk/internal/loader/BuiltinClassLoader'
  # this:     rdx:rdx   = 'jdk/internal/loader/BuiltinClassLoader'
  # parm0:    r8:r8     = 'java/lang/String'
  # parm1:    r9:r9     = 'jdk/internal/loader/Resource'
  #           [sp+0x110]  (sp of caller)
  0x00000204a7d85300: 448b 5208 | 49bb 0000 | 0000 0800 | 0000 4d03 | d34c 3bd0 

  0x00000204a7d85314: ;   {runtime_call ic_miss_stub}
  0x00000204a7d85314: 0f85 e6ea | beff 660f | 1f44 0000 
[Verified Entry Point]
  0x00000204a7d85320: 8984 2400 | 80ff ff55 | 4881 ec00 | 0100 0090 | 4181 7f20 | 0100 0000 

  0x00000204a7d85338: ;   {runtime_call StubRoutines (2)}
  0x00000204a7d85338: 7405 e8a1 | 33bd ff48 | 8994 24a0 | 0000 004c | 8984 2490 | 0000 004c | 898c 2498 | 0000 0049 
  0x00000204a7d85358: 8bd1 6666 | 9048 b878 | bb21 0008 

  0x00000204a7d85364: ;   {virtual_call}
  0x00000204a7d85364: 0000 00e8 

  0x00000204a7d85368: ; ImmutableOopMap {[144]=Oop [152]=Oop [160]=Oop }
                      ;*invokevirtual getCodeSourceURL {reexecute=0 rethrow=0 return_oop=0}
                      ; - jdk.internal.loader.BuiltinClassLoader::defineClass@1 (line 842)
  0x00000204a7d85368: 1442 0000 | 4889 8424 | a800 0000 | 4c8b 8424 | 9000 0000 

  0x00000204a7d8537c: ; implicit exception: dispatches to 0x00000204a7d8584a
  0x00000204a7d8537c: 418b 7014 

  0x00000204a7d85380: ; implicit exception: dispatches to 0x00000204a7d8584f
  0x00000204a7d85380: 8b56 0c45 | 0fbe 4810 | 498b c9c1 | e118 c1f9 | 18d3 fa48 | 8bfa ffcf | 4183 f900 | ba00 0000 
  0x00000204a7d853a0: 000f 8505 | 0000 00ba | 0100 0000 | 83e2 0183 | fa00 488b | d641 b82e | 0000 004c | 8bcf 0f84 
  0x00000204a7d853c0: 0d00 0000 

  0x00000204a7d853c4: ;   {static_call}
  0x00000204a7d853c4: 6666 90e8 

  0x00000204a7d853c8: ; ImmutableOopMap {[144]=Oop [152]=Oop [160]=Oop [168]=Oop }
                      ;*invokestatic lastIndexOf {reexecute=0 rethrow=0 return_oop=0}
                      ; - java.lang.String::lastIndexOf@13 (line 2500)
                      ; - java.lang.String::lastIndexOf@8 (line 2462)
                      ; - jdk.internal.loader.BuiltinClassLoader::defineClass@8 (line 845)
  0x00000204a7d853c8: 5458 d8ff | e90b 0000 | 0066 0f1f 

  0x00000204a7d853d4: ;   {static_call}
  0x00000204a7d853d4: 4400 00e8 

  0x00000204a7d853d8: ; ImmutableOopMap {[144]=Oop [152]=Oop [160]=Oop [168]=Oop }
                      ;*invokestatic lastIndexOf {reexecute=0 rethrow=0 return_oop=0}
                      ; - java.lang.String::lastIndexOf@25 (line 2501)
                      ; - java.lang.String::lastIndexOf@8 (line 2462)
                      ; - jdk.internal.loader.BuiltinClassLoader::defineClass@8 (line 845)
  0x00000204a7d853d8: 24f3 beff | 83f8 ff0f | 8467 0000 | 0041 b800 | 0000 004c | 8bc8 488b | 9424 9000 

  0x00000204a7d853f4: ;   {optimized virtual_call}
  0x00000204a7d853f4: 0000 90e8 

  0x00000204a7d853f8: ; ImmutableOopMap {[144]=Oop [152]=Oop [160]=Oop [168]=Oop }
                      ;*invokevirtual substring {reexecute=0 rethrow=0 return_oop=0}
                      ; - jdk.internal.loader.BuiltinClassLoader::defineClass@23 (line 847)
  0x00000204a7d853f8: e404 d8ff | 488b 9424 | 9800 0000 | 4889 8424 | b000 0000 | 9048 b878 | bb21 0008 

  0x00000204a7d85414: ;   {virtual_call}
  0x00000204a7d85414: 0000 00e8 

  0x00000204a7d85418: ; ImmutableOopMap {[144]=Oop [152]=Oop [160]=Oop [168]=Oop [176]=Oop }
                      ;*invokevirtual getManifest {reexecute=0 rethrow=0 return_oop=0}
                      ; - jdk.internal.loader.BuiltinClassLoader::defineClass@29 (line 848)
  0x00000204a7d85418: e444 0000 | 4c8b 8424 | b000 0000 | 4c8b c848 | 8bbc 24a8 | 0000 0048 | 8b94 24a0 | 0000 0066 
  0x00000204a7d85438: 0f1f 4400 | 0048 b800 | 9906 0008 

  0x00000204a7d85444: ;   {virtual_call}
  0x00000204a7d85444: 0000 00e8 

  0x00000204a7d85448: ; ImmutableOopMap {[144]=Oop [152]=Oop [160]=Oop [168]=Oop }
                      ;*invokevirtual defineOrCheckPackage {reexecute=0 rethrow=0 return_oop=0}
                      ; - jdk.internal.loader.BuiltinClassLoader::defineClass@40 (line 849)
  0x00000204a7d85448: d4f1 ffff | 4c8b 8c24 | 9800 0000 | 488d 9424 | e000 0000 | 4c89 4a08 | 498b 0148 | 83c8 0148 
  0x00000204a7d85468: 8902 f049 | 0fb1 110f | 8412 0000 | 0048 2bc4 | 4825 07f0 | ffff 4889 | 020f 85cd | 0300 0049 
  0x00000204a7d85488: ff87 7804 | 0000 418b | 510c 4883 | fa00 0f85 | 4900 0000 | 498b d166 | 0f1f 4400 | 0048 b878 
  0x00000204a7d854a8: bb21 0008 

  0x00000204a7d854ac: ;   {virtual_call}
  0x00000204a7d854ac: 0000 00e8 

  0x00000204a7d854b0: ; ImmutableOopMap {[144]=Oop [152]=Oop [160]=Oop [168]=Oop [232]=Oop }
                      ;*invokevirtual getInputStream {reexecute=0 rethrow=0 return_oop=0}
                      ; - jdk.internal.loader.Resource::cachedInputStream@9 (line 77)
                      ; - jdk.internal.loader.Resource::getByteBuffer@1 (line 163)
                      ; - jdk.internal.loader.BuiltinClassLoader::defineClass@45 (line 853)
  0x00000204a7d854b0: 6c1f 0200 | 410f be57 | 4083 fa00 | 4c8b 8c24 | 9800 0000 | 0f85 9d03 | 0000 4c8b | d045 8951 
  0x00000204a7d854d0: 0c49 8bd1 | 4833 d048 | c1ea 1448 | 83fa 000f | 859e 0300 | 0041 8b51 | 0c48 8d84 | 24e0 0000 
  0x00000204a7d854f0: 0048 8b30 | 4885 f60f | 840f 0000 | 0048 8b78 | 08f0 480f | b137 0f85 | 8f03 0000 | 49ff 8f78 
  0x00000204a7d85510: 0400 0048 | 83fa 000f | 8444 0000 

  0x00000204a7d8551c: ;   {metadata('sun/nio/ByteBuffered')}
  0x00000204a7d8551c: 0048 b8d8 | 8436 0008 | 0000 008b | 5a08 49ba | 0000 0000 | 0800 0000 | 4903 da48 | 3b43 200f 
  0x00000204a7d8553c: 8425 0000 | 0048 3bd8 | 0f84 1c00 | 0000 5350 

  0x00000204a7d8554c: ;   {runtime_call slow_subtype_check Runtime1 stub}
  0x00000204a7d8554c: e82f a7ca | ff5b 5b83 | fb00 0f84 | 0500 0000 | e905 0000 | 0048 33f6 | eb0a 48be | 0100 0000 
  0x00000204a7d8556c: 0000 0000 | 83fe 000f | 8468 0000 | 0048 83fa | 000f 8444 

  0x00000204a7d85580: ;   {metadata('sun/nio/ByteBuffered')}
  0x00000204a7d85580: 0000 0048 | bbd8 8436 | 0008 0000 | 008b 7a08 | 49ba 0000 | 0000 0800 | 0000 4903 | fa48 3b5f 
  0x00000204a7d855a0: 200f 8420 | 0000 0048 | 3bfb 0f84 | 1700 0000 

  0x00000204a7d855b0: ;   {runtime_call slow_subtype_check Runtime1 stub}
  0x00000204a7d855b0: 5753 e8c9 | a6ca ff5f | 5f83 ff00 | 0f84 ef02 | 0000 e900 | 0000 0066 | 0f1f 4400 | 0048 b8ff 
  0x00000204a7d855d0: ffff ffff 

  0x00000204a7d855d4: ;   {virtual_call}
  0x00000204a7d855d4: ffff ffe8 

  0x00000204a7d855d8: ; ImmutableOopMap {[144]=Oop [152]=Oop [160]=Oop [168]=Oop }
                      ;*invokeinterface getByteBuffer {reexecute=0 rethrow=0 return_oop=0}
                      ; - jdk.internal.loader.Resource::getByteBuffer@16 (line 165)
                      ; - jdk.internal.loader.BuiltinClassLoader::defineClass@45 (line 853)
  0x00000204a7d855d8: 24ee beff | e90a 0000 

  0x00000204a7d855e0: ;   {oop(NULL)}
  0x00000204a7d855e0: 0048 b800 | 0000 0000 | 0000 0048 | 83f8 000f | 84e5 0000 | 0048 8984 | 24b8 0000 | 0048 8b94 
  0x00000204a7d85600: 2498 0000 | 0048 b8ff | ffff ffff 

  0x00000204a7d8560c: ;   {virtual_call}
  0x00000204a7d8560c: ffff ffe8 

  0x00000204a7d85610: ; ImmutableOopMap {[144]=Oop [160]=Oop [168]=Oop [184]=Oop }
                      ;*invokevirtual getCodeSigners {reexecute=0 rethrow=0 return_oop=0}
                      ; - jdk.internal.loader.BuiltinClassLoader::defineClass@56 (line 855)
  0x00000204a7d85610: eced beff 

  0x00000204a7d85614: ;   {metadata('java/security/CodeSource')}
  0x00000204a7d85614: 4c8b c848 | ba00 5f00 | 0008 0000 | 0049 8b87 | f800 0000 | 488d 7828 | 493b bf08 | 0100 000f 
  0x00000204a7d85634: 8781 0200 | 0049 89bf | f800 0000 | 48c7 0001 | 0000 0048 | 8bca 49ba | 0000 0000 | 0800 0000 
  0x00000204a7d85654: 492b ca89 | 4808 4833 | c989 480c | 4833 c948 | 8948 1048 | 8948 1848 | 8948 204c | 8b84 24a8 
  0x00000204a7d85674: 0000 0048 | 8bd0 4889 | 8424 c000 | 0000 0f1f 

  0x00000204a7d85684: ;   {optimized virtual_call}
  0x00000204a7d85684: 4400 00e8 

  0x00000204a7d85688: ; ImmutableOopMap {[144]=Oop [160]=Oop [184]=Oop [192]=Oop }
                      ;*invokespecial <init> {reexecute=0 rethrow=0 return_oop=0}
                      ; - jdk.internal.loader.BuiltinClassLoader::defineClass@68 (line 856)
  0x00000204a7d85688: 74ea beff | 4c8b 8424 | c000 0000 | 488b 9424 | a000 0000 

  0x00000204a7d8569c: ;   {optimized virtual_call}
  0x00000204a7d8569c: 6666 90e8 

  0x00000204a7d856a0: ; ImmutableOopMap {[144]=Oop [160]=Oop [184]=Oop }
                      ;*invokevirtual getProtectionDomain {reexecute=0 rethrow=0 return_oop=0}
                      ; - java.security.SecureClassLoader::defineClass@5 (line 182)
                      ; - jdk.internal.loader.BuiltinClassLoader::defineClass@79 (line 857)
  0x00000204a7d856a0: 5cea beff | 4c8b 8424 | 9000 0000 | 4c8b 8c24 | b800 0000 | 488b f848 | 8b94 24a0 

  0x00000204a7d856bc: ;   {optimized virtual_call}
  0x00000204a7d856bc: 0000 00e8 

  0x00000204a7d856c0: ; ImmutableOopMap {}
                      ;*invokevirtual defineClass {reexecute=0 rethrow=0 return_oop=0}
                      ; - java.security.SecureClassLoader::defineClass@8 (line 182)
                      ; - jdk.internal.loader.BuiltinClassLoader::defineClass@79 (line 857)
  0x00000204a7d856c0: 3cea beff | 4881 c400 | 0100 005d 

  0x00000204a7d856cc: ;   {poll_return}
  0x00000204a7d856cc: 493b a778 | 0300 000f | 87ee 0100 | 00c3 4c8b | 8c24 9800 | 0000 498b | d148 b878 | bb21 0008 
  0x00000204a7d856ec: ;   {virtual_call}
  0x00000204a7d856ec: 0000 00e8 

  0x00000204a7d856f0: ; ImmutableOopMap {[144]=Oop [152]=Oop [160]=Oop [168]=Oop }
                      ;*invokevirtual getBytes {reexecute=0 rethrow=0 return_oop=0}
                      ; - jdk.internal.loader.BuiltinClassLoader::defineClass@84 (line 859)
  0x00000204a7d856f0: cc2b 0200 | 4889 8424 | c800 0000 | 488b 9424 | 9800 0000 | 9048 b878 | bb21 0008 

  0x00000204a7d8570c: ;   {virtual_call}
  0x00000204a7d8570c: 0000 00e8 

  0x00000204a7d85710: ; ImmutableOopMap {[144]=Oop [160]=Oop [168]=Oop [200]=Oop }
                      ;*invokevirtual getCodeSigners {reexecute=0 rethrow=0 return_oop=0}
                      ; - jdk.internal.loader.BuiltinClassLoader::defineClass@90 (line 860)
  0x00000204a7d85710: 8c31 0200 

  0x00000204a7d85714: ;   {metadata('java/security/CodeSource')}
  0x00000204a7d85714: 4c8b c848 | ba00 5f00 | 0008 0000 | 0049 8b87 | f800 0000 | 488d 7828 | 493b bf08 | 0100 000f 
  0x00000204a7d85734: 87a4 0100 | 0049 89bf | f800 0000 | 48c7 0001 | 0000 0048 | 8bca 49ba | 0000 0000 | 0800 0000 
  0x00000204a7d85754: 492b ca89 | 4808 4833 | c989 480c | 4833 c948 | 8948 1048 | 8948 1848 | 8948 204c | 8b84 24a8 
  0x00000204a7d85774: 0000 0048 | 8bd0 4889 | 8424 d000 | 0000 0f1f 

  0x00000204a7d85784: ;   {optimized virtual_call}
  0x00000204a7d85784: 4400 00e8 

  0x00000204a7d85788: ; ImmutableOopMap {[144]=Oop [160]=Oop [200]=Oop [208]=Oop }
                      ;*invokespecial <init> {reexecute=0 rethrow=0 return_oop=0}
                      ; - jdk.internal.loader.BuiltinClassLoader::defineClass@102 (line 861)
  0x00000204a7d85788: d4bb ffff | 488b 8424 | c800 0000 

  0x00000204a7d85794: ; implicit exception: dispatches to 0x00000204a7d858ea
  0x00000204a7d85794: 8b70 0c4c | 8b84 24d0 | 0000 0048 | 8b94 24a0 | 0000 0089 | b424 d800 

  0x00000204a7d857ac: ;   {optimized virtual_call}
  0x00000204a7d857ac: 0000 90e8 

  0x00000204a7d857b0: ; ImmutableOopMap {[144]=Oop [160]=Oop [200]=Oop }
                      ;*invokevirtual getProtectionDomain {reexecute=0 rethrow=0 return_oop=0}
                      ; - java.security.SecureClassLoader::defineClass@9 (line 150)
                      ; - jdk.internal.loader.BuiltinClassLoader::defineClass@117 (line 862)
  0x00000204a7d857b0: acc4 ffff | 4c8b 8424 | 9000 0000 | 4c8b 8c24 | c800 0000 | bf00 0000 | 008b b424 | d800 0000 
  0x00000204a7d857d0: 488b c848 | 8b94 24a0 | 0000 000f 

  0x00000204a7d857dc: ;   {optimized virtual_call}
  0x00000204a7d857dc: 1f40 00e8 

  0x00000204a7d857e0: ; ImmutableOopMap {}
                      ;*invokevirtual defineClass {reexecute=0 rethrow=0 return_oop=0}
                      ; - java.security.SecureClassLoader::defineClass@12 (line 150)
                      ; - jdk.internal.loader.BuiltinClassLoader::defineClass@117 (line 862)
  0x00000204a7d857e0: 7c09 0200 | 4881 c400 | 0100 005d 

  0x00000204a7d857ec: ;   {poll_return}
  0x00000204a7d857ec: 493b a778 | 0300 000f | 87f6 0000 | 00c3 498b | 8728 0400 | 004d 33d2 | 4d89 9728 | 0400 004d 
  0x00000204a7d8580c: 33d2 4d89 | 9730 0400 | 0048 8bf0 | 488d 8424 | e000 0000 | 488b 3848 | 85ff 0f84 | 0f00 0000 
  0x00000204a7d8582c: 488b 5808 | f048 0fb1 | 3b0f 85ca | 0000 0049 | ff8f 7804 | 0000 488b | c6e9 ee00 

  0x00000204a7d85848: ;   {runtime_call throw_null_pointer_exception Runtime1 stub}
  0x00000204a7d85848: 0000 e8b1 

  0x00000204a7d8584c: ; ImmutableOopMap {rax=Oop r8=Oop [144]=Oop [152]=Oop [160]=Oop [168]=Oop }
                      ;*invokevirtual lastIndexOf {reexecute=0 rethrow=0 return_oop=0}
                      ; - jdk.internal.loader.BuiltinClassLoader::defineClass@8 (line 845)
                      ;   {runtime_call throw_null_pointer_exception Runtime1 stub}
  0x00000204a7d8584c: 75ca ffe8 

  0x00000204a7d85850: ; ImmutableOopMap {rax=Oop r8=Oop rsi=Oop [144]=Oop [152]=Oop [160]=Oop [168]=Oop }
                      ;*arraylength {reexecute=0 rethrow=0 return_oop=0}
                      ; - java.lang.String::length@4 (line 1499)
                      ; - java.lang.String::lastIndexOf@3 (line 2462)
                      ; - jdk.internal.loader.BuiltinClassLoader::defineClass@8 (line 845)
  0x00000204a7d85850: ac75 caff | 4c89 4c24 | 0848 8914 

  0x00000204a7d8585c: ;   {runtime_call monitorenter_nofpu Runtime1 stub}
  0x00000204a7d8585c: 24e8 1eb3 

  0x00000204a7d85860: ; ImmutableOopMap {r9=Oop [144]=Oop [152]=Oop [160]=Oop [168]=Oop [232]=Oop }
                      ;*synchronization entry
                      ; - jdk.internal.loader.Resource::cachedInputStream@-1 (line 76)
                      ; - jdk.internal.loader.Resource::getByteBuffer@1 (line 163)
                      ; - jdk.internal.loader.BuiltinClassLoader::defineClass@45 (line 853)
  0x00000204a7d85860: caff e927 | fcff ff41 | 8b51 0c48 | 83fa 000f | 8455 fcff | ff48 8914 

  0x00000204a7d85878: ;   {runtime_call g1_pre_barrier_slow}
  0x00000204a7d85878: 24e8 82de | caff e947 | fcff ff48 | 83f8 000f | 8458 fcff | ff4c 890c 

  0x00000204a7d85890: ;   {runtime_call g1_post_barrier_slow}
  0x00000204a7d85890: 24e8 6ae1 | caff e94a | fcff ff48 | 8d84 24e0 | 0000 0048 

  0x00000204a7d858a4: ;   {runtime_call monitorexit_nofpu Runtime1 stub}
  0x00000204a7d858a4: 8904 24e8 | d4b8 caff | e962 fcff | ff48 8914 

  0x00000204a7d858b4: ;   {runtime_call throw_class_cast_exception Runtime1 stub}
  0x00000204a7d858b4: 24e8 4699 

  0x00000204a7d858b8: ; ImmutableOopMap {[144]=Oop [152]=Oop [160]=Oop [168]=Oop }
                      ;*checkcast {reexecute=0 rethrow=0 return_oop=0}
                      ; - jdk.internal.loader.Resource::getByteBuffer@13 (line 165)
                      ; - jdk.internal.loader.BuiltinClassLoader::defineClass@45 (line 853)
  0x00000204a7d858b8: caff 488b 

  0x00000204a7d858bc: ;   {runtime_call fast_new_instance Runtime1 stub}
  0x00000204a7d858bc: d2e8 3e7e 

  0x00000204a7d858c0: ; ImmutableOopMap {r9=Oop [144]=Oop [160]=Oop [168]=Oop [184]=Oop }
                      ;*new {reexecute=0 rethrow=0 return_oop=0}
                      ; - jdk.internal.loader.BuiltinClassLoader::defineClass@61 (line 856)
  0x00000204a7d858c0: caff e9a8 

  0x00000204a7d858c4: ;   {internal_word}
  0x00000204a7d858c4: fdff ff49 | bacc 56d8 | a704 0200 | 004d 8997 | 9003 0000 

  0x00000204a7d858d8: ;   {runtime_call SafepointBlob}
  0x00000204a7d858d8: e9a3 54bf | ff48 8bd2 

  0x00000204a7d858e0: ;   {runtime_call fast_new_instance Runtime1 stub}
  0x00000204a7d858e0: e81b 7eca 

  0x00000204a7d858e4: ; ImmutableOopMap {r9=Oop [144]=Oop [160]=Oop [168]=Oop [200]=Oop }
                      ;*new {reexecute=0 rethrow=0 return_oop=0}
                      ; - jdk.internal.loader.BuiltinClassLoader::defineClass@95 (line 861)
  0x00000204a7d858e4: ffe9 85fe 

  0x00000204a7d858e8: ;   {runtime_call throw_null_pointer_exception Runtime1 stub}
  0x00000204a7d858e8: ffff e811 

  0x00000204a7d858ec: ; ImmutableOopMap {rax=Oop [144]=Oop [160]=Oop [200]=Oop [208]=Oop }
                      ;*arraylength {reexecute=0 rethrow=0 return_oop=0}
                      ; - jdk.internal.loader.BuiltinClassLoader::defineClass@114 (line 862)
                      ;   {internal_word}
  0x00000204a7d858ec: 75ca ff49 | baec 57d8 | a704 0200 | 004d 8997 | 9003 0000 

  0x00000204a7d85900: ;   {runtime_call SafepointBlob}
  0x00000204a7d85900: e97b 54bf | ff48 8d84 | 24e0 0000 | 0048 8904 

  0x00000204a7d85910: ;   {runtime_call monitorexit_nofpu Runtime1 stub}
  0x00000204a7d85910: 24e8 6ab8 | caff e927 | ffff ff49 | 8b87 2804 | 0000 49c7 | 8728 0400 | 0000 0000 | 0049 c787 
  0x00000204a7d85930: 3004 0000 | 0000 0000 | 4881 c400 | 0100 005d 

  0x00000204a7d85940: ;   {runtime_call unwind_exception Runtime1 stub}
  0x00000204a7d85940: e9bb 65ca | fff4 f4f4 
[Stub Code]
  0x00000204a7d85948: ;   {no_reloc}
  0x00000204a7d85948: 0f1f 4400 

  0x00000204a7d8594c: ;   {static_stub}
  0x00000204a7d8594c: 0048 bb00 | 0000 0000 

  0x00000204a7d85954: ;   {runtime_call}
  0x00000204a7d85954: 0000 00e9 | fbff ffff 

  0x00000204a7d8595c: ;   {static_stub}
  0x00000204a7d8595c: 9048 bb00 | 0000 0000 

  0x00000204a7d85964: ;   {runtime_call}
  0x00000204a7d85964: 0000 00e9 | fbff ffff 

  0x00000204a7d8596c: ;   {static_stub}
  0x00000204a7d8596c: 9048 bb00 | 0000 0000 

  0x00000204a7d85974: ;   {runtime_call}
  0x00000204a7d85974: 0000 00e9 | fbff ffff 

  0x00000204a7d8597c: ;   {static_stub}
  0x00000204a7d8597c: 9048 bb00 | 0000 0000 

  0x00000204a7d85984: ;   {runtime_call}
  0x00000204a7d85984: 0000 00e9 | fbff ffff 

  0x00000204a7d8598c: ;   {static_stub}
  0x00000204a7d8598c: 9048 bb00 | 0000 0000 

  0x00000204a7d85994: ;   {runtime_call}
  0x00000204a7d85994: 0000 00e9 | fbff ffff 

  0x00000204a7d8599c: ;   {static_stub}
  0x00000204a7d8599c: 9048 bb00 | 0000 0000 

  0x00000204a7d859a4: ;   {runtime_call}
  0x00000204a7d859a4: 0000 00e9 | fbff ffff 

  0x00000204a7d859ac: ;   {static_stub}
  0x00000204a7d859ac: 9048 bb00 | 0000 0000 

  0x00000204a7d859b4: ;   {runtime_call}
  0x00000204a7d859b4: 0000 00e9 | fbff ffff 

  0x00000204a7d859bc: ;   {static_stub}
  0x00000204a7d859bc: 9048 bb00 | 0000 0000 

  0x00000204a7d859c4: ;   {runtime_call}
  0x00000204a7d859c4: 0000 00e9 | fbff ffff 
[Exception Handler]
  0x00000204a7d859cc: ;   {runtime_call handle_exception_from_callee Runtime1 stub}
  0x00000204a7d859cc: e82f 92ca 

  0x00000204a7d859d0: ;   {external_word}
  0x00000204a7d859d0: ff48 b9b0 | 23c0 65f9 | 7f00 0048 

  0x00000204a7d859dc: ;   {runtime_call}
  0x00000204a7d859dc: 83e4 f048 | b820 168c | 65f9 7f00 | 00ff d0f4 
[Deopt Handler Code]
  0x00000204a7d859ec: ;   {section_word}
  0x00000204a7d859ec: 49ba ec59 | d8a7 0402 | 0000 4152 

  0x00000204a7d859f8: ;   {runtime_call DeoptimizationBlob}
  0x00000204a7d859f8: e923 46bf 

  0x00000204a7d859fc: ;   {static_stub}
  0x00000204a7d859fc: ff48 bb00 | 0000 0000 

  0x00000204a7d85a04: ;   {runtime_call}
  0x00000204a7d85a04: 0000 00e9 | fbff ffff 

  0x00000204a7d85a0c: ;   {static_stub}
  0x00000204a7d85a0c: 48bb 0000 | 0000 0000 

  0x00000204a7d85a14: ;   {runtime_call}
  0x00000204a7d85a14: 0000 e9fb 

  0x00000204a7d85a18: ;   {static_stub}
  0x00000204a7d85a18: ffff ff48 | bb00 0000 | 0000 0000 

  0x00000204a7d85a24: ;   {runtime_call}
  0x00000204a7d85a24: 00e9 fbff 

  0x00000204a7d85a28: ;   {static_stub}
  0x00000204a7d85a28: ffff 48bb | 0000 0000 | 0000 0000 

  0x00000204a7d85a34: ;   {runtime_call}
  0x00000204a7d85a34: e9fb ffff 

  0x00000204a7d85a38: ;   {static_stub}
  0x00000204a7d85a38: ff48 bb00 | 0000 0000 

  0x00000204a7d85a40: ;   {runtime_call}
  0x00000204a7d85a40: 0000 00e9 | fbff ffff 

  0x00000204a7d85a48: ;   {static_stub}
  0x00000204a7d85a48: 48bb 0000 | 0000 0000 

  0x00000204a7d85a50: ;   {runtime_call}
  0x00000204a7d85a50: 0000 e9fb 

  0x00000204a7d85a54: ;   {static_stub}
  0x00000204a7d85a54: ffff ff48 | bb00 4d43 | 0008 0000 

  0x00000204a7d85a60: ;   {runtime_call I2C/C2I adapters}
  0x00000204a7d85a60: 00e9 7f0e | beff f4f4 
[/MachCode]


---------------  P R O C E S S  ---------------

Threads class SMR info:
_java_thread_list=0x00000204b5484f80, length=17, elements={
0x000002049e090610, 0x00000204afd380b0, 0x00000204afd3ae60, 0x00000204afd3cf70,
0x00000204afd3e8c0, 0x00000204afd3f540, 0x00000204afd41e90, 0x00000204afd43850,
0x00000204afd09150, 0x00000204b407c050, 0x00000204b44c45f0, 0x00000204b44d0530,
0x00000204b4668cd0, 0x00000204b466fe60, 0x00000204b4af1030, 0x00000204b4b350e0,
0x00000204b519b2a0
}

Java Threads: ( => current thread )
  0x000002049e090610 JavaThread "main" [_thread_in_vm, id=12744, stack(0x0000005bc9e00000,0x0000005bc9f00000)]
  0x00000204afd380b0 JavaThread "Reference Handler" daemon [_thread_blocked, id=6684, stack(0x0000005bca500000,0x0000005bca600000)]
  0x00000204afd3ae60 JavaThread "Finalizer" daemon [_thread_blocked, id=12296, stack(0x0000005bca600000,0x0000005bca700000)]
  0x00000204afd3cf70 JavaThread "Signal Dispatcher" daemon [_thread_blocked, id=7348, stack(0x0000005bca700000,0x0000005bca800000)]
  0x00000204afd3e8c0 JavaThread "Attach Listener" daemon [_thread_blocked, id=7864, stack(0x0000005bca800000,0x0000005bca900000)]
  0x00000204afd3f540 JavaThread "Service Thread" daemon [_thread_blocked, id=13688, stack(0x0000005bca900000,0x0000005bcaa00000)]
  0x00000204afd41e90 JavaThread "Monitor Deflation Thread" daemon [_thread_blocked, id=16408, stack(0x0000005bcaa00000,0x0000005bcab00000)]
  0x00000204afd43850 JavaThread "C1 CompilerThread0" daemon [_thread_blocked, id=13640, stack(0x0000005bcab00000,0x0000005bcac00000)]
  0x00000204afd09150 JavaThread "Common-Cleaner" daemon [_thread_blocked, id=13864, stack(0x0000005bcac00000,0x0000005bcad00000)]
  0x00000204b407c050 JavaThread "C1 CompilerThread1" daemon [_thread_blocked, id=12952, stack(0x0000005bcad00000,0x0000005bcae00000)]
  0x00000204b44c45f0 JavaThread "Monitor Ctrl-Break" daemon [_thread_in_native, id=3724, stack(0x0000005bcae00000,0x0000005bcaf00000)]
  0x00000204b44d0530 JavaThread "Notification Thread" daemon [_thread_blocked, id=18004, stack(0x0000005bcaf00000,0x0000005bcb000000)]
  0x00000204b4668cd0 JavaThread "C1 CompilerThread2" daemon [_thread_blocked, id=7680, stack(0x0000005bcb000000,0x0000005bcb100000)]
  0x00000204b466fe60 JavaThread "RMI TCP Accept-0" daemon [_thread_in_native, id=13788, stack(0x0000005bcb100000,0x0000005bcb200000)]
  0x00000204b4af1030 JavaThread "RMI TCP Connection(1)-192.168.64.1" daemon [_thread_in_native, id=13384, stack(0x0000005bcba00000,0x0000005bcbb00000)]
  0x00000204b4b350e0 JavaThread "RMI Scheduler(0)" daemon [_thread_blocked, id=11568, stack(0x0000005bcbb00000,0x0000005bcbc00000)]
=>0x00000204b519b2a0 JavaThread "background-preinit" [_thread_in_vm, id=12500, stack(0x0000005bcbc00000,0x0000005bcbd00000)]

Other Threads:
  0x00000204afd1a880 VMThread "VM Thread" [stack: 0x0000005bca400000,0x0000005bca500000] [id=12816]
  0x00000204b46703b0 WatcherThread "VM Periodic Task Thread" [stack: 0x0000005bcb200000,0x0000005bcb300000] [id=13316]
  0x000002049e0e07b0 WorkerThread "GC Thread#0" [stack: 0x0000005bc9f00000,0x0000005bca000000] [id=16220]
  0x00000204b4852f50 WorkerThread "GC Thread#1" [stack: 0x0000005bcb300000,0x0000005bcb400000] [id=4072]
  0x00000204b49714f0 WorkerThread "GC Thread#2" [stack: 0x0000005bcb400000,0x0000005bcb500000] [id=2548]
  0x00000204b49717c0 WorkerThread "GC Thread#3" [stack: 0x0000005bcb500000,0x0000005bcb600000] [id=10688]
  0x00000204b4971a90 WorkerThread "GC Thread#4" [stack: 0x0000005bcb600000,0x0000005bcb700000] [id=15204]
  0x00000204b4972170 WorkerThread "GC Thread#5" [stack: 0x0000005bcb700000,0x0000005bcb800000] [id=13252]
  0x00000204b49733e0 WorkerThread "GC Thread#6" [stack: 0x0000005bcb800000,0x0000005bcb900000] [id=11344]
  0x00000204b4973110 WorkerThread "GC Thread#7" [stack: 0x0000005bcb900000,0x0000005bcba00000] [id=1636]
  0x000002049e0ed4f0 ConcurrentGCThread "G1 Main Marker" [stack: 0x0000005bca000000,0x0000005bca100000] [id=1856]
  0x000002049e0edd30 WorkerThread "G1 Conc#0" [stack: 0x0000005bca100000,0x0000005bca200000] [id=17008]
  0x00000204afbe10b0 ConcurrentGCThread "G1 Refine#0" [stack: 0x0000005bca200000,0x0000005bca300000] [id=1892]
  0x00000204afbe1960 ConcurrentGCThread "G1 Service" [stack: 0x0000005bca300000,0x0000005bca400000] [id=15184]

Threads with active compile tasks:

VM state: not at safepoint (normal execution)

VM Mutex/Monitor currently owned by a thread:  ([mutex/lock_event])
[0x000002049e088ed0] Metaspace_lock - owner thread: 0x00000204b519b2a0

Heap address: 0x00000000a0c00000, size: 1524 MB, Compressed Oops mode: 32-bit

CDS archive(s) mapped at: [0x0000000800000000-0x0000000800c60000-0x0000000800c60000), size 12976128, SharedBaseAddress: 0x0000000800000000, ArchiveRelocationMode: 0.
Compressed class space mapped at: 0x0000000801000000-0x0000000841000000, reserved size: 1073741824
Narrow klass base: 0x0000000800000000, Narrow klass shift: 0, Narrow klass range: 0x100000000

GC Precious Log:
 CardTable entry size: 512
 Card Set container configuration: InlinePtr #cards 5 size 8 Array Of Cards #cards 12 size 40 Howl #buckets 4 coarsen threshold 1843 Howl Bitmap #cards 512 size 80 coarsen threshold 460 Card regions per heap region 1 cards per card region 2048
 CPUs: 8 total, 8 available
 Memory: 6091M
 Large Page Support: Disabled
 NUMA Support: Disabled
 Compressed Oops: Enabled (32-bit)
 Heap Region Size: 1M
 Heap Min Capacity: 8M
 Heap Initial Capacity: 96M
 Heap Max Capacity: 1524M
 Pre-touch: Disabled
 Parallel Workers: 8
 Concurrent Workers: 2
 Concurrent Refinement Workers: 8
 Periodic GC: Disabled

Heap:
 garbage-first heap   total 98304K, used 37814K [0x00000000a0c00000, 0x0000000100000000)
  region size 1024K, 32 young (32768K), 3 survivors (3072K)
 Metaspace       used 18751K, committed 19136K, reserved 1114112K
  class space    used 2558K, committed 2752K, reserved 1048576K

Heap Regions: E=young(eden), S=young(survivor), O=old, HS=humongous(starts), HC=humongous(continues), CS=collection set, F=free, OA=open archive, CA=closed archive, TAMS=top-at-mark-start, PB=parsable bottom
|   0|0x00000000a0c00000, 0x00000000a0d00000, 0x00000000a0d00000|100%| O|  |TAMS 0x00000000a0c00000| PB 0x00000000a0c00000| Untracked 
|   1|0x00000000a0d00000, 0x00000000a0e00000, 0x00000000a0e00000|100%| O|  |TAMS 0x00000000a0d00000| PB 0x00000000a0d00000| Untracked 
|   2|0x00000000a0e00000, 0x00000000a0f00000, 0x00000000a0f00000|100%| O|  |TAMS 0x00000000a0e00000| PB 0x00000000a0e00000| Untracked 
|   3|0x00000000a0f00000, 0x00000000a1000000, 0x00000000a1000000|100%| O|  |TAMS 0x00000000a0f00000| PB 0x00000000a0f00000| Untracked 
|   4|0x00000000a1000000, 0x00000000a1100000, 0x00000000a1100000|100%| O|  |TAMS 0x00000000a1000000| PB 0x00000000a1000000| Untracked 
|   5|0x00000000a1100000, 0x00000000a1200000, 0x00000000a1200000|100%| O|  |TAMS 0x00000000a1100000| PB 0x00000000a1100000| Untracked 
|   6|0x00000000a1200000, 0x00000000a1300000, 0x00000000a1300000|100%| O|  |TAMS 0x00000000a1200000| PB 0x00000000a1200000| Untracked 
|   7|0x00000000a1300000, 0x00000000a13dd800, 0x00000000a1400000| 86%| O|  |TAMS 0x00000000a1300000| PB 0x00000000a1300000| Untracked 
|   8|0x00000000a1400000, 0x00000000a1400000, 0x00000000a1500000|  0%| F|  |TAMS 0x00000000a1400000| PB 0x00000000a1400000| Untracked 
|   9|0x00000000a1500000, 0x00000000a1500000, 0x00000000a1600000|  0%| F|  |TAMS 0x00000000a1500000| PB 0x00000000a1500000| Untracked 
|  10|0x00000000a1600000, 0x00000000a1600000, 0x00000000a1700000|  0%| F|  |TAMS 0x00000000a1600000| PB 0x00000000a1600000| Untracked 
|  11|0x00000000a1700000, 0x00000000a1700000, 0x00000000a1800000|  0%| F|  |TAMS 0x00000000a1700000| PB 0x00000000a1700000| Untracked 
|  12|0x00000000a1800000, 0x00000000a1800000, 0x00000000a1900000|  0%| F|  |TAMS 0x00000000a1800000| PB 0x00000000a1800000| Untracked 
|  13|0x00000000a1900000, 0x00000000a1900000, 0x00000000a1a00000|  0%| F|  |TAMS 0x00000000a1900000| PB 0x00000000a1900000| Untracked 
|  14|0x00000000a1a00000, 0x00000000a1a00000, 0x00000000a1b00000|  0%| F|  |TAMS 0x00000000a1a00000| PB 0x00000000a1a00000| Untracked 
|  15|0x00000000a1b00000, 0x00000000a1b00000, 0x00000000a1c00000|  0%| F|  |TAMS 0x00000000a1b00000| PB 0x00000000a1b00000| Untracked 
|  16|0x00000000a1c00000, 0x00000000a1c00000, 0x00000000a1d00000|  0%| F|  |TAMS 0x00000000a1c00000| PB 0x00000000a1c00000| Untracked 
|  17|0x00000000a1d00000, 0x00000000a1d00000, 0x00000000a1e00000|  0%| F|  |TAMS 0x00000000a1d00000| PB 0x00000000a1d00000| Untracked 
|  18|0x00000000a1e00000, 0x00000000a1e00000, 0x00000000a1f00000|  0%| F|  |TAMS 0x00000000a1e00000| PB 0x00000000a1e00000| Untracked 
|  19|0x00000000a1f00000, 0x00000000a1f00000, 0x00000000a2000000|  0%| F|  |TAMS 0x00000000a1f00000| PB 0x00000000a1f00000| Untracked 
|  20|0x00000000a2000000, 0x00000000a2000000, 0x00000000a2100000|  0%| F|  |TAMS 0x00000000a2000000| PB 0x00000000a2000000| Untracked 
|  21|0x00000000a2100000, 0x00000000a2100000, 0x00000000a2200000|  0%| F|  |TAMS 0x00000000a2100000| PB 0x00000000a2100000| Untracked 
|  22|0x00000000a2200000, 0x00000000a2200000, 0x00000000a2300000|  0%| F|  |TAMS 0x00000000a2200000| PB 0x00000000a2200000| Untracked 
|  23|0x00000000a2300000, 0x00000000a2300000, 0x00000000a2400000|  0%| F|  |TAMS 0x00000000a2300000| PB 0x00000000a2300000| Untracked 
|  24|0x00000000a2400000, 0x00000000a2400000, 0x00000000a2500000|  0%| F|  |TAMS 0x00000000a2400000| PB 0x00000000a2400000| Untracked 
|  25|0x00000000a2500000, 0x00000000a2500000, 0x00000000a2600000|  0%| F|  |TAMS 0x00000000a2500000| PB 0x00000000a2500000| Untracked 
|  26|0x00000000a2600000, 0x00000000a2600000, 0x00000000a2700000|  0%| F|  |TAMS 0x00000000a2600000| PB 0x00000000a2600000| Untracked 
|  27|0x00000000a2700000, 0x00000000a2700000, 0x00000000a2800000|  0%| F|  |TAMS 0x00000000a2700000| PB 0x00000000a2700000| Untracked 
|  28|0x00000000a2800000, 0x00000000a2800000, 0x00000000a2900000|  0%| F|  |TAMS 0x00000000a2800000| PB 0x00000000a2800000| Untracked 
|  29|0x00000000a2900000, 0x00000000a2900000, 0x00000000a2a00000|  0%| F|  |TAMS 0x00000000a2900000| PB 0x00000000a2900000| Untracked 
|  30|0x00000000a2a00000, 0x00000000a2a00000, 0x00000000a2b00000|  0%| F|  |TAMS 0x00000000a2a00000| PB 0x00000000a2a00000| Untracked 
|  31|0x00000000a2b00000, 0x00000000a2b00000, 0x00000000a2c00000|  0%| F|  |TAMS 0x00000000a2b00000| PB 0x00000000a2b00000| Untracked 
|  32|0x00000000a2c00000, 0x00000000a2c00000, 0x00000000a2d00000|  0%| F|  |TAMS 0x00000000a2c00000| PB 0x00000000a2c00000| Untracked 
|  33|0x00000000a2d00000, 0x00000000a2d00000, 0x00000000a2e00000|  0%| F|  |TAMS 0x00000000a2d00000| PB 0x00000000a2d00000| Untracked 
|  34|0x00000000a2e00000, 0x00000000a2e00000, 0x00000000a2f00000|  0%| F|  |TAMS 0x00000000a2e00000| PB 0x00000000a2e00000| Untracked 
|  35|0x00000000a2f00000, 0x00000000a2f00000, 0x00000000a3000000|  0%| F|  |TAMS 0x00000000a2f00000| PB 0x00000000a2f00000| Untracked 
|  36|0x00000000a3000000, 0x00000000a3000000, 0x00000000a3100000|  0%| F|  |TAMS 0x00000000a3000000| PB 0x00000000a3000000| Untracked 
|  37|0x00000000a3100000, 0x00000000a3100000, 0x00000000a3200000|  0%| F|  |TAMS 0x00000000a3100000| PB 0x00000000a3100000| Untracked 
|  38|0x00000000a3200000, 0x00000000a3200000, 0x00000000a3300000|  0%| F|  |TAMS 0x00000000a3200000| PB 0x00000000a3200000| Untracked 
|  39|0x00000000a3300000, 0x00000000a3300000, 0x00000000a3400000|  0%| F|  |TAMS 0x00000000a3300000| PB 0x00000000a3300000| Untracked 
|  40|0x00000000a3400000, 0x00000000a3400000, 0x00000000a3500000|  0%| F|  |TAMS 0x00000000a3400000| PB 0x00000000a3400000| Untracked 
|  41|0x00000000a3500000, 0x00000000a3500000, 0x00000000a3600000|  0%| F|  |TAMS 0x00000000a3500000| PB 0x00000000a3500000| Untracked 
|  42|0x00000000a3600000, 0x00000000a3600000, 0x00000000a3700000|  0%| F|  |TAMS 0x00000000a3600000| PB 0x00000000a3600000| Untracked 
|  43|0x00000000a3700000, 0x00000000a3700000, 0x00000000a3800000|  0%| F|  |TAMS 0x00000000a3700000| PB 0x00000000a3700000| Untracked 
|  44|0x00000000a3800000, 0x00000000a3800000, 0x00000000a3900000|  0%| F|  |TAMS 0x00000000a3800000| PB 0x00000000a3800000| Untracked 
|  45|0x00000000a3900000, 0x00000000a3900000, 0x00000000a3a00000|  0%| F|  |TAMS 0x00000000a3900000| PB 0x00000000a3900000| Untracked 
|  46|0x00000000a3a00000, 0x00000000a3a00000, 0x00000000a3b00000|  0%| F|  |TAMS 0x00000000a3a00000| PB 0x00000000a3a00000| Untracked 
|  47|0x00000000a3b00000, 0x00000000a3b00000, 0x00000000a3c00000|  0%| F|  |TAMS 0x00000000a3b00000| PB 0x00000000a3b00000| Untracked 
|  48|0x00000000a3c00000, 0x00000000a3c00000, 0x00000000a3d00000|  0%| F|  |TAMS 0x00000000a3c00000| PB 0x00000000a3c00000| Untracked 
|  49|0x00000000a3d00000, 0x00000000a3d00000, 0x00000000a3e00000|  0%| F|  |TAMS 0x00000000a3d00000| PB 0x00000000a3d00000| Untracked 
|  50|0x00000000a3e00000, 0x00000000a3e00000, 0x00000000a3f00000|  0%| F|  |TAMS 0x00000000a3e00000| PB 0x00000000a3e00000| Untracked 
|  51|0x00000000a3f00000, 0x00000000a3f00000, 0x00000000a4000000|  0%| F|  |TAMS 0x00000000a3f00000| PB 0x00000000a3f00000| Untracked 
|  52|0x00000000a4000000, 0x00000000a4000000, 0x00000000a4100000|  0%| F|  |TAMS 0x00000000a4000000| PB 0x00000000a4000000| Untracked 
|  53|0x00000000a4100000, 0x00000000a4100000, 0x00000000a4200000|  0%| F|  |TAMS 0x00000000a4100000| PB 0x00000000a4100000| Untracked 
|  54|0x00000000a4200000, 0x00000000a4200000, 0x00000000a4300000|  0%| F|  |TAMS 0x00000000a4200000| PB 0x00000000a4200000| Untracked 
|  55|0x00000000a4300000, 0x00000000a4300000, 0x00000000a4400000|  0%| F|  |TAMS 0x00000000a4300000| PB 0x00000000a4300000| Untracked 
|  56|0x00000000a4400000, 0x00000000a4400000, 0x00000000a4500000|  0%| F|  |TAMS 0x00000000a4400000| PB 0x00000000a4400000| Untracked 
|  57|0x00000000a4500000, 0x00000000a4500000, 0x00000000a4600000|  0%| F|  |TAMS 0x00000000a4500000| PB 0x00000000a4500000| Untracked 
|  58|0x00000000a4600000, 0x00000000a4600000, 0x00000000a4700000|  0%| F|  |TAMS 0x00000000a4600000| PB 0x00000000a4600000| Untracked 
|  59|0x00000000a4700000, 0x00000000a4700000, 0x00000000a4800000|  0%| F|  |TAMS 0x00000000a4700000| PB 0x00000000a4700000| Untracked 
|  60|0x00000000a4800000, 0x00000000a4800000, 0x00000000a4900000|  0%| F|  |TAMS 0x00000000a4800000| PB 0x00000000a4800000| Untracked 
|  61|0x00000000a4900000, 0x00000000a4900000, 0x00000000a4a00000|  0%| F|  |TAMS 0x00000000a4900000| PB 0x00000000a4900000| Untracked 
|  62|0x00000000a4a00000, 0x00000000a4a00000, 0x00000000a4b00000|  0%| F|  |TAMS 0x00000000a4a00000| PB 0x00000000a4a00000| Untracked 
|  63|0x00000000a4b00000, 0x00000000a4b00000, 0x00000000a4c00000|  0%| F|  |TAMS 0x00000000a4b00000| PB 0x00000000a4b00000| Untracked 
|  64|0x00000000a4c00000, 0x00000000a4c16b10, 0x00000000a4d00000|  8%| E|  |TAMS 0x00000000a4c00000| PB 0x00000000a4c00000| Complete 
|  65|0x00000000a4d00000, 0x00000000a4e00000, 0x00000000a4e00000|100%| E|CS|TAMS 0x00000000a4d00000| PB 0x00000000a4d00000| Complete 
|  66|0x00000000a4e00000, 0x00000000a4e10040, 0x00000000a4f00000|  6%| S|CS|TAMS 0x00000000a4e00000| PB 0x00000000a4e00000| Complete 
|  67|0x00000000a4f00000, 0x00000000a5000000, 0x00000000a5000000|100%| S|CS|TAMS 0x00000000a4f00000| PB 0x00000000a4f00000| Complete 
|  68|0x00000000a5000000, 0x00000000a5100000, 0x00000000a5100000|100%| S|CS|TAMS 0x00000000a5000000| PB 0x00000000a5000000| Complete 
|  69|0x00000000a5100000, 0x00000000a5200000, 0x00000000a5200000|100%| E|  |TAMS 0x00000000a5100000| PB 0x00000000a5100000| Complete 
|  70|0x00000000a5200000, 0x00000000a5300000, 0x00000000a5300000|100%| E|CS|TAMS 0x00000000a5200000| PB 0x00000000a5200000| Complete 
|  71|0x00000000a5300000, 0x00000000a5400000, 0x00000000a5400000|100%| E|CS|TAMS 0x00000000a5300000| PB 0x00000000a5300000| Complete 
|  72|0x00000000a5400000, 0x00000000a5500000, 0x00000000a5500000|100%| E|CS|TAMS 0x00000000a5400000| PB 0x00000000a5400000| Complete 
|  73|0x00000000a5500000, 0x00000000a5600000, 0x00000000a5600000|100%| E|CS|TAMS 0x00000000a5500000| PB 0x00000000a5500000| Complete 
|  74|0x00000000a5600000, 0x00000000a5700000, 0x00000000a5700000|100%| E|CS|TAMS 0x00000000a5600000| PB 0x00000000a5600000| Complete 
|  75|0x00000000a5700000, 0x00000000a5800000, 0x00000000a5800000|100%| E|CS|TAMS 0x00000000a5700000| PB 0x00000000a5700000| Complete 
|  76|0x00000000a5800000, 0x00000000a5900000, 0x00000000a5900000|100%| E|CS|TAMS 0x00000000a5800000| PB 0x00000000a5800000| Complete 
|  77|0x00000000a5900000, 0x00000000a5a00000, 0x00000000a5a00000|100%| E|CS|TAMS 0x00000000a5900000| PB 0x00000000a5900000| Complete 
|  78|0x00000000a5a00000, 0x00000000a5b00000, 0x00000000a5b00000|100%| E|CS|TAMS 0x00000000a5a00000| PB 0x00000000a5a00000| Complete 
|  79|0x00000000a5b00000, 0x00000000a5c00000, 0x00000000a5c00000|100%| E|CS|TAMS 0x00000000a5b00000| PB 0x00000000a5b00000| Complete 
|  80|0x00000000a5c00000, 0x00000000a5d00000, 0x00000000a5d00000|100%| E|CS|TAMS 0x00000000a5c00000| PB 0x00000000a5c00000| Complete 
|  81|0x00000000a5d00000, 0x00000000a5e00000, 0x00000000a5e00000|100%| E|CS|TAMS 0x00000000a5d00000| PB 0x00000000a5d00000| Complete 
|  82|0x00000000a5e00000, 0x00000000a5f00000, 0x00000000a5f00000|100%| E|CS|TAMS 0x00000000a5e00000| PB 0x00000000a5e00000| Complete 
|  83|0x00000000a5f00000, 0x00000000a6000000, 0x00000000a6000000|100%| E|CS|TAMS 0x00000000a5f00000| PB 0x00000000a5f00000| Complete 
|  84|0x00000000a6000000, 0x00000000a6100000, 0x00000000a6100000|100%| E|CS|TAMS 0x00000000a6000000| PB 0x00000000a6000000| Complete 
|  85|0x00000000a6100000, 0x00000000a6200000, 0x00000000a6200000|100%| E|CS|TAMS 0x00000000a6100000| PB 0x00000000a6100000| Complete 
|  86|0x00000000a6200000, 0x00000000a6300000, 0x00000000a6300000|100%| E|CS|TAMS 0x00000000a6200000| PB 0x00000000a6200000| Complete 
|  87|0x00000000a6300000, 0x00000000a6400000, 0x00000000a6400000|100%| E|CS|TAMS 0x00000000a6300000| PB 0x00000000a6300000| Complete 
|  88|0x00000000a6400000, 0x00000000a6500000, 0x00000000a6500000|100%| E|CS|TAMS 0x00000000a6400000| PB 0x00000000a6400000| Complete 
|  89|0x00000000a6500000, 0x00000000a6600000, 0x00000000a6600000|100%| E|CS|TAMS 0x00000000a6500000| PB 0x00000000a6500000| Complete 
|  90|0x00000000a6600000, 0x00000000a6700000, 0x00000000a6700000|100%| E|CS|TAMS 0x00000000a6600000| PB 0x00000000a6600000| Complete 
|  91|0x00000000a6700000, 0x00000000a6800000, 0x00000000a6800000|100%| E|CS|TAMS 0x00000000a6700000| PB 0x00000000a6700000| Complete 
|  92|0x00000000a6800000, 0x00000000a6900000, 0x00000000a6900000|100%| E|CS|TAMS 0x00000000a6800000| PB 0x00000000a6800000| Complete 
|  93|0x00000000a6900000, 0x00000000a6a00000, 0x00000000a6a00000|100%| E|CS|TAMS 0x00000000a6900000| PB 0x00000000a6900000| Complete 
|  94|0x00000000a6a00000, 0x00000000a6b00000, 0x00000000a6b00000|100%| E|CS|TAMS 0x00000000a6a00000| PB 0x00000000a6a00000| Complete 
|  95|0x00000000a6b00000, 0x00000000a6c00000, 0x00000000a6c00000|100%| E|CS|TAMS 0x00000000a6b00000| PB 0x00000000a6b00000| Complete 

Card table byte_map: [0x00000204ab500000,0x00000204ab800000] _byte_map_base: 0x00000204aaffa000

Marking Bits: (CMBitMap*) 0x000002049e0e0bf0
 Bits: [0x00000204abb00000, 0x00000204ad2d0000)

Polling page: 0x000002049e150000

Metaspace:

Usage:
  Non-class:     15.81 MB used.
      Class:      2.50 MB used.
       Both:     18.31 MB used.

Virtual space:
  Non-class space:       64.00 MB reserved,      16.00 MB ( 25%) committed,  1 nodes.
      Class space:        1.00 GB reserved,       2.69 MB ( <1%) committed,  1 nodes.
             Both:        1.06 GB reserved,      18.69 MB (  2%) committed. 

Chunk freelists:
   Non-Class:  3.67 MB
       Class:  1.30 MB
        Both:  4.97 MB

MaxMetaspaceSize: unlimited
CompressedClassSpaceSize: 1.00 GB
Initial GC threshold: 21.00 MB
Current GC threshold: 21.00 MB
CDS: on
MetaspaceReclaimPolicy: balanced
 - commit_granule_bytes: 65536.
 - commit_granule_words: 8192.
 - virtual_space_node_default_size: 8388608.
 - enlarge_chunks_in_place: 1.
 - new_chunks_are_fully_committed: 0.
 - uncommit_free_chunks: 1.
 - use_allocation_guard: 0.


Internal statistics:

num_allocs_failed_limit: 0.
num_arena_births: 362.
num_arena_deaths: 0.
num_vsnodes_births: 2.
num_vsnodes_deaths: 0.
num_space_committed: 299.
num_space_uncommitted: 0.
num_chunks_returned_to_freelist: 0.
num_chunks_taken_from_freelist: 910.
num_chunk_merges: 0.
num_chunk_splits: 610.
num_chunks_enlarged: 435.
num_inconsistent_stats: 0.

CodeCache: size=49152Kb used=6246Kb max_used=6246Kb free=42905Kb
 bounds [0x00000204a7910000, 0x00000204a7f30000, 0x00000204aa910000]
 total_blobs=3063 nmethods=2551 adapters=434
 compilation: enabled
              stopped_count=0, restarted_count=0
 full_count=0

Compilation events (20 events):
Event: 2.671 Thread 0x00000204b407c050 nmethod 2540 0x00000204a7f25090 code [0x00000204a7f25200, 0x00000204a7f252c8]
Event: 2.671 Thread 0x00000204afd43850 nmethod 2541 0x00000204a7f25390 code [0x00000204a7f25500, 0x00000204a7f255c8]
Event: 2.679 Thread 0x00000204b4668cd0 2542       1       java.lang.Exception::<init> (7 bytes)
Event: 2.679 Thread 0x00000204afd43850 2543       1       java.lang.Throwable::<init> (39 bytes)
Event: 2.680 Thread 0x00000204b4668cd0 nmethod 2542 0x00000204a7f25d90 code [0x00000204a7f25f20, 0x00000204a7f25ff8]
Event: 2.680 Thread 0x00000204afd43850 nmethod 2543 0x00000204a7f26090 code [0x00000204a7f26240, 0x00000204a7f26538]
Event: 2.680 Thread 0x00000204afd43850 2544       1       java.lang.ClassNotFoundException::<init> (7 bytes)
Event: 2.680 Thread 0x00000204b4668cd0 2545       1       java.lang.ReflectiveOperationException::<init> (7 bytes)
Event: 2.680 Thread 0x00000204afd43850 nmethod 2544 0x00000204a7f26610 code [0x00000204a7f267a0, 0x00000204a7f26880]
Event: 2.680 Thread 0x00000204b4668cd0 nmethod 2545 0x00000204a7f26910 code [0x00000204a7f26aa0, 0x00000204a7f26b78]
Event: 2.682 Thread 0x00000204b4668cd0 2546   !   1       java.lang.Class::getTypeName (46 bytes)
Event: 2.683 Thread 0x00000204b4668cd0 nmethod 2546 0x00000204a7f26c10 code [0x00000204a7f26ec0, 0x00000204a7f27780]
Event: 2.693 Thread 0x00000204b4668cd0 2547       1       java.util.BitSet::wordIndex (5 bytes)
Event: 2.693 Thread 0x00000204afd43850 2548       1       java.util.BitSet::checkInvariants (111 bytes)
Event: 2.693 Thread 0x00000204afd43850 nmethod 2548 0x00000204a7f28010 code [0x00000204a7f28180, 0x00000204a7f28248]
Event: 2.693 Thread 0x00000204b4668cd0 nmethod 2547 0x00000204a7f28310 code [0x00000204a7f28480, 0x00000204a7f28530]
Event: 2.696 Thread 0x00000204afd43850 2550       1       java.util.BitSet::get (69 bytes)
Event: 2.696 Thread 0x00000204afd43850 nmethod 2550 0x00000204a7f28c90 code [0x00000204a7f28e60, 0x00000204a7f29208]
Event: 2.703 Thread 0x00000204afd43850 2551   !   1       java.util.concurrent.CopyOnWriteArrayList::add (46 bytes)
Event: 2.704 Thread 0x00000204afd43850 nmethod 2551 0x00000204a7f29410 code [0x00000204a7f295c0, 0x00000204a7f29940]

GC Heap History (4 events):
Event: 1.238 GC heap before
{Heap before GC invocations=0 (full 0):
 garbage-first heap   total 98304K, used 23552K [0x00000000a0c00000, 0x0000000100000000)
  region size 1024K, 23 young (23552K), 0 survivors (0K)
 Metaspace       used 6669K, committed 6848K, reserved 1114112K
  class space    used 788K, committed 896K, reserved 1048576K
}
Event: 1.253 GC heap after
{Heap after GC invocations=1 (full 0):
 garbage-first heap   total 98304K, used 8007K [0x00000000a0c00000, 0x0000000100000000)
  region size 1024K, 3 young (3072K), 3 survivors (3072K)
 Metaspace       used 6669K, committed 6848K, reserved 1114112K
  class space    used 788K, committed 896K, reserved 1048576K
}
Event: 2.218 GC heap before
{Heap before GC invocations=1 (full 0):
 garbage-first heap   total 98304K, used 32583K [0x00000000a0c00000, 0x0000000100000000)
  region size 1024K, 27 young (27648K), 3 survivors (3072K)
 Metaspace       used 12325K, committed 12672K, reserved 1114112K
  class space    used 1663K, committed 1856K, reserved 1048576K
}
Event: 2.224 GC heap after
{Heap after GC invocations=2 (full 0):
 garbage-first heap   total 98304K, used 10166K [0x00000000a0c00000, 0x0000000100000000)
  region size 1024K, 3 young (3072K), 3 survivors (3072K)
 Metaspace       used 12325K, committed 12672K, reserved 1114112K
  class space    used 1663K, committed 1856K, reserved 1048576K
}

Dll operation events (13 events):
Event: 0.012 Loaded shared library C:\Users\Sk09\.jdks\openjdk-20\bin\java.dll
Event: 0.021 Loaded shared library C:\Users\Sk09\.jdks\openjdk-20\bin\jsvml.dll
Event: 0.181 Loaded shared library C:\Users\Sk09\.jdks\openjdk-20\bin\zip.dll
Event: 0.184 Loaded shared library C:\Users\Sk09\.jdks\openjdk-20\bin\instrument.dll
Event: 0.201 Loaded shared library C:\Users\Sk09\.jdks\openjdk-20\bin\net.dll
Event: 0.205 Loaded shared library C:\Users\Sk09\.jdks\openjdk-20\bin\nio.dll
Event: 0.215 Loaded shared library C:\Users\Sk09\.jdks\openjdk-20\bin\zip.dll
Event: 0.401 Loaded shared library D:\IntelliJ IDEA 2023.1\bin\breakgen64.dll
Event: 0.413 Loaded shared library C:\Users\Sk09\.jdks\openjdk-20\bin\jimage.dll
Event: 0.420 Loaded shared library C:\Users\Sk09\.jdks\openjdk-20\bin\extnet.dll
Event: 0.450 Loaded shared library C:\Users\Sk09\.jdks\openjdk-20\bin\management.dll
Event: 0.499 Loaded shared library C:\Users\Sk09\.jdks\openjdk-20\bin\management_ext.dll
Event: 1.014 Loaded shared library C:\Users\Sk09\.jdks\openjdk-20\bin\verify.dll

Deoptimization events (6 events):
Event: 0.715 Thread 0x000002049e090610 DEOPT PACKING pc=0x00000204a7be195d sp=0x0000005bc9efd2b0
Event: 0.716 Thread 0x000002049e090610 DEOPT UNPACKING pc=0x00000204a797a4c2 sp=0x0000005bc9efc760 mode 3
Event: 0.736 Thread 0x000002049e090610 DEOPT PACKING pc=0x00000204a7bf91e0 sp=0x0000005bc9efd280
Event: 0.737 Thread 0x000002049e090610 DEOPT UNPACKING pc=0x00000204a797a4c2 sp=0x0000005bc9efc738 mode 3
Event: 2.412 Thread 0x000002049e090610 DEOPT PACKING pc=0x00000204a7edb179 sp=0x0000005bc9efd4a0
Event: 2.412 Thread 0x000002049e090610 DEOPT UNPACKING pc=0x00000204a797a4c2 sp=0x0000005bc9efc980 mode 3

Classes loaded (20 events):
Event: 2.659 Loading class sun/reflect/annotation/AnnotatedTypeFactory
Event: 2.660 Loading class sun/reflect/annotation/AnnotatedTypeFactory done
Event: 2.660 Loading class sun/reflect/annotation/AnnotatedTypeFactory$AnnotatedTypeBaseImpl
Event: 2.661 Loading class sun/reflect/annotation/AnnotatedTypeFactory$AnnotatedTypeBaseImpl done
Event: 2.661 Loading class java/lang/reflect/AnnotatedParameterizedType
Event: 2.661 Loading class java/lang/reflect/AnnotatedParameterizedType done
Event: 2.661 Loading class java/lang/reflect/AnnotatedArrayType
Event: 2.661 Loading class java/lang/reflect/AnnotatedArrayType done
Event: 2.668 Loading class javax/naming/ldap/LdapContext
Event: 2.668 Loading class javax/naming/directory/DirContext
Event: 2.668 Loading class javax/naming/directory/DirContext done
Event: 2.668 Loading class javax/naming/ldap/LdapContext done
Event: 2.673 Loading class sun/reflect/annotation/AnnotatedTypeFactory$AnnotatedParameterizedTypeImpl
Event: 2.674 Loading class sun/reflect/annotation/AnnotatedTypeFactory$AnnotatedParameterizedTypeImpl done
Event: 2.674 Loading class sun/reflect/annotation/AnnotatedTypeFactory$AnnotatedWildcardTypeImpl
Event: 2.674 Loading class java/lang/reflect/AnnotatedWildcardType
Event: 2.674 Loading class java/lang/reflect/AnnotatedWildcardType done
Event: 2.674 Loading class sun/reflect/annotation/AnnotatedTypeFactory$AnnotatedWildcardTypeImpl done
Event: 2.698 Loading class javax/xml/bind$Binder
Event: 2.698 Loading class javax/xml/bind$Binder done

Classes unloaded (0 events):
No events

Classes redefined (0 events):
No events

Internal exceptions (20 events):
Event: 2.143 Thread 0x000002049e090610 Exception <a 'java/lang/NoSuchMethodError'{0x00000000a5525460}: 'void java.lang.invoke.DirectMethodHandle$Holder.invokeStaticInit(java.lang.Object, java.lang.Object, java.lang.Object)'> (0x00000000a5525460) 
thrown [s\open\src\hotspot\share\interpreter\linkResolver.cpp, line 773]
Event: 2.161 Thread 0x000002049e090610 Exception <a 'java/lang/NoSuchMethodError'{0x00000000a557d758}: 'void java.lang.invoke.DirectMethodHandle$Holder.invokeVirtual(java.lang.Object, java.lang.Object, java.lang.Object, java.lang.Object)'> (0x00000000a557d758) 
thrown [s\open\src\hotspot\share\interpreter\linkResolver.cpp, line 773]
Event: 2.304 Thread 0x00000204b519b2a0 Exception <a 'java/lang/NoSuchMethodError'{0x00000000a66960e8}: 'void java.lang.invoke.DirectMethodHandle$Holder.invokeInterface(java.lang.Object, java.lang.Object, java.lang.Object, java.lang.Object)'> (0x00000000a66960e8) 
thrown [s\open\src\hotspot\share\interpreter\linkResolver.cpp, line 773]
Event: 2.355 Thread 0x000002049e090610 Exception <a 'java/lang/NoSuchMethodError'{0x00000000a64eb838}: 'org.slf4j.impl.StaticMDCBinder org.slf4j.impl.StaticMDCBinder.getSingleton()'> (0x00000000a64eb838) 
thrown [s\open\src\hotspot\share\interpreter\linkResolver.cpp, line 773]
Event: 2.369 Thread 0x000002049e090610 Exception <a 'java/lang/NoSuchMethodError'{0x00000000a6363cf8}: 'int java.lang.invoke.Invokers$Holder.invokeExact_MT(java.lang.Object, java.lang.Object)'> (0x00000000a6363cf8) 
thrown [s\open\src\hotspot\share\interpreter\linkResolver.cpp, line 773]
Event: 2.522 Thread 0x000002049e090610 Exception <a 'java/lang/ClassNotFoundException'{0x00000000a5c38a90}: java/lang/ObjectCustomizer> (0x00000000a5c38a90) 
thrown [s\open\src\hotspot\share\classfile\systemDictionary.cpp, line 305]
Event: 2.532 Thread 0x000002049e090610 Exception <a 'java/lang/IncompatibleClassChangeError'{0x00000000a5c3d680}: Found class java.lang.Object, but interface was expected> (0x00000000a5c3d680) 
thrown [s\open\src\hotspot\share\interpreter\linkResolver.cpp, line 840]
Event: 2.541 Thread 0x000002049e090610 Exception <a 'java/lang/ClassNotFoundException'{0x00000000a5c57168}: org/springframework/context/annotation/ConfigurationClassPostProcessorCustomizer> (0x00000000a5c57168) 
thrown [s\open\src\hotspot\share\classfile\systemDictionary.cpp, line 305]
Event: 2.546 Thread 0x000002049e090610 Exception <a 'java/lang/ClassNotFoundException'{0x00000000a5c76688}: org/springframework/beans/factory/support/BeanDefinitionRegistryPostProcessorCustomizer> (0x00000000a5c76688) 
thrown [s\open\src\hotspot\share\classfile\systemDictionary.cpp, line 305]
Event: 2.547 Thread 0x000002049e090610 Exception <a 'java/lang/ClassNotFoundException'{0x00000000a5c7bb40}: org/springframework/beans/factory/config/BeanFactoryPostProcessorCustomizer> (0x00000000a5c7bb40) 
thrown [s\open\src\hotspot\share\classfile\systemDictionary.cpp, line 305]
Event: 2.548 Thread 0x000002049e090610 Exception <a 'java/lang/ClassNotFoundException'{0x00000000a5c80c90}: org/springframework/core/PriorityOrderedCustomizer> (0x00000000a5c80c90) 
thrown [s\open\src\hotspot\share\classfile\systemDictionary.cpp, line 305]
Event: 2.548 Thread 0x000002049e090610 Exception <a 'java/lang/ClassNotFoundException'{0x00000000a5c849c8}: org/springframework/core/OrderedCustomizer> (0x00000000a5c849c8) 
thrown [s\open\src\hotspot\share\classfile\systemDictionary.cpp, line 305]
Event: 2.549 Thread 0x000002049e090610 Exception <a 'java/lang/ClassNotFoundException'{0x00000000a5b6bbd8}: org/springframework/context/ResourceLoaderAwareCustomizer> (0x00000000a5b6bbd8) 
thrown [s\open\src\hotspot\share\classfile\systemDictionary.cpp, line 305]
Event: 2.551 Thread 0x000002049e090610 Exception <a 'java/lang/ClassNotFoundException'{0x00000000a5b70cf0}: org/springframework/beans/factory/AwareCustomizer> (0x00000000a5b70cf0) 
thrown [s\open\src\hotspot\share\classfile\systemDictionary.cpp, line 305]
Event: 2.552 Thread 0x000002049e090610 Exception <a 'java/lang/ClassNotFoundException'{0x00000000a5b74e60}: org/springframework/context/ApplicationStartupAwareCustomizer> (0x00000000a5b74e60) 
thrown [s\open\src\hotspot\share\classfile\systemDictionary.cpp, line 305]
Event: 2.553 Thread 0x000002049e090610 Exception <a 'java/lang/ClassNotFoundException'{0x00000000a5b7a200}: org/springframework/beans/factory/AwareCustomizer> (0x00000000a5b7a200) 
thrown [s\open\src\hotspot\share\classfile\systemDictionary.cpp, line 305]
Event: 2.554 Thread 0x000002049e090610 Exception <a 'java/lang/ClassNotFoundException'{0x00000000a5b7e468}: org/springframework/beans/factory/BeanClassLoaderAwareCustomizer> (0x00000000a5b7e468) 
thrown [s\open\src\hotspot\share\classfile\systemDictionary.cpp, line 305]
Event: 2.555 Thread 0x000002049e090610 Exception <a 'java/lang/ClassNotFoundException'{0x00000000a5b83568}: org/springframework/beans/factory/AwareCustomizer> (0x00000000a5b83568) 
thrown [s\open\src\hotspot\share\classfile\systemDictionary.cpp, line 305]
Event: 2.556 Thread 0x000002049e090610 Exception <a 'java/lang/ClassNotFoundException'{0x00000000a5b87440}: org/springframework/context/EnvironmentAwareCustomizer> (0x00000000a5b87440) 
thrown [s\open\src\hotspot\share\classfile\systemDictionary.cpp, line 305]
Event: 2.557 Thread 0x000002049e090610 Exception <a 'java/lang/ClassNotFoundException'{0x00000000a5b8c4d8}: org/springframework/beans/factory/AwareCustomizer> (0x00000000a5b8c4d8) 
thrown [s\open\src\hotspot\share\classfile\systemDictionary.cpp, line 305]

VM Operations (20 events):
Event: 1.472 Executing VM operation: HandshakeAllThreads
Event: 1.472 Executing VM operation: HandshakeAllThreads done
Event: 1.524 Executing VM operation: HandshakeAllThreads
Event: 1.524 Executing VM operation: HandshakeAllThreads done
Event: 1.611 Executing VM operation: HandshakeAllThreads
Event: 1.611 Executing VM operation: HandshakeAllThreads done
Event: 1.756 Executing VM operation: HandshakeAllThreads
Event: 1.756 Executing VM operation: HandshakeAllThreads done
Event: 2.079 Executing VM operation: ICBufferFull
Event: 2.079 Executing VM operation: ICBufferFull done
Event: 2.206 Executing VM operation: HandshakeAllThreads
Event: 2.206 Executing VM operation: HandshakeAllThreads done
Event: 2.218 Executing VM operation: G1CollectForAllocation
Event: 2.224 Executing VM operation: G1CollectForAllocation done
Event: 2.447 Executing VM operation: HandshakeAllThreads
Event: 2.447 Executing VM operation: HandshakeAllThreads done
Event: 2.484 Executing VM operation: HandshakeAllThreads
Event: 2.484 Executing VM operation: HandshakeAllThreads done
Event: 2.575 Executing VM operation: HandshakeAllThreads
Event: 2.575 Executing VM operation: HandshakeAllThreads done

Events (20 events):
Event: 0.039 Thread 0x00000204afd43850 Thread added: 0x00000204afd43850
Event: 0.151 Thread 0x00000204afd09150 Thread added: 0x00000204afd09150
Event: 0.167 Thread 0x00000204b407c050 Thread added: 0x00000204b407c050
Event: 0.402 Thread 0x00000204b44c45f0 Thread added: 0x00000204b44c45f0
Event: 0.402 Thread 0x00000204b44d0530 Thread added: 0x00000204b44d0530
Event: 0.903 Thread 0x00000204b4668cd0 Thread added: 0x00000204b4668cd0
Event: 0.948 Thread 0x00000204b466fe60 Thread added: 0x00000204b466fe60
Event: 1.467 Thread 0x00000204b4af1030 Thread added: 0x00000204b4af1030
Event: 1.506 Thread 0x00000204b4b350e0 Thread added: 0x00000204b4b350e0
Event: 1.521 Thread 0x00000204b4b7c010 Thread added: 0x00000204b4b7c010
Event: 1.554 Thread 0x00000204b4b7c010 Thread exited: 0x00000204b4b7c010
Event: 1.897 Thread 0x00000204b4beb570 Thread added: 0x00000204b4beb570
Event: 1.899 Thread 0x00000204b4beb570 Thread exited: 0x00000204b4beb570
Event: 2.057 Thread 0x00000204b50bec60 Thread added: 0x00000204b50bec60
Event: 2.064 Thread 0x00000204b50bec60 Thread exited: 0x00000204b50bec60
Event: 2.217 Thread 0x00000204b519b2a0 Thread added: 0x00000204b519b2a0
Event: 2.566 Thread 0x00000204b5215920 Thread added: 0x00000204b5215920
Event: 2.574 Thread 0x00000204b5215920 Thread exited: 0x00000204b5215920
Event: 2.647 Thread 0x00000204b5216910 Thread added: 0x00000204b5216910
Event: 2.682 Thread 0x00000204b5216910 Thread exited: 0x00000204b5216910


Dynamic libraries:
0x00007ff73ec30000 - 0x00007ff73ec3e000 	C:\Users\Sk09\.jdks\openjdk-20\bin\java.exe
0x00007ff9b6f90000 - 0x00007ff9b7188000 	C:\Windows\SYSTEM32\ntdll.dll
0x00007ff9b5f30000 - 0x00007ff9b5fef000 	C:\Windows\System32\KERNEL32.DLL
0x00007ff9b49f0000 - 0x00007ff9b4cca000 	C:\Windows\System32\KERNELBASE.dll
0x00007ff9b46d0000 - 0x00007ff9b47d0000 	C:\Windows\System32\ucrtbase.dll
0x00007ff993e40000 - 0x00007ff993e57000 	C:\Users\Sk09\.jdks\openjdk-20\bin\jli.dll
0x00007ff993eb0000 - 0x00007ff993ecb000 	C:\Users\Sk09\.jdks\openjdk-20\bin\VCRUNTIME140.dll
0x00007ff9b6900000 - 0x00007ff9b6a9d000 	C:\Windows\System32\USER32.dll
0x00007ff9a07d0000 - 0x00007ff9a0a6a000 	C:\Windows\WinSxS\amd64_microsoft.windows.common-controls_6595b64144ccf1df_6.0.19041.1110_none_60b5254171f9507e\COMCTL32.dll
0x00007ff9b4930000 - 0x00007ff9b4952000 	C:\Windows\System32\win32u.dll
0x00007ff9b6e40000 - 0x00007ff9b6ede000 	C:\Windows\System32\msvcrt.dll
0x00007ff9b55c0000 - 0x00007ff9b55eb000 	C:\Windows\System32\GDI32.dll
0x00007ff9b4e20000 - 0x00007ff9b4f30000 	C:\Windows\System32\gdi32full.dll
0x00007ff9b4cd0000 - 0x00007ff9b4d6d000 	C:\Windows\System32\msvcp_win.dll
0x00007ff9b6180000 - 0x00007ff9b61b0000 	C:\Windows\System32\IMM32.DLL
0x00007ff9afc30000 - 0x00007ff9afc3c000 	C:\Users\Sk09\.jdks\openjdk-20\bin\vcruntime140_1.dll
0x00007ff97a580000 - 0x00007ff97a60e000 	C:\Users\Sk09\.jdks\openjdk-20\bin\msvcp140.dll
0x00007ff9652b0000 - 0x00007ff965f47000 	C:\Users\Sk09\.jdks\openjdk-20\bin\server\jvm.dll
0x00007ff9b5510000 - 0x00007ff9b55be000 	C:\Windows\System32\ADVAPI32.dll
0x00007ff9b5950000 - 0x00007ff9b59ec000 	C:\Windows\System32\sechost.dll
0x00007ff9b5ff0000 - 0x00007ff9b6116000 	C:\Windows\System32\RPCRT4.dll
0x00007ff9ac190000 - 0x00007ff9ac19a000 	C:\Windows\SYSTEM32\VERSION.dll
0x00007ff9a41f0000 - 0x00007ff9a41f9000 	C:\Windows\SYSTEM32\WSOCK32.dll
0x00007ff9aae00000 - 0x00007ff9aae27000 	C:\Windows\SYSTEM32\WINMM.dll
0x00007ff9b6ee0000 - 0x00007ff9b6f4b000 	C:\Windows\System32\WS2_32.dll
0x00007ff9b2eb0000 - 0x00007ff9b2ec2000 	C:\Windows\SYSTEM32\kernel.appcore.dll
0x00007ff9aed10000 - 0x00007ff9aed1a000 	C:\Users\Sk09\.jdks\openjdk-20\bin\jimage.dll
0x00007ff9b2a80000 - 0x00007ff9b2c64000 	C:\Windows\SYSTEM32\DBGHELP.DLL
0x00007ff9a8d90000 - 0x00007ff9a8dc4000 	C:\Windows\SYSTEM32\dbgcore.DLL
0x00007ff9b4960000 - 0x00007ff9b49e2000 	C:\Windows\System32\bcryptPrimitives.dll
0x00007ff9afc70000 - 0x00007ff9afc7e000 	C:\Users\Sk09\.jdks\openjdk-20\bin\instrument.dll
0x00007ff995f40000 - 0x00007ff995f66000 	C:\Users\Sk09\.jdks\openjdk-20\bin\java.dll
0x00007ff97c710000 - 0x00007ff97c7e7000 	C:\Users\Sk09\.jdks\openjdk-20\bin\jsvml.dll
0x00007ff9b61b0000 - 0x00007ff9b68f4000 	C:\Windows\System32\SHELL32.dll
0x00007ff9b2220000 - 0x00007ff9b29b3000 	C:\Windows\SYSTEM32\windows.storage.dll
0x00007ff9b51b0000 - 0x00007ff9b5504000 	C:\Windows\System32\combase.dll
0x00007ff9b4100000 - 0x00007ff9b412e000 	C:\Windows\SYSTEM32\Wldp.dll
0x00007ff9b5770000 - 0x00007ff9b581d000 	C:\Windows\System32\SHCORE.dll
0x00007ff9b5820000 - 0x00007ff9b5875000 	C:\Windows\System32\shlwapi.dll
0x00007ff9b45e0000 - 0x00007ff9b45ff000 	C:\Windows\SYSTEM32\profapi.dll
0x00007ff98a150000 - 0x00007ff98a168000 	C:\Users\Sk09\.jdks\openjdk-20\bin\zip.dll
0x00007ff9ac540000 - 0x00007ff9ac553000 	C:\Users\Sk09\.jdks\openjdk-20\bin\net.dll
0x00007ff9aa700000 - 0x00007ff9aa80a000 	C:\Windows\SYSTEM32\WINHTTP.dll
0x00007ff9b3e60000 - 0x00007ff9b3eca000 	C:\Windows\system32\mswsock.dll
0x00007ff98e630000 - 0x00007ff98e646000 	C:\Users\Sk09\.jdks\openjdk-20\bin\nio.dll
0x00007ff9afb70000 - 0x00007ff9afb8a000 	D:\IntelliJ IDEA 2023.1\bin\breakgen64.dll
0x00007ff9ad270000 - 0x00007ff9ad277000 	C:\Users\Sk09\.jdks\openjdk-20\bin\extnet.dll
0x00007ff9b3b50000 - 0x00007ff9b3c1b000 	C:\Windows\SYSTEM32\DNSAPI.dll
0x00007ff9b3b00000 - 0x00007ff9b3b3c000 	C:\Windows\SYSTEM32\IPHLPAPI.DLL
0x00007ff9b51a0000 - 0x00007ff9b51a8000 	C:\Windows\System32\NSI.dll
0x00007ff9aa810000 - 0x00007ff9aa81a000 	C:\Windows\System32\rasadhlp.dll
0x00007ff9a9740000 - 0x00007ff9a97c0000 	C:\Windows\System32\fwpuclnt.dll
0x00007ff9b46a0000 - 0x00007ff9b46c7000 	C:\Windows\System32\bcrypt.dll
0x00007ff9afc60000 - 0x00007ff9afc6a000 	C:\Users\Sk09\.jdks\openjdk-20\bin\management.dll
0x00007ff9afba0000 - 0x00007ff9afbab000 	C:\Users\Sk09\.jdks\openjdk-20\bin\management_ext.dll
0x00007ff9b5f20000 - 0x00007ff9b5f28000 	C:\Windows\System32\PSAPI.DLL
0x00007ff9b4050000 - 0x00007ff9b4068000 	C:\Windows\SYSTEM32\CRYPTSP.dll
0x00007ff9b36e0000 - 0x00007ff9b3714000 	C:\Windows\system32\rsaenh.dll
0x00007ff9b45a0000 - 0x00007ff9b45ce000 	C:\Windows\SYSTEM32\USERENV.dll
0x00007ff9b4070000 - 0x00007ff9b407c000 	C:\Windows\SYSTEM32\CRYPTBASE.dll
0x00007ff9ac210000 - 0x00007ff9ac227000 	C:\Windows\SYSTEM32\dhcpcsvc6.DLL
0x00007ff9ac1f0000 - 0x00007ff9ac20d000 	C:\Windows\SYSTEM32\dhcpcsvc.DLL
0x00007ff996210000 - 0x00007ff996227000 	C:\Windows\system32\napinsp.dll
0x00007ff9962d0000 - 0x00007ff9962eb000 	C:\Windows\system32\pnrpnsp.dll
0x00007ff9af1a0000 - 0x00007ff9af1b5000 	C:\Windows\system32\wshbth.dll
0x00007ff9afb20000 - 0x00007ff9afb3d000 	C:\Windows\system32\NLAapi.dll
0x00007ff9961f0000 - 0x00007ff996202000 	C:\Windows\System32\winrnr.dll
0x00007ff9ace70000 - 0x00007ff9ace80000 	C:\Users\Sk09\.jdks\openjdk-20\bin\verify.dll

dbghelp: loaded successfully - version: 4.0.5 - missing functions: none
symbol engine: initialized successfully - sym options: 0x614 - pdb path: .;C:\Users\Sk09\.jdks\openjdk-20\bin;C:\Windows\SYSTEM32;C:\Windows\WinSxS\amd64_microsoft.windows.common-controls_6595b64144ccf1df_6.0.19041.1110_none_60b5254171f9507e;C:\Users\Sk09\.jdks\openjdk-20\bin\server;D:\IntelliJ IDEA 2023.1\bin

VM Arguments:
jvm_args: -XX:TieredStopAtLevel=1 -Dspring.output.ansi.enabled=always -Dcom.sun.management.jmxremote -Dspring.jmx.enabled=true -Dspring.liveBeansView.mbeanDomain -Dspring.application.admin.enabled=true -Dmanagement.endpoints.jmx.exposure.include=* -javaagent:D:\IntelliJ IDEA 2023.1\lib\idea_rt.jar=55665:D:\IntelliJ IDEA 2023.1\bin -Dfile.encoding=UTF-8 -Dsun.stdout.encoding=UTF-8 -Dsun.stderr.encoding=UTF-8 
java_command: com.Sk09Team.ConfigServer.ConfigServerApplication
java_class_path (initial): C:\Users\Sk09\Desktop\PFS\App_Reservation_Consultations\ConfigServer\target\classes;C:\Users\Sk09\.m2\repository\org\springframework\cloud\spring-cloud-config-server\3.1.3\spring-cloud-config-server-3.1.3.jar;C:\Users\Sk09\.m2\repository\org\springframework\cloud\spring-cloud-config-client\3.1.3\spring-cloud-config-client-3.1.3.jar;C:\Users\Sk09\.m2\repository\org\springframework\boot\spring-boot-autoconfigure\2.7.3\spring-boot-autoconfigure-2.7.3.jar;C:\Users\Sk09\.m2\repository\org\springframework\cloud\spring-cloud-commons\3.1.3\spring-cloud-commons-3.1.3.jar;C:\Users\Sk09\.m2\repository\org\springframework\cloud\spring-cloud-context\3.1.3\spring-cloud-context-3.1.3.jar;C:\Users\Sk09\.m2\repository\org\springframework\spring-web\5.3.22\spring-web-5.3.22.jar;C:\Users\Sk09\.m2\repository\org\springframework\spring-beans\5.3.22\spring-beans-5.3.22.jar;C:\Users\Sk09\.m2\repository\com\fasterxml\jackson\core\jackson-annotations\2.13.3\jackson-annotations-2.13.3.jar;C:\Users\Sk09\.m2\repository\com\fasterxml\jackson\core\jackson-databind\2.13.3\jackson-databind-2.13.3.jar;C:\Users\Sk09\.m2\repository\org\apache\httpcomponents\httpclient\4.5.13\httpclient-4.5.13.jar;C:\Users\Sk09\.m2\repository\commons-codec\commons-codec\1.15\commons-codec-1.15.jar;C:\Users\Sk09\.m2\repository\org\springframework\boot\spring-boot-starter-web\2.7.3\spring-boot-starter-web-2.7.3.jar;C:\Users\Sk09\.m2\repository\org\springframework\boot\spring-boot-starter-json\2.7.3\spring-boot-starter-json-2.7.3.jar;C:\Users\Sk09\.m2\repository\com\fasterxml\jackson\datatype\jackson-datatype-jdk8\2.13.3\jackson-datatype-jdk8-2.13.3.jar;C:\Users\Sk09\.m2\repository\com\fasterxml\jackson\datatype\jackson-datatype-jsr310\2.13.3\jackson-datatype-jsr310-2.13.3.jar;C:\Users\Sk09\.m2\repository\com\fasterxml\jackson\module\jackson-module-parameter-names\2.13.3\jackson-module-parameter-names-2.13.3.jar;C:\Users\Sk09\.m2\repository\org\springframework\boot\spring-boot-starter-tomcat\2.7.3\spring-boot-starter-tomcat-2.7.3.jar;C:\Users\Sk09\.m2\repository\org\apache\tomcat\embed\tomcat-embed-core\9.0.65\tomcat-embed-core-9.0.65.jar;C:\Users\Sk09\.m2\repository\org\apache\tomcat\embed\tomcat-embed-websocket\9.0.65\tomcat-embed-websocket-9.0.65.jar;C:\Users\Sk09\.m2\repository\org\springframework\spring-webmvc\5.3.22\spring-webmvc-5.3.22.jar;C:\Users\Sk09\.m2\repository\org\springframework\spring-aop\5.3.22\spring-aop-5.3.22.jar;C:\Users\Sk09\.m2\repository\org\springframework\spring-context\5.3.22\spring-context-5.3.22.jar;C:\Users\Sk09\.m2\repository\org\springframework\spring-expression\5.3.22\spring-expression-5.3.22.jar;C:\Users\Sk09\.m2\repository\org\springframework\boot\spring-boot-starter-validation\2.7.3\spring-boot-starter-validation-2.7.3.jar;C:\Users\Sk09\.m2\repository\org\apache\tomcat\embed\tomcat-embed-el\9.0.65\tomcat-embed-el-9.0.65.jar;C:\Users\Sk09\.m2\repository\org\hibernate\validator\hibernate-validator\6.2.4.Final\hibernate-validator-6.2.4.Final.jar;C:\Users\Sk09\.m2\repository\jakarta\validation\jakarta.validation-api\2.0.2\jakarta.validation-api-2.0.2.jar;C:\Users\Sk09\.m2\repository\org\jboss\logging\jboss-logging\3.4.3.Final\jboss-logging-3.4.3.Final.jar;C:\Users\Sk09\.m2\repository\com\fasterxml\classmate\1.5.1\classmate-1.5.1.jar;C:\Users\Sk09\.m2\repository\org\springframework\security\spring-security-crypto\5.7.3\spring-security-crypto-5.7.3.jar;C:\Users\Sk09\.m2\repository\org\springframework\security\spring-security-rsa\1.0.10.RELEASE\spring-security-rsa-1.0.10.RELEASE.jar;C:\Users\Sk09\.m2\repository\org\bouncycastle\bcpkix-jdk15on\1.68\bcpkix-jdk15on-1.68.jar;C:\Users\Sk09\.m2\repository\org\bouncycastle\bcprov-jdk15on\1.68\bcprov-jdk15on-1.68.jar;C:\Users\Sk09\.m2\repository\org\eclipse\jgit\org.eclipse.jgit\5.12.0.202106070339-r\org.eclipse.jgit-5.12.0.202106070339-r.jar;C:\Users\Sk09\.m2\repository\com\googlecode\javaewah\JavaEWAH\1.1.7\JavaEWAH-1.1.7.jar;C:\Users\Sk09\.m2\repository\org\slf4j\slf4j-api\1.7.36\slf4j-api-1.7.36.jar;C:\Users\Sk09\.m2\repository\org\eclipse\jgit\org.eclipse.jgit.http.apache\5.12.0.202106070339-r\org.eclipse.jgit.http.apache-5.12.0.202106070339-r.jar;C:\Users\Sk09\.m2\repository\org\apache\httpcomponents\httpcore\4.4.15\httpcore-4.4.15.jar;C:\Users\Sk09\.m2\repository\org\eclipse\jgit\org.eclipse.jgit.ssh.jsch\5.12.0.202106070339-r\org.eclipse.jgit.ssh.jsch-5.12.0.202106070339-r.jar;C:\Users\Sk09\.m2\repository\com\jcraft\jsch\0.1.55\jsch-0.1.55.jar;C:\Users\Sk09\.m2\repository\com\jcraft\jzlib\1.1.1\jzlib-1.1.1.jar;C:\Users\Sk09\.m2\repository\org\yaml\snakeyaml\1.30\snakeyaml-1.30.jar;C:\Users\Sk09\.m2\repository\com\fasterxml\jackson\dataformat\jackson-dataformat-yaml\2.13.3\jackson-dataformat-yaml-2.13.3.jar;C:\Users\Sk09\.m2\repository\com\fasterxml\jackson\core\jackson-core\2.13.3\jackson-core-2.13.3.jar;C:\Users\Sk09\.m2\repository\org\springframework\cloud\spring-cloud-starter-netflix-eureka-client\3.1.3\spring-cloud-starter-netflix-eureka-client-3.1.3.jar;C:\Users\Sk09\.m2\repository\org\springframework\cloud\spring-cloud-starter\3.1.3\spring-cloud-starter-3.1.3.jar;C:\Users\Sk09\.m2\repository\org\springframework\cloud\spring-cloud-netflix-eureka-client\3.1.3\spring-cloud-netflix-eureka-client-3.1.3.jar;C:\Users\Sk09\.m2\repository\com\netflix\eureka\eureka-client\1.10.17\eureka-client-1.10.17.jar;C:\Users\Sk09\.m2\repository\com\netflix\netflix-commons\netflix-eventbus\0.3.0\netflix-eventbus-0.3.0.jar;C:\Users\Sk09\.m2\repository\com\netflix\netflix-commons\netflix-infix\0.3.0\netflix-infix-0.3.0.jar;C:\Users\Sk09\.m2\repository\commons-jxpath\commons-jxpath\1.3\commons-jxpath-1.3.jar;C:\Users\Sk09\.m2\repository\joda-time\joda-time\2.3\joda-time-2.3.jar;C:\Users\Sk09\.m2\repository\org\antlr\antlr-runtime\3.4\antlr-runtime-3.4.jar;C:\Users\Sk09\.m2\repository\org\antlr\stringtemplate\3.2.1\stringtemplate-3.2.1.jar;C:\Users\Sk09\.m2\repository\antlr\antlr\2.7.7\antlr-2.7.7.jar;C:\Users\Sk09\.m2\repository\com\google\code\gson\gson\2.9.1\gson-2.9.1.jar;C:\Users\Sk09\.m2\repository\org\apache\commons\commons-math\2.2\commons-math-2.2.jar;C:\Users\Sk09\.m2\repository\com\thoughtworks\xstream\xstream\1.4.18\xstream-1.4.18.jar;C:\Users\Sk09\.m2\repository\io\github\x-stream\mxparser\1.2.2\mxparser-1.2.2.jar;C:\Users\Sk09\.m2\repository\xmlpull\xmlpull\1.1.3.1\xmlpull-1.1.3.1.jar;C:\Users\Sk09\.m2\repository\javax\ws\rs\jsr311-api\1.1.1\jsr311-api-1.1.1.jar;C:\Users\Sk09\.m2\repository\com\netflix\servo\servo-core\0.12.21\servo-core-0.12.21.jar;C:\Users\Sk09\.m2\repository\com\google\guava\guava\19.0\guava-19.0.jar;C:\Users\Sk09\.m2\repository\commons-configuration\commons-configuration\1.10\commons-configuration-1.10.jar;C:\Users\Sk09\.m2\repository\commons-lang\commons-lang\2.6\commons-lang-2.6.jar;C:\Users\Sk09\.m2\repository\com\google\inject\guice\4.1.0\guice-4.1.0.jar;C:\Users\Sk09\.m2\repository\javax\inject\javax.inject\1\javax.inject-1.jar;C:\Users\Sk09\.m2\repository\org\codehaus\jettison\jettison\1.4.0\jettison-1.4.0.jar;C:\Users\Sk09\.m2\repository\com\netflix\eureka\eureka-core\1.10.17\eureka-core-1.10.17.jar;C:\Users\Sk09\.m2\repository\com\fasterxml\woodstox\woodstox-core\6.2.1\woodstox-core-6.2.1.jar;C:\Users\Sk09\.m2\repository\org\codehaus\woodstox\stax2-api\4.2.1\stax2-api-4.2.1.jar;C:\Users\Sk09\.m2\repository\org\springframework\cloud\spring-cloud-starter-loadbalancer\3.1.3\spring-cloud-starter-loadbalancer-3.1.3.jar;C:\Users\Sk09\.m2\repository\org\springframework\cloud\spring-cloud-loadbalancer\3.1.3\spring-cloud-loadbalancer-3.1.3.jar;C:\Users\Sk09\.m2\repository\io\projectreactor\reactor-core\3.4.22\reactor-core-3.4.22.jar;C:\Users\Sk09\.m2\repository\org\reactivestreams\reactive-streams\1.0.4\reactive-streams-1.0.4.jar;C:\Users\Sk09\.m2\repository\io\projectreactor\addons\reactor-extra\3.4.8\reactor-extra-3.4.8.jar;C:\Users\Sk09\.m2\repository\org\springframework\boot\spring-boot-starter-cache\2.7.3\spring-boot-starter-cache-2.7.3.jar;C:\Users\Sk09\.m2\repository\org\springframework\spring-context-support\5.3.22\spring-context-support-5.3.22.jar;C:\Users\Sk09\.m2\repository\com\stoyanr\evictor\1.0.0\evictor-1.0.0.jar;C:\Users\Sk09\.m2\repository\org\springframework\boot\spring-boot-starter\2.7.3\spring-boot-starter-2.7.3.jar;C:\Users\Sk09\.m2\repository\org\springframework\boot\spring-boot\2.7.3\spring-boot-2.7.3.jar;C:\Users\Sk09\.m2\repository\org\springframework\boot\spring-boot-starter-logging\2.7.3\spring-boot-starter-logging-2.7.3.jar;C:\Users\Sk09\.m2\repository\ch\qos\logback\logback-classic\1.2.11\logback-classic-1.2.11.jar;C:\Users\Sk09\.m2\repository\ch\qos\logback\logback-core\1.2.11\logback-core-1.2.11.jar;C:\Users\Sk09\.m2\repository\org\apache\logging\log4j\log4j-to-slf4j\2.17.2\log4j-to-slf4j-2.17.2.jar;C:\Users\Sk09\.m2\repository\org\apache\logging\log4j\log4j-api\2.17.2\log4j-api-2.17.2.jar;C:\Users\Sk09\.m2\repository\org\slf4j\jul-to-slf4j\1.7.36\jul-to-slf4j-1.7.36.jar;C:\Users\Sk09\.m2\repository\jakarta\annotation\jakarta.annotation-api\1.3.5\jakarta.annotation-api-1.3.5.jar;C:\Users\Sk09\.m2\repository\org\springframework\spring-core\5.3.22\spring-core-5.3.22.jar;C:\Users\Sk09\.m2\repository\org\springframework\spring-jcl\5.3.22\spring-jcl-5.3.22.jar
Launcher Type: SUN_STANDARD

[Global flags]
     intx CICompilerCount                          = 4                                         {product} {ergonomic}
     uint ConcGCThreads                            = 2                                         {product} {ergonomic}
     uint G1ConcRefinementThreads                  = 8                                         {product} {ergonomic}
   size_t G1HeapRegionSize                         = 1048576                                   {product} {ergonomic}
    uintx GCDrainStackTargetSize                   = 64                                        {product} {ergonomic}
   size_t InitialHeapSize                          = 100663296                                 {product} {ergonomic}
     bool ManagementServer                         = true                                      {product} {command line}
   size_t MarkStackSize                            = 4194304                                   {product} {ergonomic}
   size_t MaxHeapSize                              = 1598029824                                {product} {ergonomic}
   size_t MaxNewSize                               = 958398464                                 {product} {ergonomic}
   size_t MinHeapDeltaBytes                        = 1048576                                   {product} {ergonomic}
   size_t MinHeapSize                              = 8388608                                   {product} {ergonomic}
    uintx NonProfiledCodeHeapSize                  = 0                                      {pd product} {ergonomic}
     bool ProfileInterpreter                       = false                                  {pd product} {command line}
    uintx ProfiledCodeHeapSize                     = 0                                      {pd product} {ergonomic}
   size_t SoftMaxHeapSize                          = 1598029824                             {manageable} {ergonomic}
     intx TieredStopAtLevel                        = 1                                         {product} {command line}
     bool UseCompressedClassPointers               = true                           {product lp64_product} {ergonomic}
     bool UseCompressedOops                        = true                           {product lp64_product} {ergonomic}
     bool UseG1GC                                  = true                                      {product} {ergonomic}
     bool UseLargePagesIndividualAllocation        = false                                  {pd product} {ergonomic}

Logging:
Log output configuration:
 #0: stdout all=warning uptime,level,tags foldmultilines=false
 #1: stderr all=off uptime,level,tags foldmultilines=false

Environment Variables:
JAVA_HOME=C:\Program Files\Java\jdk-11.0.17
PATH=C:\app\Sk09\product\21c\dbhomeXE\bin;E:\21c\dbhomeXE\bin;C:\Program Files\Common Files\Oracle\Java\javapath;C:\Program Files (x86)\VMware\VMware Player\bin\;C:\Windows\system32;C:\Windows;C:\Windows\System32\Wbem;C:\Windows\System32\WindowsPowerShell\v1.0\;C:\Windows\System32\OpenSSH\;C:\Program Files (x86)\NVIDIA Corporation\PhysX\Common;E:\Git\cmd;D:\;C:\terraform;;C:\Program Files\Docker\Docker\resources\bin;C:\Program Files\Common Files\Oracle\Java\javapath;C:\Program Files (x86)\VMware\VMware Player\bin\;C:\Windows\system32;C:\Windows;C:\Windows\System32\Wbem;C:\Windows\System32\WindowsPowerShell\v1.0\;C:\Windows\System32\OpenSSH\;C:\Program Files (x86)\NVIDIA Corporation\PhysX\Common;E:\Git\cmd;D:\;C:\terraform;C:\Users\Sk09\AppData\Local\Microsoft\WindowsApps;C:\Users\Sk09\AppData\Roaming\npm;C:\Users\Sk09\AppData\Local\Programs\Microsoft VS Code\bin;C:\ChromeWebDriver
USERNAME=Sk09
OS=Windows_NT
PROCESSOR_IDENTIFIER=AMD64 Family 23 Model 24 Stepping 1, AuthenticAMD
TMP=C:\Users\Sk09\AppData\Local\Temp
TEMP=C:\Users\Sk09\AppData\Local\Temp




---------------  S Y S T E M  ---------------

OS:
 Windows 10 , 64 bit Build 19041 (10.0.19041.2788)
OS uptime: 0 days 10:45 hours
Hyper-V role detected

CPU: total 8 (initial active 8) (8 cores per cpu, 2 threads per core) family 23 model 24 stepping 1 microcode 0x0, cx8, cmov, fxsr, ht, mmx, 3dnowpref, sse, sse2, sse3, ssse3, sse4a, sse4.1, sse4.2, popcnt, lzcnt, tsc, tscinvbit, avx, avx2, aes, clmul, bmi1, bmi2, adx, sha, fma, vzeroupper, clflush, clflushopt, hv, rdtscp, f16c

Memory: 4k page, system-wide physical 6091M (275M free)
TotalPageFile size 15091M (AvailPageFile size 2M)
current process WorkingSet (physical memory assigned to process): 108M, peak: 108M
current process commit charge ("private bytes"): 209M, peak: 209M

vm_info: OpenJDK 64-Bit Server VM (20+36-2344) for windows-amd64 JRE (20+36-2344), built on 2023-02-10T19:30:15Z by "mach5one" with MS VC++ 17.1 (VS2022)

END.
