#
# There is insufficient memory for the Java Runtime Environment to continue.
# Native memory allocation (malloc) failed to allocate 32744 bytes for Chunk::new
# Possible reasons:
#   The system is out of physical RAM or swap space
#   The process is running with CompressedOops enabled, and the Java Heap may be blocking the growth of the native heap
# Possible solutions:
#   Reduce memory load on the system
#   Increase physical memory or swap space
#   Check if swap backing store is full
#   Decrease Java heap size (-Xmx/-Xms)
#   Decrease number of Java threads
#   Decrease Java thread stack sizes (-Xss)
#   Set larger code cache with -XX:ReservedCodeCacheSize=
#   JVM is running with Unscaled Compressed Oops mode in which the Java heap is
#     placed in the first 4GB address space. The Java Heap base address is the
#     maximum limit for the native heap growth. Please use -XX:HeapBaseMinAddress
#     to set the Java Heap base and to place the Java Heap above 4GB virtual address.
# This output file may be truncated or incomplete.
#
#  Out of Memory Error (arena.cpp:184), pid=12568, tid=6172
#
# JRE version: OpenJDK Runtime Environment (20.0+36) (build 20+36-2344)
# Java VM: OpenJDK 64-Bit Server VM (20+36-2344, mixed mode, emulated-client, sharing, tiered, compressed oops, compressed class ptrs, g1 gc, windows-amd64)
# No core dump will be written. Minidumps are not enabled by default on client versions of Windows
#

---------------  S U M M A R Y ------------

Command Line: -XX:TieredStopAtLevel=1 -Dspring.output.ansi.enabled=always -Dcom.sun.management.jmxremote -Dspring.jmx.enabled=true -Dspring.liveBeansView.mbeanDomain -Dspring.application.admin.enabled=true -Dmanagement.endpoints.jmx.exposure.include=* -javaagent:D:\IntelliJ IDEA 2023.1\lib\idea_rt.jar=52928:D:\IntelliJ IDEA 2023.1\bin -Dfile.encoding=UTF-8 -Dsun.stdout.encoding=UTF-8 -Dsun.stderr.encoding=UTF-8 com.Sk09Team.ConfigServer.ConfigServerApplication

Host: AMD Ryzen 5 3500U with Radeon Vega Mobile Gfx  , 8 cores, 5G,  Windows 10 , 64 bit Build 19041 (10.0.19041.2788)
Time: Fri May 12 15:41:38 2023 Morocco Daylight Time elapsed time: 15.710383 seconds (0d 0h 0m 15s)

---------------  T H R E A D  ---------------

Current thread (0x000001c9e75afb90):  JavaThread "C1 CompilerThread1" daemon [_thread_in_native, id=6172, stack(0x00000029e8c00000,0x00000029e8d00000)]


Current CompileTask:
C1:  15710 4096       1       java.lang.reflect.Method::specificToGenericStringHeader (48 bytes)

Stack: [0x00000029e8c00000,0x00000029e8d00000]
Native frames: (J=compiled Java code, j=interpreted, Vv=VM code, C=native code)
V  [jvm.dll+0x6bb95a]
V  [jvm.dll+0x8483aa]
V  [jvm.dll+0x849fa5]
V  [jvm.dll+0x84a6a3]
V  [jvm.dll+0x280b0f]
V  [jvm.dll+0xc2b11]
V  [jvm.dll+0xc2e35]
V  [jvm.dll+0x19f7ee]
V  [jvm.dll+0x1a1da1]
V  [jvm.dll+0x19f685]
V  [jvm.dll+0x19a00a]
V  [jvm.dll+0x1a39cb]
V  [jvm.dll+0x19b148]
V  [jvm.dll+0x19e922]
V  [jvm.dll+0x158863]
V  [jvm.dll+0x158152]
V  [jvm.dll+0x158384]
V  [jvm.dll+0x1577c6]
V  [jvm.dll+0x1594fd]
V  [jvm.dll+0x259e1b]
V  [jvm.dll+0x2584f0]
V  [jvm.dll+0x3f2895]
V  [jvm.dll+0x7f4906]
V  [jvm.dll+0x6ba5cb]
C  [ucrtbase.dll+0x21bb2]
C  [KERNEL32.DLL+0x17604]
C  [ntdll.dll+0x526a1]


---------------  P R O C E S S  ---------------

Threads class SMR info:
_java_thread_list=0x000001c9e6b35010, length=18, elements={
0x000001c9d257e270, 0x000001c9e221bc90, 0x000001c9e221d7e0, 0x000001c9e22225b0,
0x000001c9e22230f0, 0x000001c9e2225a40, 0x000001c9e2226380, 0x000001c9e2235d00,
0x000001c9e21e9d60, 0x000001c9e6932320, 0x000001c9e6932870, 0x000001c9e6b0bb10,
0x000001c9e75afb90, 0x000001c9e75b0120, 0x000001c9e7e86770, 0x000001c9e7e86cc0,
0x000001c9e7795830, 0x000001c9e7e86090
}

Java Threads: ( => current thread )
  0x000001c9d257e270 JavaThread "main" [_thread_in_vm, id=13012, stack(0x00000029e7d00000,0x00000029e7e00000)]
  0x000001c9e221bc90 JavaThread "Reference Handler" daemon [_thread_blocked, id=3344, stack(0x00000029e8400000,0x00000029e8500000)]
  0x000001c9e221d7e0 JavaThread "Finalizer" daemon [_thread_blocked, id=7756, stack(0x00000029e8500000,0x00000029e8600000)]
  0x000001c9e22225b0 JavaThread "Signal Dispatcher" daemon [_thread_blocked, id=11380, stack(0x00000029e8600000,0x00000029e8700000)]
  0x000001c9e22230f0 JavaThread "Attach Listener" daemon [_thread_blocked, id=11340, stack(0x00000029e8700000,0x00000029e8800000)]
  0x000001c9e2225a40 JavaThread "Service Thread" daemon [_thread_blocked, id=4764, stack(0x00000029e8800000,0x00000029e8900000)]
  0x000001c9e2226380 JavaThread "Monitor Deflation Thread" daemon [_thread_blocked, id=8396, stack(0x00000029e8900000,0x00000029e8a00000)]
  0x000001c9e2235d00 JavaThread "C1 CompilerThread0" daemon [_thread_in_native, id=9424, stack(0x00000029e8a00000,0x00000029e8b00000)]
  0x000001c9e21e9d60 JavaThread "Common-Cleaner" daemon [_thread_blocked, id=12348, stack(0x00000029e8b00000,0x00000029e8c00000)]
  0x000001c9e6932320 JavaThread "Monitor Ctrl-Break" daemon [_thread_in_native, id=2880, stack(0x00000029e8d00000,0x00000029e8e00000)]
  0x000001c9e6932870 JavaThread "Notification Thread" daemon [_thread_blocked, id=7124, stack(0x00000029e8e00000,0x00000029e8f00000)]
  0x000001c9e6b0bb10 JavaThread "RMI TCP Accept-0" daemon [_thread_in_native, id=4856, stack(0x00000029e9100000,0x00000029e9200000)]
=>0x000001c9e75afb90 JavaThread "C1 CompilerThread1" daemon [_thread_in_native, id=6172, stack(0x00000029e8c00000,0x00000029e8d00000)]
  0x000001c9e75b0120 JavaThread "C1 CompilerThread2" daemon [_thread_in_native, id=4568, stack(0x00000029e9b00000,0x00000029e9c00000)]
  0x000001c9e7e86770 JavaThread "Catalina-utility-1" [_thread_blocked, id=4148, stack(0x00000029e8f00000,0x00000029e9000000)]
  0x000001c9e7e86cc0 JavaThread "Catalina-utility-2" [_thread_blocked, id=5428, stack(0x00000029e9a00000,0x00000029e9b00000)]
  0x000001c9e7795830 JavaThread "container-0" [_thread_blocked, id=6524, stack(0x00000029e9c00000,0x00000029e9d00000)]
  0x000001c9e7e86090 JavaThread "spring.cloud.inetutils" daemon [_thread_in_native, id=9352, stack(0x00000029e9d00000,0x00000029e9e00000)]

Other Threads:
  0x000001c9e21fe140 VMThread "VM Thread" [stack: 0x00000029e8300000,0x00000029e8400000] [id=6036]
  0x000001c9e6b16780 WatcherThread "VM Periodic Task Thread" [stack: 0x00000029e9200000,0x00000029e9300000] [id=2996]
  0x000001c9d25cf720 WorkerThread "GC Thread#0" [stack: 0x00000029e7e00000,0x00000029e7f00000] [id=13988]
  0x000001c9e6b1d050 WorkerThread "GC Thread#1" [stack: 0x00000029e9300000,0x00000029e9400000] [id=9932]
  0x000001c9e6cd4b00 WorkerThread "GC Thread#2" [stack: 0x00000029e9400000,0x00000029e9500000] [id=1940]
  0x000001c9e6e9bb90 WorkerThread "GC Thread#3" [stack: 0x00000029e9500000,0x00000029e9600000] [id=11392]
  0x000001c9e6e9be60 WorkerThread "GC Thread#4" [stack: 0x00000029e9600000,0x00000029e9700000] [id=7296]
  0x000001c9e6e9c940 WorkerThread "GC Thread#5" [stack: 0x00000029e9700000,0x00000029e9800000] [id=8132]
  0x000001c9e6e9d7a0 WorkerThread "GC Thread#6" [stack: 0x00000029e9800000,0x00000029e9900000] [id=8064]
  0x000001c9e6e9cc60 WorkerThread "GC Thread#7" [stack: 0x00000029e9900000,0x00000029e9a00000] [id=13488]
  0x000001c9d25dd570 ConcurrentGCThread "G1 Main Marker" [stack: 0x00000029e7f00000,0x00000029e8000000] [id=3504]
  0x000001c9d25de650 WorkerThread "G1 Conc#0" [stack: 0x00000029e8000000,0x00000029e8100000] [id=11368]
  0x000001c9e6e9da70 WorkerThread "G1 Conc#1" [stack: 0x00000029e9000000,0x00000029e9100000] [id=2500]
  0x000001c9e20c10b0 ConcurrentGCThread "G1 Refine#0" [stack: 0x00000029e8100000,0x00000029e8200000] [id=13680]
  0x000001c9e20c1a60 ConcurrentGCThread "G1 Service" [stack: 0x00000029e8200000,0x00000029e8300000] [id=12632]

Threads with active compile tasks:
C1 CompilerThread0    15941 4102   !   1       com.sun.beans.TypeResolver::resolve (268 bytes)
C1 CompilerThread1    15941 4096       1       java.lang.reflect.Method::specificToGenericStringHeader (48 bytes)
C1 CompilerThread2    15941 4093   !   1       java.lang.reflect.Executable::sharedToGenericString (255 bytes)

VM state: not at safepoint (normal execution)

VM Mutex/Monitor currently owned by a thread: None

Heap address: 0x00000000a0c00000, size: 1524 MB, Compressed Oops mode: 32-bit

CDS archive(s) mapped at: [0x0000000800000000-0x0000000800c60000-0x0000000800c60000), size 12976128, SharedBaseAddress: 0x0000000800000000, ArchiveRelocationMode: 0.
Compressed class space mapped at: 0x0000000801000000-0x0000000841000000, reserved size: 1073741824
Narrow klass base: 0x0000000800000000, Narrow klass shift: 0, Narrow klass range: 0x100000000

GC Precious Log:
 CardTable entry size: 512
 Card Set container configuration: InlinePtr #cards 5 size 8 Array Of Cards #cards 12 size 40 Howl #buckets 4 coarsen threshold 1843 Howl Bitmap #cards 512 size 80 coarsen threshold 460 Card regions per heap region 1 cards per card region 2048
 CPUs: 8 total, 8 available
 Memory: 6091M
 Large Page Support: Disabled
 NUMA Support: Disabled
 Compressed Oops: Enabled (32-bit)
 Heap Region Size: 1M
 Heap Min Capacity: 8M
 Heap Initial Capacity: 96M
 Heap Max Capacity: 1524M
 Pre-touch: Disabled
 Parallel Workers: 8
 Concurrent Workers: 2
 Concurrent Refinement Workers: 8
 Periodic GC: Disabled

Heap:
 garbage-first heap   total 51200K, used 22873K [0x00000000a0c00000, 0x0000000100000000)
  region size 1024K, 6 young (6144K), 3 survivors (3072K)
 Metaspace       used 35391K, committed 35904K, reserved 1114112K
  class space    used 4853K, committed 5120K, reserved 1048576K

Heap Regions: E=young(eden), S=young(survivor), O=old, HS=humongous(starts), HC=humongous(continues), CS=collection set, F=free, OA=open archive, CA=closed archive, TAMS=top-at-mark-start, PB=parsable bottom
|   0|0x00000000a0c00000, 0x00000000a0d00000, 0x00000000a0d00000|100%| O|  |TAMS 0x00000000a0c00000| PB 0x00000000a0c00000| Untracked 
|   1|0x00000000a0d00000, 0x00000000a0e00000, 0x00000000a0e00000|100%| O|  |TAMS 0x00000000a0d00000| PB 0x00000000a0d00000| Untracked 
|   2|0x00000000a0e00000, 0x00000000a0f00000, 0x00000000a0f00000|100%| O|  |TAMS 0x00000000a0e00000| PB 0x00000000a0e00000| Untracked 
|   3|0x00000000a0f00000, 0x00000000a1000000, 0x00000000a1000000|100%| O|  |TAMS 0x00000000a0f00000| PB 0x00000000a0f00000| Untracked 
|   4|0x00000000a1000000, 0x00000000a1100000, 0x00000000a1100000|100%| O|  |TAMS 0x00000000a1000000| PB 0x00000000a1000000| Untracked 
|   5|0x00000000a1100000, 0x00000000a1200000, 0x00000000a1200000|100%| O|  |TAMS 0x00000000a1100000| PB 0x00000000a1100000| Untracked 
|   6|0x00000000a1200000, 0x00000000a1300000, 0x00000000a1300000|100%| O|  |TAMS 0x00000000a1200000| PB 0x00000000a1200000| Untracked 
|   7|0x00000000a1300000, 0x00000000a1356400, 0x00000000a1400000| 33%| O|  |TAMS 0x00000000a1300000| PB 0x00000000a1300000| Untracked 
|   8|0x00000000a1400000, 0x00000000a1500000, 0x00000000a1500000|100%| O|  |TAMS 0x00000000a1400000| PB 0x00000000a1400000| Untracked 
|   9|0x00000000a1500000, 0x00000000a1600000, 0x00000000a1600000|100%| O|  |TAMS 0x00000000a1500000| PB 0x00000000a1500000| Untracked 
|  10|0x00000000a1600000, 0x00000000a1700000, 0x00000000a1700000|100%| O|  |TAMS 0x00000000a1600000| PB 0x00000000a1600000| Untracked 
|  11|0x00000000a1700000, 0x00000000a1800000, 0x00000000a1800000|100%| O|  |TAMS 0x00000000a1700000| PB 0x00000000a1700000| Untracked 
|  12|0x00000000a1800000, 0x00000000a1900000, 0x00000000a1900000|100%| O|  |TAMS 0x00000000a1800000| PB 0x00000000a1800000| Untracked 
|  13|0x00000000a1900000, 0x00000000a1a00000, 0x00000000a1a00000|100%| O|  |TAMS 0x00000000a1900000| PB 0x00000000a1900000| Untracked 
|  14|0x00000000a1a00000, 0x00000000a1b00000, 0x00000000a1b00000|100%| O|  |TAMS 0x00000000a1a00000| PB 0x00000000a1a00000| Untracked 
|  15|0x00000000a1b00000, 0x00000000a1c00000, 0x00000000a1c00000|100%| O|  |TAMS 0x00000000a1b00000| PB 0x00000000a1b00000| Untracked 
|  16|0x00000000a1c00000, 0x00000000a1c00000, 0x00000000a1d00000|  0%| F|  |TAMS 0x00000000a1c00000| PB 0x00000000a1c00000| Untracked 
|  17|0x00000000a1d00000, 0x00000000a1e00000, 0x00000000a1e00000|100%| O|  |TAMS 0x00000000a1d00000| PB 0x00000000a1d00000| Untracked 
|  18|0x00000000a1e00000, 0x00000000a1f00000, 0x00000000a1f00000|100%| O|  |TAMS 0x00000000a1e00000| PB 0x00000000a1e00000| Untracked 
|  19|0x00000000a1f00000, 0x00000000a1f00000, 0x00000000a2000000|  0%| F|  |TAMS 0x00000000a1f00000| PB 0x00000000a1f00000| Untracked 
|  20|0x00000000a2000000, 0x00000000a2000000, 0x00000000a2100000|  0%| F|  |TAMS 0x00000000a2000000| PB 0x00000000a2000000| Untracked 
|  21|0x00000000a2100000, 0x00000000a2100000, 0x00000000a2200000|  0%| F|  |TAMS 0x00000000a2100000| PB 0x00000000a2100000| Untracked 
|  22|0x00000000a2200000, 0x00000000a2200000, 0x00000000a2300000|  0%| F|  |TAMS 0x00000000a2200000| PB 0x00000000a2200000| Untracked 
|  23|0x00000000a2300000, 0x00000000a2300000, 0x00000000a2400000|  0%| F|  |TAMS 0x00000000a2300000| PB 0x00000000a2300000| Untracked 
|  24|0x00000000a2400000, 0x00000000a2500000, 0x00000000a2500000|100%| S|CS|TAMS 0x00000000a2400000| PB 0x00000000a2400000| Complete 
|  25|0x00000000a2500000, 0x00000000a2600000, 0x00000000a2600000|100%| S|CS|TAMS 0x00000000a2500000| PB 0x00000000a2500000| Complete 
|  26|0x00000000a2600000, 0x00000000a2700000, 0x00000000a2700000|100%| S|CS|TAMS 0x00000000a2600000| PB 0x00000000a2600000| Complete 
|  27|0x00000000a2700000, 0x00000000a2700000, 0x00000000a2800000|  0%| F|  |TAMS 0x00000000a2700000| PB 0x00000000a2700000| Untracked 
|  28|0x00000000a2800000, 0x00000000a2800000, 0x00000000a2900000|  0%| F|  |TAMS 0x00000000a2800000| PB 0x00000000a2800000| Untracked 
|  29|0x00000000a2900000, 0x00000000a2900000, 0x00000000a2a00000|  0%| F|  |TAMS 0x00000000a2900000| PB 0x00000000a2900000| Untracked 
|  30|0x00000000a2a00000, 0x00000000a2a00000, 0x00000000a2b00000|  0%| F|  |TAMS 0x00000000a2a00000| PB 0x00000000a2a00000| Untracked 
|  31|0x00000000a2b00000, 0x00000000a2b00000, 0x00000000a2c00000|  0%| F|  |TAMS 0x00000000a2b00000| PB 0x00000000a2b00000| Untracked 
|  32|0x00000000a2c00000, 0x00000000a2c00000, 0x00000000a2d00000|  0%| F|  |TAMS 0x00000000a2c00000| PB 0x00000000a2c00000| Untracked 
|  33|0x00000000a2d00000, 0x00000000a2d00000, 0x00000000a2e00000|  0%| F|  |TAMS 0x00000000a2d00000| PB 0x00000000a2d00000| Untracked 
|  34|0x00000000a2e00000, 0x00000000a2e00000, 0x00000000a2f00000|  0%| F|  |TAMS 0x00000000a2e00000| PB 0x00000000a2e00000| Untracked 
|  35|0x00000000a2f00000, 0x00000000a2f00000, 0x00000000a3000000|  0%| F|  |TAMS 0x00000000a2f00000| PB 0x00000000a2f00000| Untracked 
|  36|0x00000000a3000000, 0x00000000a3000000, 0x00000000a3100000|  0%| F|  |TAMS 0x00000000a3000000| PB 0x00000000a3000000| Untracked 
|  37|0x00000000a3100000, 0x00000000a3100000, 0x00000000a3200000|  0%| F|  |TAMS 0x00000000a3100000| PB 0x00000000a3100000| Untracked 
|  38|0x00000000a3200000, 0x00000000a3200000, 0x00000000a3300000|  0%| F|  |TAMS 0x00000000a3200000| PB 0x00000000a3200000| Untracked 
|  39|0x00000000a3300000, 0x00000000a3300000, 0x00000000a3400000|  0%| F|  |TAMS 0x00000000a3300000| PB 0x00000000a3300000| Untracked 
|  40|0x00000000a3400000, 0x00000000a3400000, 0x00000000a3500000|  0%| F|  |TAMS 0x00000000a3400000| PB 0x00000000a3400000| Untracked 
|  41|0x00000000a3500000, 0x00000000a3500000, 0x00000000a3600000|  0%| F|  |TAMS 0x00000000a3500000| PB 0x00000000a3500000| Untracked 
|  42|0x00000000a3600000, 0x00000000a3600000, 0x00000000a3700000|  0%| F|  |TAMS 0x00000000a3600000| PB 0x00000000a3600000| Untracked 
|  45|0x00000000a3900000, 0x00000000a3900000, 0x00000000a3a00000|  0%| F|  |TAMS 0x00000000a3900000| PB 0x00000000a3900000| Untracked 
|  46|0x00000000a3a00000, 0x00000000a3a00000, 0x00000000a3b00000|  0%| F|  |TAMS 0x00000000a3a00000| PB 0x00000000a3a00000| Untracked 
|  47|0x00000000a3b00000, 0x00000000a3b00000, 0x00000000a3c00000|  0%| F|  |TAMS 0x00000000a3b00000| PB 0x00000000a3b00000| Untracked 
|  48|0x00000000a3c00000, 0x00000000a3c00000, 0x00000000a3d00000|  0%| F|  |TAMS 0x00000000a3c00000| PB 0x00000000a3c00000| Untracked 
|  49|0x00000000a3d00000, 0x00000000a3e00000, 0x00000000a3e00000|100%| E|  |TAMS 0x00000000a3d00000| PB 0x00000000a3d00000| Complete 
|  94|0x00000000a6a00000, 0x00000000a6b00000, 0x00000000a6b00000|100%| E|CS|TAMS 0x00000000a6a00000| PB 0x00000000a6a00000| Complete 
|  95|0x00000000a6b00000, 0x00000000a6c00000, 0x00000000a6c00000|100%| E|CS|TAMS 0x00000000a6b00000| PB 0x00000000a6b00000| Complete 

Card table byte_map: [0x000001c9dda40000,0x000001c9ddd40000] _byte_map_base: 0x000001c9dd53a000

Marking Bits: (CMBitMap*) 0x000001c9d25d0c70
 Bits: [0x000001c9de040000, 0x000001c9df810000)

Polling page: 0x000001c9d0510000

Metaspace:

Usage:
  Non-class:     29.82 MB used.
      Class:      4.74 MB used.
       Both:     34.56 MB used.

Virtual space:
  Non-class space:       64.00 MB reserved,      30.06 MB ( 47%) committed,  1 nodes.
      Class space:        1.00 GB reserved,       5.00 MB ( <1%) committed,  1 nodes.
             Both:        1.06 GB reserved,      35.06 MB (  3%) committed. 

Chunk freelists:
   Non-Class:  1.57 MB
       Class:  2.87 MB
        Both:  4.44 MB

MaxMetaspaceSize: unlimited
CompressedClassSpaceSize: 1.00 GB
Initial GC threshold: 21.00 MB
Current GC threshold: 35.31 MB
CDS: on
MetaspaceReclaimPolicy: balanced
 - commit_granule_bytes: 65536.
 - commit_granule_words: 8192.
 - virtual_space_node_default_size: 8388608.
 - enlarge_chunks_in_place: 1.
 - new_chunks_are_fully_committed: 0.
 - uncommit_free_chunks: 1.
 - use_allocation_guard: 0.


Internal statistics:

num_allocs_failed_limit: 3.
num_arena_births: 520.
num_arena_deaths: 0.
num_vsnodes_births: 2.
num_vsnodes_deaths: 0.
num_space_committed: 561.
num_space_uncommitted: 0.
num_chunks_returned_to_freelist: 3.
num_chunks_taken_from_freelist: 1667.
num_chunk_merges: 3.
num_chunk_splits: 1191.
num_chunks_enlarged: 943.
num_inconsistent_stats: 0.

CodeCache: size=49152Kb used=8963Kb max_used=8963Kb free=40189Kb
 bounds [0x000001c9da630000, 0x000001c9daf00000, 0x000001c9dd630000]
 total_blobs=4636 nmethods=4103 adapters=456
 compilation: enabled
              stopped_count=0, restarted_count=0
 full_count=0

Compilation events (20 events):
Event: 15.608 Thread 0x000001c9e2235d00 nmethod 4094 0x000001c9daeed310 code [0x000001c9daeed520, 0x000001c9daeed7d8]
Event: 15.608 Thread 0x000001c9e2235d00 4101       1       com.sun.beans.TypeResolver::resolve (37 bytes)
Event: 15.608 Thread 0x000001c9e75afb90 nmethod 4095 0x000001c9daeeda10 code [0x000001c9daeedc20, 0x000001c9daeedf70]
Event: 15.608 Thread 0x000001c9e75afb90 4096       1       java.lang.reflect.Method::specificToGenericStringHeader (48 bytes)
Event: 15.608 Thread 0x000001c9e2235d00 nmethod 4101 0x000001c9daeee190 code [0x000001c9daeee320, 0x000001c9daeee5d8]
Event: 15.608 Thread 0x000001c9e2235d00 4097       1       java.lang.reflect.Method::getGenericExceptionTypes (5 bytes)
Event: 15.609 Thread 0x000001c9e2235d00 nmethod 4097 0x000001c9daeee790 code [0x000001c9daeee980, 0x000001c9daeeef30]
Event: 15.609 Thread 0x000001c9e2235d00 4105       1       com.sun.beans.util.Cache::getEntryValue (33 bytes)
Event: 15.610 Thread 0x000001c9e2235d00 nmethod 4105 0x000001c9daeef190 code [0x000001c9daeef340, 0x000001c9daeef548]
Event: 15.610 Thread 0x000001c9e2235d00 4103       1       com.sun.beans.introspect.PropertyInfo::is (31 bytes)
Event: 15.610 Thread 0x000001c9e2235d00 nmethod 4103 0x000001c9daeef690 code [0x000001c9daeef820, 0x000001c9daeef9f8]
Event: 15.610 Thread 0x000001c9e2235d00 4104       1       java.beans.FeatureDescriptor::setValue (11 bytes)
Event: 15.610 Thread 0x000001c9e2235d00 nmethod 4104 0x000001c9daeefb10 code [0x000001c9daeefce0, 0x000001c9daeefee8]
Event: 15.610 Thread 0x000001c9e2235d00 4098       1       java.lang.reflect.Executable::getGenericExceptionTypes (27 bytes)
Event: 15.610 Thread 0x000001c9e2235d00 nmethod 4098 0x000001c9daef0010 code [0x000001c9daef01e0, 0x000001c9daef0488]
Event: 15.610 Thread 0x000001c9e2235d00 4106       1       java.util.Hashtable$Entry::getKey (5 bytes)
Event: 15.611 Thread 0x000001c9e2235d00 nmethod 4106 0x000001c9daef0610 code [0x000001c9daef0780, 0x000001c9daef0848]
Event: 15.611 Thread 0x000001c9e2235d00 4107       1       java.util.Hashtable$Entry::getValue (5 bytes)
Event: 15.611 Thread 0x000001c9e2235d00 nmethod 4107 0x000001c9daef0910 code [0x000001c9daef0a80, 0x000001c9daef0b48]
Event: 15.611 Thread 0x000001c9e2235d00 4102   !   1       com.sun.beans.TypeResolver::resolve (268 bytes)

GC Heap History (14 events):
Event: 3.887 GC heap before
{Heap before GC invocations=0 (full 0):
 garbage-first heap   total 98304K, used 23552K [0x00000000a0c00000, 0x0000000100000000)
  region size 1024K, 23 young (23552K), 0 survivors (0K)
 Metaspace       used 6749K, committed 6912K, reserved 1114112K
  class space    used 798K, committed 896K, reserved 1048576K
}
Event: 3.898 GC heap after
{Heap after GC invocations=1 (full 0):
 garbage-first heap   total 98304K, used 7680K [0x00000000a0c00000, 0x0000000100000000)
  region size 1024K, 3 young (3072K), 3 survivors (3072K)
 Metaspace       used 6749K, committed 6912K, reserved 1114112K
  class space    used 798K, committed 896K, reserved 1048576K
}
Event: 6.802 GC heap before
{Heap before GC invocations=1 (full 0):
 garbage-first heap   total 98304K, used 31232K [0x00000000a0c00000, 0x0000000100000000)
  region size 1024K, 27 young (27648K), 3 survivors (3072K)
 Metaspace       used 12106K, committed 12352K, reserved 1114112K
  class space    used 1629K, committed 1728K, reserved 1048576K
}
Event: 6.809 GC heap after
{Heap after GC invocations=2 (full 0):
 garbage-first heap   total 98304K, used 10078K [0x00000000a0c00000, 0x0000000100000000)
  region size 1024K, 2 young (2048K), 2 survivors (2048K)
 Metaspace       used 12106K, committed 12352K, reserved 1114112K
  class space    used 1629K, committed 1728K, reserved 1048576K
}
Event: 8.427 GC heap before
{Heap before GC invocations=2 (full 0):
 garbage-first heap   total 98304K, used 53086K [0x00000000a0c00000, 0x0000000100000000)
  region size 1024K, 46 young (47104K), 2 survivors (2048K)
 Metaspace       used 21239K, committed 21504K, reserved 1114112K
  class space    used 2806K, committed 2944K, reserved 1048576K
}
Event: 8.435 GC heap after
{Heap after GC invocations=3 (full 0):
 garbage-first heap   total 98304K, used 13104K [0x00000000a0c00000, 0x0000000100000000)
  region size 1024K, 5 young (5120K), 5 survivors (5120K)
 Metaspace       used 21239K, committed 21504K, reserved 1114112K
  class space    used 2806K, committed 2944K, reserved 1048576K
}
Event: 9.138 GC heap before
{Heap before GC invocations=4 (full 0):
 garbage-first heap   total 51200K, used 37680K [0x00000000a0c00000, 0x0000000100000000)
  region size 1024K, 30 young (30720K), 5 survivors (5120K)
 Metaspace       used 25145K, committed 25472K, reserved 1114112K
  class space    used 3328K, committed 3456K, reserved 1048576K
}
Event: 9.149 GC heap after
{Heap after GC invocations=5 (full 0):
 garbage-first heap   total 51200K, used 14824K [0x00000000a0c00000, 0x0000000100000000)
  region size 1024K, 3 young (3072K), 3 survivors (3072K)
 Metaspace       used 25145K, committed 25472K, reserved 1114112K
  class space    used 3328K, committed 3456K, reserved 1048576K
}
Event: 11.119 GC heap before
{Heap before GC invocations=5 (full 0):
 garbage-first heap   total 51200K, used 37352K [0x00000000a0c00000, 0x0000000100000000)
  region size 1024K, 26 young (26624K), 3 survivors (3072K)
 Metaspace       used 29104K, committed 29440K, reserved 1114112K
  class space    used 3932K, committed 4096K, reserved 1048576K
}
Event: 11.130 GC heap after
{Heap after GC invocations=6 (full 0):
 garbage-first heap   total 51200K, used 17255K [0x00000000a0c00000, 0x0000000100000000)
  region size 1024K, 3 young (3072K), 3 survivors (3072K)
 Metaspace       used 29104K, committed 29440K, reserved 1114112K
  class space    used 3932K, committed 4096K, reserved 1048576K
}
Event: 12.417 GC heap before
{Heap before GC invocations=6 (full 0):
 garbage-first heap   total 51200K, used 39783K [0x00000000a0c00000, 0x0000000100000000)
  region size 1024K, 24 young (24576K), 3 survivors (3072K)
 Metaspace       used 31430K, committed 31872K, reserved 1114112K
  class space    used 4213K, committed 4416K, reserved 1048576K
}
Event: 12.421 GC heap after
{Heap after GC invocations=7 (full 0):
 garbage-first heap   total 51200K, used 18813K [0x00000000a0c00000, 0x0000000100000000)
  region size 1024K, 2 young (2048K), 2 survivors (2048K)
 Metaspace       used 31430K, committed 31872K, reserved 1114112K
  class space    used 4213K, committed 4416K, reserved 1048576K
}
Event: 14.243 GC heap before
{Heap before GC invocations=7 (full 0):
 garbage-first heap   total 51200K, used 40317K [0x00000000a0c00000, 0x0000000100000000)
  region size 1024K, 23 young (23552K), 2 survivors (2048K)
 Metaspace       used 35150K, committed 35648K, reserved 1114112K
  class space    used 4821K, committed 5056K, reserved 1048576K
}
Event: 14.248 GC heap after
{Heap after GC invocations=8 (full 0):
 garbage-first heap   total 51200K, used 20825K [0x00000000a0c00000, 0x0000000100000000)
  region size 1024K, 3 young (3072K), 3 survivors (3072K)
 Metaspace       used 35150K, committed 35648K, reserved 1114112K
  class space    used 4821K, committed 5056K, reserved 1048576K
}

Dll operation events (14 events):
Event: 0.023 Loaded shared library C:\Users\Sk09\.jdks\openjdk-20\bin\java.dll
Event: 0.035 Loaded shared library C:\Users\Sk09\.jdks\openjdk-20\bin\jsvml.dll
Event: 0.192 Loaded shared library C:\Users\Sk09\.jdks\openjdk-20\bin\zip.dll
Event: 0.197 Loaded shared library C:\Users\Sk09\.jdks\openjdk-20\bin\instrument.dll
Event: 0.207 Loaded shared library C:\Users\Sk09\.jdks\openjdk-20\bin\net.dll
Event: 0.209 Loaded shared library C:\Users\Sk09\.jdks\openjdk-20\bin\nio.dll
Event: 0.320 Loaded shared library C:\Users\Sk09\.jdks\openjdk-20\bin\zip.dll
Event: 1.718 Loaded shared library C:\Users\Sk09\.jdks\openjdk-20\bin\jimage.dll
Event: 2.089 Loaded shared library D:\IntelliJ IDEA 2023.1\bin\breakgen64.dll
Event: 2.164 Loaded shared library C:\Users\Sk09\.jdks\openjdk-20\bin\extnet.dll
Event: 2.385 Loaded shared library C:\Users\Sk09\.jdks\openjdk-20\bin\management.dll
Event: 2.553 Loaded shared library C:\Users\Sk09\.jdks\openjdk-20\bin\management_ext.dll
Event: 3.598 Loaded shared library C:\Users\Sk09\.jdks\openjdk-20\bin\verify.dll
Event: 11.752 Loaded shared library C:\Users\Sk09\.jdks\openjdk-20\bin\sunmscapi.dll

Deoptimization events (10 events):
Event: 3.004 Thread 0x000001c9d257e270 DEOPT PACKING pc=0x000001c9da926edd sp=0x00000029e7dfd200
Event: 3.004 Thread 0x000001c9d257e270 DEOPT UNPACKING pc=0x000001c9da69a4c2 sp=0x00000029e7dfc6b0 mode 3
Event: 3.019 Thread 0x000001c9d257e270 DEOPT PACKING pc=0x000001c9daa58360 sp=0x00000029e7dfd1d0
Event: 3.019 Thread 0x000001c9d257e270 DEOPT UNPACKING pc=0x000001c9da69a4c2 sp=0x00000029e7dfc688 mode 3
Event: 7.062 Thread 0x000001c9d257e270 DEOPT PACKING pc=0x000001c9da999b79 sp=0x00000029e7dfd3f0
Event: 7.062 Thread 0x000001c9d257e270 DEOPT UNPACKING pc=0x000001c9da69a4c2 sp=0x00000029e7dfc8d0 mode 3
Event: 12.171 Thread 0x000001c9d257e270 DEOPT PACKING pc=0x000001c9dae5556d sp=0x00000029e7dfc760
Event: 12.171 Thread 0x000001c9d257e270 DEOPT UNPACKING pc=0x000001c9da69a4c2 sp=0x00000029e7dfbcc8 mode 3
Event: 14.325 Thread 0x000001c9d257e270 DEOPT PACKING pc=0x000001c9daed7ce4 sp=0x00000029e7dfd200
Event: 14.325 Thread 0x000001c9d257e270 DEOPT UNPACKING pc=0x000001c9da69a4c2 sp=0x00000029e7dfc6b8 mode 0

Classes loaded (20 events):
Event: 14.125 Loading class javax/management/Attribute
Event: 14.126 Loading class javax/management/Attribute done
Event: 14.126 Loading class javax/management/IntrospectionException
Event: 14.126 Loading class javax/management/IntrospectionException done
Event: 14.240 Loading class java/util/concurrent/atomic/AtomicIntegerArray
Event: 14.242 Loading class java/util/concurrent/atomic/AtomicIntegerArray done
Event: 14.257 Loading class java/util/concurrent/atomic/AtomicLongArray
Event: 14.259 Loading class java/util/concurrent/atomic/AtomicLongArray done
Event: 14.305 Loading class java/lang/ObjectCustomizer
Event: 14.305 Loading class java/lang/ObjectCustomizer done
Event: 14.305 Loading class java/lang/ObjectCustomizer
Event: 14.305 Loading class java/lang/ObjectCustomizer done
Event: 14.309 Loading class java/util/EventListenerCustomizer
Event: 14.309 Loading class java/util/EventListenerCustomizer done
Event: 14.309 Loading class java/util/EventListenerCustomizer
Event: 14.309 Loading class java/util/EventListenerCustomizer done
Event: 15.606 Loading class java/lang/ObjectCustomizer
Event: 15.606 Loading class java/lang/ObjectCustomizer done
Event: 15.606 Loading class java/lang/ObjectCustomizer
Event: 15.606 Loading class java/lang/ObjectCustomizer done

Classes unloaded (0 events):
No events

Classes redefined (0 events):
No events

Internal exceptions (20 events):
Event: 13.284 Thread 0x000001c9d257e270 Exception <a 'java/lang/NoSuchMethodError'{0x00000000a3a72ae8}: 'int java.lang.invoke.DirectMethodHandle$Holder.invokeStaticInit(java.lang.Object)'> (0x00000000a3a72ae8) 
thrown [s\open\src\hotspot\share\interpreter\linkResolver.cpp, line 773]
Event: 13.454 Thread 0x000001c9d257e270 Exception <a 'java/lang/NoSuchMethodError'{0x00000000a3356f98}: 'void java.lang.invoke.DirectMethodHandle$Holder.invokeVirtual(java.lang.Object, java.lang.Object, long)'> (0x00000000a3356f98) 
thrown [s\open\src\hotspot\share\interpreter\linkResolver.cpp, line 773]
Event: 14.044 Thread 0x000001c9d257e270 Exception <a 'java/lang/IncompatibleClassChangeError'{0x00000000a2d1a8f0}: Found class java.lang.Object, but interface was expected> (0x00000000a2d1a8f0) 
thrown [s\open\src\hotspot\share\interpreter\linkResolver.cpp, line 840]
Event: 14.086 Thread 0x000001c9d257e270 Exception <a 'java/lang/NoSuchMethodError'{0x00000000a2c671a8}: 'int java.lang.invoke.DirectMethodHandle$Holder.invokeStaticInit(java.lang.Object, java.lang.Object, java.lang.Object, java.lang.Object)'> (0x00000000a2c671a8) 
thrown [s\open\src\hotspot\share\interpreter\linkResolver.cpp, line 773]
Event: 14.305 Thread 0x000001c9d257e270 Exception <a 'java/lang/ClassNotFoundException'{0x00000000a6a896a8}: java/lang/ObjectCustomizer> (0x00000000a6a896a8) 
thrown [s\open\src\hotspot\share\classfile\systemDictionary.cpp, line 305]
Event: 14.306 Thread 0x000001c9d257e270 Exception <a 'java/lang/ClassNotFoundException'{0x00000000a6a91d50}: org/springframework/cloud/client/discovery/simple/SimpleDiscoveryClientAutoConfigurationCustomizer> (0x00000000a6a91d50) 
thrown [s\open\src\hotspot\share\classfile\systemDictionary.cpp, line 305]
Event: 14.308 Thread 0x000001c9d257e270 Exception <a 'java/lang/ClassNotFoundException'{0x00000000a6a9ddf0}: org/springframework/context/ApplicationListenerCustomizer> (0x00000000a6a9ddf0) 
thrown [s\open\src\hotspot\share\classfile\systemDictionary.cpp, line 305]
Event: 14.309 Thread 0x000001c9d257e270 Exception <a 'java/lang/ClassNotFoundException'{0x00000000a6aa4e18}: java/util/EventListenerCustomizer> (0x00000000a6aa4e18) 
thrown [s\open\src\hotspot\share\classfile\systemDictionary.cpp, line 305]
Event: 14.321 Thread 0x000001c9d257e270 Exception <a 'java/lang/NoSuchMethodError'{0x00000000a6acc380}: 'void java.lang.invoke.Invokers$Holder.invokeExact_MT(java.lang.Object, java.lang.Object, int, java.lang.Object)'> (0x00000000a6acc380) 
thrown [s\open\src\hotspot\share\interpreter\linkResolver.cpp, line 773]
Event: 15.606 Thread 0x000001c9d257e270 Exception <a 'java/lang/ClassNotFoundException'{0x00000000a3d8f5c0}: java/lang/ObjectCustomizer> (0x00000000a3d8f5c0) 
thrown [s\open\src\hotspot\share\classfile\systemDictionary.cpp, line 305]
Event: 15.606 Thread 0x000001c9d257e270 Exception <a 'java/lang/ClassNotFoundException'{0x00000000a3d97168}: org/springframework/aop/framework/ProxyConfigCustomizer> (0x00000000a3d97168) 
thrown [s\open\src\hotspot\share\classfile\systemDictionary.cpp, line 305]
Event: 15.607 Thread 0x000001c9d257e270 Exception <a 'java/lang/ClassNotFoundException'{0x00000000a3da2748}: org/springframework/aop/scope/ScopedProxyFactoryBeanCustomizer> (0x00000000a3da2748) 
thrown [s\open\src\hotspot\share\classfile\systemDictionary.cpp, line 305]
Event: 15.608 Thread 0x000001c9d257e270 Exception <a 'java/lang/ClassNotFoundException'{0x00000000a3dadf90}: org/springframework/cloud/context/scope/GenericScope$LockedScopedProxyFactoryBeanCustomizer> (0x00000000a3dadf90) 
thrown [s\open\src\hotspot\share\classfile\systemDictionary.cpp, line 305]
Event: 15.610 Thread 0x000001c9d257e270 Exception <a 'java/lang/ClassNotFoundException'{0x00000000a3dc0928}: org/aopalliance/intercept/MethodInterceptorCustomizer> (0x00000000a3dc0928) 
thrown [s\open\src\hotspot\share\classfile\systemDictionary.cpp, line 305]
Event: 15.611 Thread 0x000001c9d257e270 Exception <a 'java/lang/ClassNotFoundException'{0x00000000a3dc5b10}: org/aopalliance/intercept/InterceptorCustomizer> (0x00000000a3dc5b10) 
thrown [s\open\src\hotspot\share\classfile\systemDictionary.cpp, line 305]
Event: 15.611 Thread 0x000001c9d257e270 Exception <a 'java/lang/ClassNotFoundException'{0x00000000a3dc9e50}: org/aopalliance/aop/AdviceCustomizer> (0x00000000a3dc9e50) 
thrown [s\open\src\hotspot\share\classfile\systemDictionary.cpp, line 305]
Event: 15.611 Thread 0x000001c9d257e270 Exception <a 'java/lang/ClassNotFoundException'{0x00000000a3dce7f0}: org/springframework/beans/factory/FactoryBeanCustomizer> (0x00000000a3dce7f0) 
thrown [s\open\src\hotspot\share\classfile\systemDictionary.cpp, line 305]
Event: 15.612 Thread 0x000001c9d257e270 Exception <a 'java/lang/ClassNotFoundException'{0x00000000a3dd72f8}: org/springframework/beans/factory/BeanFactoryAwareCustomizer> (0x00000000a3dd72f8) 
thrown [s\open\src\hotspot\share\classfile\systemDictionary.cpp, line 305]
Event: 15.613 Thread 0x000001c9d257e270 Exception <a 'java/lang/ClassNotFoundException'{0x00000000a3ddce50}: org/springframework/beans/factory/AwareCustomizer> (0x00000000a3ddce50) 
thrown [s\open\src\hotspot\share\classfile\systemDictionary.cpp, line 305]
Event: 15.613 Thread 0x000001c9d257e270 Exception <a 'java/lang/ClassNotFoundException'{0x00000000a3de1858}: org/springframework/aop/framework/AopInfrastructureBeanCustomizer> (0x00000000a3de1858) 
thrown [s\open\src\hotspot\share\classfile\systemDictionary.cpp, line 305]

VM Operations (20 events):
Event: 12.481 Executing VM operation: HandshakeAllThreads
Event: 12.481 Executing VM operation: HandshakeAllThreads done
Event: 13.285 Executing VM operation: HandshakeAllThreads
Event: 13.285 Executing VM operation: HandshakeAllThreads done
Event: 13.306 Executing VM operation: HandshakeAllThreads
Event: 13.306 Executing VM operation: HandshakeAllThreads done
Event: 13.676 Executing VM operation: HandshakeAllThreads
Event: 13.676 Executing VM operation: HandshakeAllThreads done
Event: 13.676 Executing VM operation: Cleanup
Event: 13.676 Executing VM operation: Cleanup done
Event: 13.680 Executing VM operation: HandshakeAllThreads
Event: 13.680 Executing VM operation: HandshakeAllThreads done
Event: 14.051 Executing VM operation: HandshakeAllThreads
Event: 14.051 Executing VM operation: HandshakeAllThreads done
Event: 14.243 Executing VM operation: G1CollectForAllocation
Event: 14.248 Executing VM operation: G1CollectForAllocation done
Event: 14.317 Executing VM operation: HandshakeAllThreads
Event: 14.317 Executing VM operation: HandshakeAllThreads done
Event: 15.320 Executing VM operation: Cleanup
Event: 15.320 Executing VM operation: Cleanup done

Events (20 events):
Event: 2.107 Thread 0x000001c9e6932320 Thread added: 0x000001c9e6932320
Event: 2.107 Thread 0x000001c9e6932870 Thread added: 0x000001c9e6932870
Event: 3.007 Thread 0x000001c9e6aa2bd0 Thread added: 0x000001c9e6aa2bd0
Event: 3.007 Thread 0x000001c9e6aa73e0 Thread added: 0x000001c9e6aa73e0
Event: 3.481 Thread 0x000001c9e6b0bb10 Thread added: 0x000001c9e6b0bb10
Event: 4.639 Thread 0x000001c9e6ff9640 Thread added: 0x000001c9e6ff9640
Event: 5.703 Thread 0x000001c9e6aa2bd0 Thread exited: 0x000001c9e6aa2bd0
Event: 5.703 Thread 0x000001c9e6aa73e0 Thread exited: 0x000001c9e6aa73e0
Event: 5.703 Thread 0x000001c9e64acf50 Thread exited: 0x000001c9e64acf50
Event: 6.425 Thread 0x000001c9e75afb90 Thread added: 0x000001c9e75afb90
Event: 6.615 Thread 0x000001c9e760a0a0 Thread added: 0x000001c9e760a0a0
Event: 7.971 Thread 0x000001c9e7875a90 Thread added: 0x000001c9e7875a90
Event: 8.019 Thread 0x000001c9e7875a90 Thread exited: 0x000001c9e7875a90
Event: 8.521 Thread 0x000001c9e75b0120 Thread added: 0x000001c9e75b0120
Event: 8.537 Thread 0x000001c9e760a0a0 Thread exited: 0x000001c9e760a0a0
Event: 9.186 Thread 0x000001c9e6ff9640 Thread exited: 0x000001c9e6ff9640
Event: 12.201 Thread 0x000001c9e7e86770 Thread added: 0x000001c9e7e86770
Event: 12.204 Thread 0x000001c9e7e86cc0 Thread added: 0x000001c9e7e86cc0
Event: 12.217 Thread 0x000001c9e7795830 Thread added: 0x000001c9e7795830
Event: 14.581 Thread 0x000001c9e7e86090 Thread added: 0x000001c9e7e86090


Dynamic libraries:
0x00007ff71be00000 - 0x00007ff71be0e000 	C:\Users\Sk09\.jdks\openjdk-20\bin\java.exe
0x00007ffa47130000 - 0x00007ffa47328000 	C:\Windows\SYSTEM32\ntdll.dll
0x00007ffa46c30000 - 0x00007ffa46cef000 	C:\Windows\System32\KERNEL32.DLL
0x00007ffa44a60000 - 0x00007ffa44d3a000 	C:\Windows\System32\KERNELBASE.dll
0x00007ffa44fa0000 - 0x00007ffa450a0000 	C:\Windows\System32\ucrtbase.dll
0x00007ffa12c60000 - 0x00007ffa12c7b000 	C:\Users\Sk09\.jdks\openjdk-20\bin\VCRUNTIME140.dll
0x00007ffa12c40000 - 0x00007ffa12c57000 	C:\Users\Sk09\.jdks\openjdk-20\bin\jli.dll
0x00007ffa46220000 - 0x00007ffa463bd000 	C:\Windows\System32\USER32.dll
0x00007ffa450a0000 - 0x00007ffa450c2000 	C:\Windows\System32\win32u.dll
0x00007ffa25f60000 - 0x00007ffa261fa000 	C:\Windows\WinSxS\amd64_microsoft.windows.common-controls_6595b64144ccf1df_6.0.19041.1110_none_60b5254171f9507e\COMCTL32.dll
0x00007ffa466c0000 - 0x00007ffa466eb000 	C:\Windows\System32\GDI32.dll
0x00007ffa44840000 - 0x00007ffa44950000 	C:\Windows\System32\gdi32full.dll
0x00007ffa449c0000 - 0x00007ffa44a5d000 	C:\Windows\System32\msvcp_win.dll
0x00007ffa46500000 - 0x00007ffa4659e000 	C:\Windows\System32\msvcrt.dll
0x00007ffa45620000 - 0x00007ffa45650000 	C:\Windows\System32\IMM32.DLL
0x00007ffa0b750000 - 0x00007ffa0b75c000 	C:\Users\Sk09\.jdks\openjdk-20\bin\vcruntime140_1.dll
0x00007ffa0b6c0000 - 0x00007ffa0b74e000 	C:\Users\Sk09\.jdks\openjdk-20\bin\msvcp140.dll
0x00007ff9f4a50000 - 0x00007ff9f56e7000 	C:\Users\Sk09\.jdks\openjdk-20\bin\server\jvm.dll
0x00007ffa452b0000 - 0x00007ffa4535e000 	C:\Windows\System32\ADVAPI32.dll
0x00007ffa458d0000 - 0x00007ffa4596c000 	C:\Windows\System32\sechost.dll
0x00007ffa45360000 - 0x00007ffa45486000 	C:\Windows\System32\RPCRT4.dll
0x00007ffa30270000 - 0x00007ffa30279000 	C:\Windows\SYSTEM32\WSOCK32.dll
0x00007ffa3a750000 - 0x00007ffa3a777000 	C:\Windows\SYSTEM32\WINMM.dll
0x00007ffa46bc0000 - 0x00007ffa46c2b000 	C:\Windows\System32\WS2_32.dll
0x00007ffa3ab90000 - 0x00007ffa3ab9a000 	C:\Windows\SYSTEM32\VERSION.dll
0x00007ffa43050000 - 0x00007ffa43062000 	C:\Windows\SYSTEM32\kernel.appcore.dll
0x00007ffa0b6b0000 - 0x00007ffa0b6ba000 	C:\Users\Sk09\.jdks\openjdk-20\bin\jimage.dll
0x00007ffa42c30000 - 0x00007ffa42e14000 	C:\Windows\SYSTEM32\DBGHELP.DLL
0x00007ffa343f0000 - 0x00007ffa34424000 	C:\Windows\SYSTEM32\dbgcore.DLL
0x00007ffa450d0000 - 0x00007ffa45152000 	C:\Windows\System32\bcryptPrimitives.dll
0x00007ffa34e60000 - 0x00007ffa34e6e000 	C:\Users\Sk09\.jdks\openjdk-20\bin\instrument.dll
0x00007ffa0b680000 - 0x00007ffa0b6a6000 	C:\Users\Sk09\.jdks\openjdk-20\bin\java.dll
0x00007ffa08980000 - 0x00007ffa08a57000 	C:\Users\Sk09\.jdks\openjdk-20\bin\jsvml.dll
0x00007ffa45970000 - 0x00007ffa460b4000 	C:\Windows\System32\SHELL32.dll
0x00007ffa423d0000 - 0x00007ffa42b63000 	C:\Windows\SYSTEM32\windows.storage.dll
0x00007ffa46d90000 - 0x00007ffa470e4000 	C:\Windows\System32\combase.dll
0x00007ffa442a0000 - 0x00007ffa442ce000 	C:\Windows\SYSTEM32\Wldp.dll
0x00007ffa46450000 - 0x00007ffa464fd000 	C:\Windows\System32\SHCORE.dll
0x00007ffa455c0000 - 0x00007ffa45615000 	C:\Windows\System32\shlwapi.dll
0x00007ffa44780000 - 0x00007ffa4479f000 	C:\Windows\SYSTEM32\profapi.dll
0x00007ffa08d80000 - 0x00007ffa08d98000 	C:\Users\Sk09\.jdks\openjdk-20\bin\zip.dll
0x00007ffa34640000 - 0x00007ffa34653000 	C:\Users\Sk09\.jdks\openjdk-20\bin\net.dll
0x00007ffa39d30000 - 0x00007ffa39e3a000 	C:\Windows\SYSTEM32\WINHTTP.dll
0x00007ffa44000000 - 0x00007ffa4406a000 	C:\Windows\system32\mswsock.dll
0x00007ffa34620000 - 0x00007ffa34636000 	C:\Users\Sk09\.jdks\openjdk-20\bin\nio.dll
0x00007ffa257d0000 - 0x00007ffa257ea000 	D:\IntelliJ IDEA 2023.1\bin\breakgen64.dll
0x00007ffa0b670000 - 0x00007ffa0b677000 	C:\Users\Sk09\.jdks\openjdk-20\bin\extnet.dll
0x00007ffa43cf0000 - 0x00007ffa43dbb000 	C:\Windows\SYSTEM32\DNSAPI.dll
0x00007ffa43ca0000 - 0x00007ffa43cdc000 	C:\Windows\SYSTEM32\IPHLPAPI.DLL
0x00007ffa465a0000 - 0x00007ffa465a8000 	C:\Windows\System32\NSI.dll
0x00007ffa37160000 - 0x00007ffa3716a000 	C:\Windows\System32\rasadhlp.dll
0x00007ffa37200000 - 0x00007ffa37280000 	C:\Windows\System32\fwpuclnt.dll
0x00007ffa45160000 - 0x00007ffa45187000 	C:\Windows\System32\bcrypt.dll
0x00007ffa3ba80000 - 0x00007ffa3ba8a000 	C:\Users\Sk09\.jdks\openjdk-20\bin\management.dll
0x00007ffa37b80000 - 0x00007ffa37b8b000 	C:\Users\Sk09\.jdks\openjdk-20\bin\management_ext.dll
0x00007ffa460c0000 - 0x00007ffa460c8000 	C:\Windows\System32\PSAPI.DLL
0x00007ffa441f0000 - 0x00007ffa44208000 	C:\Windows\SYSTEM32\CRYPTSP.dll
0x00007ffa43890000 - 0x00007ffa438c4000 	C:\Windows\system32\rsaenh.dll
0x00007ffa44700000 - 0x00007ffa4472e000 	C:\Windows\SYSTEM32\USERENV.dll
0x00007ffa44210000 - 0x00007ffa4421c000 	C:\Windows\SYSTEM32\CRYPTBASE.dll
0x00007ffa3ca60000 - 0x00007ffa3ca77000 	C:\Windows\SYSTEM32\dhcpcsvc6.DLL
0x00007ffa3ca40000 - 0x00007ffa3ca5d000 	C:\Windows\SYSTEM32\dhcpcsvc.DLL
0x00007ffa34280000 - 0x00007ffa34297000 	C:\Windows\system32\napinsp.dll
0x00007ffa34170000 - 0x00007ffa3418b000 	C:\Windows\system32\pnrpnsp.dll
0x00007ffa3f250000 - 0x00007ffa3f265000 	C:\Windows\system32\wshbth.dll
0x00007ffa3fcc0000 - 0x00007ffa3fcdd000 	C:\Windows\system32\NLAapi.dll
0x00007ffa269a0000 - 0x00007ffa269b2000 	C:\Windows\System32\winrnr.dll
0x00007ffa209e0000 - 0x00007ffa209f0000 	C:\Users\Sk09\.jdks\openjdk-20\bin\verify.dll
0x00007ffa37b70000 - 0x00007ffa37b7e000 	C:\Users\Sk09\.jdks\openjdk-20\bin\sunmscapi.dll
0x00007ffa44d90000 - 0x00007ffa44ee6000 	C:\Windows\System32\CRYPT32.dll
0x00007ffa44310000 - 0x00007ffa44338000 	C:\Windows\SYSTEM32\ncrypt.dll
0x00007ffa442d0000 - 0x00007ffa4430b000 	C:\Windows\SYSTEM32\NTASN1.dll

dbghelp: loaded successfully - version: 4.0.5 - missing functions: none
symbol engine: initialized successfully - sym options: 0x614 - pdb path: .;C:\Users\Sk09\.jdks\openjdk-20\bin;C:\Windows\SYSTEM32;C:\Windows\WinSxS\amd64_microsoft.windows.common-controls_6595b64144ccf1df_6.0.19041.1110_none_60b5254171f9507e;C:\Users\Sk09\.jdks\openjdk-20\bin\server;D:\IntelliJ IDEA 2023.1\bin

VM Arguments:
jvm_args: -XX:TieredStopAtLevel=1 -Dspring.output.ansi.enabled=always -Dcom.sun.management.jmxremote -Dspring.jmx.enabled=true -Dspring.liveBeansView.mbeanDomain -Dspring.application.admin.enabled=true -Dmanagement.endpoints.jmx.exposure.include=* -javaagent:D:\IntelliJ IDEA 2023.1\lib\idea_rt.jar=52928:D:\IntelliJ IDEA 2023.1\bin -Dfile.encoding=UTF-8 -Dsun.stdout.encoding=UTF-8 -Dsun.stderr.encoding=UTF-8 
java_command: com.Sk09Team.ConfigServer.ConfigServerApplication
java_class_path (initial): C:\Users\Sk09\Desktop\PFS\App_Reservation_Consultations\ConfigServer\target\classes;C:\Users\Sk09\.m2\repository\org\springframework\cloud\spring-cloud-config-server\3.1.3\spring-cloud-config-server-3.1.3.jar;C:\Users\Sk09\.m2\repository\org\springframework\cloud\spring-cloud-config-client\3.1.3\spring-cloud-config-client-3.1.3.jar;C:\Users\Sk09\.m2\repository\org\springframework\boot\spring-boot-autoconfigure\2.7.3\spring-boot-autoconfigure-2.7.3.jar;C:\Users\Sk09\.m2\repository\org\springframework\cloud\spring-cloud-commons\3.1.3\spring-cloud-commons-3.1.3.jar;C:\Users\Sk09\.m2\repository\org\springframework\cloud\spring-cloud-context\3.1.3\spring-cloud-context-3.1.3.jar;C:\Users\Sk09\.m2\repository\org\springframework\spring-web\5.3.22\spring-web-5.3.22.jar;C:\Users\Sk09\.m2\repository\org\springframework\spring-beans\5.3.22\spring-beans-5.3.22.jar;C:\Users\Sk09\.m2\repository\com\fasterxml\jackson\core\jackson-annotations\2.13.3\jackson-annotations-2.13.3.jar;C:\Users\Sk09\.m2\repository\com\fasterxml\jackson\core\jackson-databind\2.13.3\jackson-databind-2.13.3.jar;C:\Users\Sk09\.m2\repository\org\apache\httpcomponents\httpclient\4.5.13\httpclient-4.5.13.jar;C:\Users\Sk09\.m2\repository\commons-codec\commons-codec\1.15\commons-codec-1.15.jar;C:\Users\Sk09\.m2\repository\org\springframework\boot\spring-boot-starter-web\2.7.3\spring-boot-starter-web-2.7.3.jar;C:\Users\Sk09\.m2\repository\org\springframework\boot\spring-boot-starter-json\2.7.3\spring-boot-starter-json-2.7.3.jar;C:\Users\Sk09\.m2\repository\com\fasterxml\jackson\datatype\jackson-datatype-jdk8\2.13.3\jackson-datatype-jdk8-2.13.3.jar;C:\Users\Sk09\.m2\repository\com\fasterxml\jackson\datatype\jackson-datatype-jsr310\2.13.3\jackson-datatype-jsr310-2.13.3.jar;C:\Users\Sk09\.m2\repository\com\fasterxml\jackson\module\jackson-module-parameter-names\2.13.3\jackson-module-parameter-names-2.13.3.jar;C:\Users\Sk09\.m2\repository\org\springframework\boot\spring-boot-starter-tomcat\2.7.3\spring-boot-starter-tomcat-2.7.3.jar;C:\Users\Sk09\.m2\repository\org\apache\tomcat\embed\tomcat-embed-core\9.0.65\tomcat-embed-core-9.0.65.jar;C:\Users\Sk09\.m2\repository\org\apache\tomcat\embed\tomcat-embed-websocket\9.0.65\tomcat-embed-websocket-9.0.65.jar;C:\Users\Sk09\.m2\repository\org\springframework\spring-webmvc\5.3.22\spring-webmvc-5.3.22.jar;C:\Users\Sk09\.m2\repository\org\springframework\spring-aop\5.3.22\spring-aop-5.3.22.jar;C:\Users\Sk09\.m2\repository\org\springframework\spring-context\5.3.22\spring-context-5.3.22.jar;C:\Users\Sk09\.m2\repository\org\springframework\spring-expression\5.3.22\spring-expression-5.3.22.jar;C:\Users\Sk09\.m2\repository\org\springframework\boot\spring-boot-starter-validation\2.7.3\spring-boot-starter-validation-2.7.3.jar;C:\Users\Sk09\.m2\repository\org\apache\tomcat\embed\tomcat-embed-el\9.0.65\tomcat-embed-el-9.0.65.jar;C:\Users\Sk09\.m2\repository\org\hibernate\validator\hibernate-validator\6.2.4.Final\hibernate-validator-6.2.4.Final.jar;C:\Users\Sk09\.m2\repository\jakarta\validation\jakarta.validation-api\2.0.2\jakarta.validation-api-2.0.2.jar;C:\Users\Sk09\.m2\repository\org\jboss\logging\jboss-logging\3.4.3.Final\jboss-logging-3.4.3.Final.jar;C:\Users\Sk09\.m2\repository\com\fasterxml\classmate\1.5.1\classmate-1.5.1.jar;C:\Users\Sk09\.m2\repository\org\springframework\security\spring-security-crypto\5.7.3\spring-security-crypto-5.7.3.jar;C:\Users\Sk09\.m2\repository\org\springframework\security\spring-security-rsa\1.0.10.RELEASE\spring-security-rsa-1.0.10.RELEASE.jar;C:\Users\Sk09\.m2\repository\org\bouncycastle\bcpkix-jdk15on\1.68\bcpkix-jdk15on-1.68.jar;C:\Users\Sk09\.m2\repository\org\bouncycastle\bcprov-jdk15on\1.68\bcprov-jdk15on-1.68.jar;C:\Users\Sk09\.m2\repository\org\eclipse\jgit\org.eclipse.jgit\5.12.0.202106070339-r\org.eclipse.jgit-5.12.0.202106070339-r.jar;C:\Users\Sk09\.m2\repository\com\googlecode\javaewah\JavaEWAH\1.1.7\JavaEWAH-1.1.7.jar;C:\Users\Sk09\.m2\repository\org\slf4j\slf4j-api\1.7.36\slf4j-api-1.7.36.jar;C:\Users\Sk09\.m2\repository\org\eclipse\jgit\org.eclipse.jgit.http.apache\5.12.0.202106070339-r\org.eclipse.jgit.http.apache-5.12.0.202106070339-r.jar;C:\Users\Sk09\.m2\repository\org\apache\httpcomponents\httpcore\4.4.15\httpcore-4.4.15.jar;C:\Users\Sk09\.m2\repository\org\eclipse\jgit\org.eclipse.jgit.ssh.jsch\5.12.0.202106070339-r\org.eclipse.jgit.ssh.jsch-5.12.0.202106070339-r.jar;C:\Users\Sk09\.m2\repository\com\jcraft\jsch\0.1.55\jsch-0.1.55.jar;C:\Users\Sk09\.m2\repository\com\jcraft\jzlib\1.1.1\jzlib-1.1.1.jar;C:\Users\Sk09\.m2\repository\org\yaml\snakeyaml\1.30\snakeyaml-1.30.jar;C:\Users\Sk09\.m2\repository\com\fasterxml\jackson\dataformat\jackson-dataformat-yaml\2.13.3\jackson-dataformat-yaml-2.13.3.jar;C:\Users\Sk09\.m2\repository\com\fasterxml\jackson\core\jackson-core\2.13.3\jackson-core-2.13.3.jar;C:\Users\Sk09\.m2\repository\org\springframework\cloud\spring-cloud-starter-netflix-eureka-client\3.1.3\spring-cloud-starter-netflix-eureka-client-3.1.3.jar;C:\Users\Sk09\.m2\repository\org\springframework\cloud\spring-cloud-starter\3.1.3\spring-cloud-starter-3.1.3.jar;C:\Users\Sk09\.m2\repository\org\springframework\cloud\spring-cloud-netflix-eureka-client\3.1.3\spring-cloud-netflix-eureka-client-3.1.3.jar;C:\Users\Sk09\.m2\repository\com\netflix\eureka\eureka-client\1.10.17\eureka-client-1.10.17.jar;C:\Users\Sk09\.m2\repository\com\netflix\netflix-commons\netflix-eventbus\0.3.0\netflix-eventbus-0.3.0.jar;C:\Users\Sk09\.m2\repository\com\netflix\netflix-commons\netflix-infix\0.3.0\netflix-infix-0.3.0.jar;C:\Users\Sk09\.m2\repository\commons-jxpath\commons-jxpath\1.3\commons-jxpath-1.3.jar;C:\Users\Sk09\.m2\repository\joda-time\joda-time\2.3\joda-time-2.3.jar;C:\Users\Sk09\.m2\repository\org\antlr\antlr-runtime\3.4\antlr-runtime-3.4.jar;C:\Users\Sk09\.m2\repository\org\antlr\stringtemplate\3.2.1\stringtemplate-3.2.1.jar;C:\Users\Sk09\.m2\repository\antlr\antlr\2.7.7\antlr-2.7.7.jar;C:\Users\Sk09\.m2\repository\com\google\code\gson\gson\2.9.1\gson-2.9.1.jar;C:\Users\Sk09\.m2\repository\org\apache\commons\commons-math\2.2\commons-math-2.2.jar;C:\Users\Sk09\.m2\repository\com\thoughtworks\xstream\xstream\1.4.18\xstream-1.4.18.jar;C:\Users\Sk09\.m2\repository\io\github\x-stream\mxparser\1.2.2\mxparser-1.2.2.jar;C:\Users\Sk09\.m2\repository\xmlpull\xmlpull\1.1.3.1\xmlpull-1.1.3.1.jar;C:\Users\Sk09\.m2\repository\javax\ws\rs\jsr311-api\1.1.1\jsr311-api-1.1.1.jar;C:\Users\Sk09\.m2\repository\com\netflix\servo\servo-core\0.12.21\servo-core-0.12.21.jar;C:\Users\Sk09\.m2\repository\com\google\guava\guava\19.0\guava-19.0.jar;C:\Users\Sk09\.m2\repository\commons-configuration\commons-configuration\1.10\commons-configuration-1.10.jar;C:\Users\Sk09\.m2\repository\commons-lang\commons-lang\2.6\commons-lang-2.6.jar;C:\Users\Sk09\.m2\repository\com\google\inject\guice\4.1.0\guice-4.1.0.jar;C:\Users\Sk09\.m2\repository\javax\inject\javax.inject\1\javax.inject-1.jar;C:\Users\Sk09\.m2\repository\org\codehaus\jettison\jettison\1.4.0\jettison-1.4.0.jar;C:\Users\Sk09\.m2\repository\com\netflix\eureka\eureka-core\1.10.17\eureka-core-1.10.17.jar;C:\Users\Sk09\.m2\repository\com\fasterxml\woodstox\woodstox-core\6.2.1\woodstox-core-6.2.1.jar;C:\Users\Sk09\.m2\repository\org\codehaus\woodstox\stax2-api\4.2.1\stax2-api-4.2.1.jar;C:\Users\Sk09\.m2\repository\org\springframework\cloud\spring-cloud-starter-loadbalancer\3.1.3\spring-cloud-starter-loadbalancer-3.1.3.jar;C:\Users\Sk09\.m2\repository\org\springframework\cloud\spring-cloud-loadbalancer\3.1.3\spring-cloud-loadbalancer-3.1.3.jar;C:\Users\Sk09\.m2\repository\io\projectreactor\reactor-core\3.4.22\reactor-core-3.4.22.jar;C:\Users\Sk09\.m2\repository\org\reactivestreams\reactive-streams\1.0.4\reactive-streams-1.0.4.jar;C:\Users\Sk09\.m2\repository\io\projectreactor\addons\reactor-extra\3.4.8\reactor-extra-3.4.8.jar;C:\Users\Sk09\.m2\repository\org\springframework\boot\spring-boot-starter-cache\2.7.3\spring-boot-starter-cache-2.7.3.jar;C:\Users\Sk09\.m2\repository\org\springframework\spring-context-support\5.3.22\spring-context-support-5.3.22.jar;C:\Users\Sk09\.m2\repository\com\stoyanr\evictor\1.0.0\evictor-1.0.0.jar;C:\Users\Sk09\.m2\repository\org\springframework\boot\spring-boot-starter\2.7.3\spring-boot-starter-2.7.3.jar;C:\Users\Sk09\.m2\repository\org\springframework\boot\spring-boot\2.7.3\spring-boot-2.7.3.jar;C:\Users\Sk09\.m2\repository\org\springframework\boot\spring-boot-starter-logging\2.7.3\spring-boot-starter-logging-2.7.3.jar;C:\Users\Sk09\.m2\repository\ch\qos\logback\logback-classic\1.2.11\logback-classic-1.2.11.jar;C:\Users\Sk09\.m2\repository\ch\qos\logback\logback-core\1.2.11\logback-core-1.2.11.jar;C:\Users\Sk09\.m2\repository\org\apache\logging\log4j\log4j-to-slf4j\2.17.2\log4j-to-slf4j-2.17.2.jar;C:\Users\Sk09\.m2\repository\org\apache\logging\log4j\log4j-api\2.17.2\log4j-api-2.17.2.jar;C:\Users\Sk09\.m2\repository\org\slf4j\jul-to-slf4j\1.7.36\jul-to-slf4j-1.7.36.jar;C:\Users\Sk09\.m2\repository\jakarta\annotation\jakarta.annotation-api\1.3.5\jakarta.annotation-api-1.3.5.jar;C:\Users\Sk09\.m2\repository\org\springframework\spring-core\5.3.22\spring-core-5.3.22.jar;C:\Users\Sk09\.m2\repository\org\springframework\spring-jcl\5.3.22\spring-jcl-5.3.22.jar
Launcher Type: SUN_STANDARD

[Global flags]
     intx CICompilerCount                          = 4                                         {product} {ergonomic}
     uint ConcGCThreads                            = 2                                         {product} {ergonomic}
     uint G1ConcRefinementThreads                  = 8                                         {product} {ergonomic}
   size_t G1HeapRegionSize                         = 1048576                                   {product} {ergonomic}
    uintx GCDrainStackTargetSize                   = 64                                        {product} {ergonomic}
   size_t InitialHeapSize                          = 100663296                                 {product} {ergonomic}
     bool ManagementServer                         = true                                      {product} {command line}
   size_t MarkStackSize                            = 4194304                                   {product} {ergonomic}
   size_t MaxHeapSize                              = 1598029824                                {product} {ergonomic}
   size_t MaxNewSize                               = 958398464                                 {product} {ergonomic}
   size_t MinHeapDeltaBytes                        = 1048576                                   {product} {ergonomic}
   size_t MinHeapSize                              = 8388608                                   {product} {ergonomic}
    uintx NonProfiledCodeHeapSize                  = 0                                      {pd product} {ergonomic}
     bool ProfileInterpreter                       = false                                  {pd product} {command line}
    uintx ProfiledCodeHeapSize                     = 0                                      {pd product} {ergonomic}
   size_t SoftMaxHeapSize                          = 1598029824                             {manageable} {ergonomic}
     intx TieredStopAtLevel                        = 1                                         {product} {command line}
     bool UseCompressedClassPointers               = true                           {product lp64_product} {ergonomic}
     bool UseCompressedOops                        = true                           {product lp64_product} {ergonomic}
     bool UseG1GC                                  = true                                      {product} {ergonomic}
     bool UseLargePagesIndividualAllocation        = false                                  {pd product} {ergonomic}

Logging:
Log output configuration:
 #0: stdout all=warning uptime,level,tags foldmultilines=false
 #1: stderr all=off uptime,level,tags foldmultilines=false

Environment Variables:
JAVA_HOME=C:\Program Files\Java\jdk-11.0.17
PATH=C:\app\Sk09\product\21c\dbhomeXE\bin;E:\21c\dbhomeXE\bin;C:\Program Files\Common Files\Oracle\Java\javapath;C:\Program Files (x86)\VMware\VMware Player\bin\;C:\Windows\system32;C:\Windows;C:\Windows\System32\Wbem;C:\Windows\System32\WindowsPowerShell\v1.0\;C:\Windows\System32\OpenSSH\;C:\Program Files (x86)\NVIDIA Corporation\PhysX\Common;E:\Git\cmd;D:\;C:\terraform;;C:\Program Files\Docker\Docker\resources\bin;C:\Program Files\Common Files\Oracle\Java\javapath;C:\Program Files (x86)\VMware\VMware Player\bin\;C:\Windows\system32;C:\Windows;C:\Windows\System32\Wbem;C:\Windows\System32\WindowsPowerShell\v1.0\;C:\Windows\System32\OpenSSH\;C:\Program Files (x86)\NVIDIA Corporation\PhysX\Common;E:\Git\cmd;D:\;C:\terraform;C:\Users\Sk09\AppData\Local\Microsoft\WindowsApps;C:\Users\Sk09\AppData\Roaming\npm;C:\Users\Sk09\AppData\Local\Programs\Microsoft VS Code\bin;C:\ChromeWebDriver
USERNAME=Sk09
OS=Windows_NT
PROCESSOR_IDENTIFIER=AMD64 Family 23 Model 24 Stepping 1, AuthenticAMD
TMP=C:\Users\Sk09\AppData\Local\Temp
TEMP=C:\Users\Sk09\AppData\Local\Temp




---------------  S Y S T E M  ---------------

OS:
 Windows 10 , 64 bit Build 19041 (10.0.19041.2788)
OS uptime: 0 days 0:26 hours
Hyper-V role detected

CPU: total 8 (initial active 8) (8 cores per cpu, 2 threads per core) family 23 model 24 stepping 1 microcode 0x0, cx8, cmov, fxsr, ht, mmx, 3dnowpref, sse, sse2, sse3, ssse3, sse4a, sse4.1, sse4.2, popcnt, lzcnt, tsc, tscinvbit, avx, avx2, aes, clmul, bmi1, bmi2, adx, sha, fma, vzeroupper, clflush, clflushopt, hv, rdtscp, f16c

Memory: 4k page, system-wide physical 6091M (237M free)
TotalPageFile size 15091M (AvailPageFile size 1M)
current process WorkingSet (physical memory assigned to process): 142M, peak: 143M
current process commit charge ("private bytes"): 187M, peak: 213M

vm_info: OpenJDK 64-Bit Server VM (20+36-2344) for windows-amd64 JRE (20+36-2344), built on 2023-02-10T19:30:15Z by "mach5one" with MS VC++ 17.1 (VS2022)

END.
